[0.105s] DEBUG:colcon:Command line arguments: ['/usr/bin/colcon', 'build']
[0.105s] DEBUG:colcon:Parsed command line arguments: Namespace(log_base=None, log_level=None, verb_name='build', build_base='build', install_base='install', merge_install=False, symlink_install=False, test_result_base=None, continue_on_error=False, executor='parallel', parallel_workers=2, event_handlers=None, ignore_user_meta=False, metas=['./colcon.meta'], base_paths=['.'], packages_ignore=None, packages_ignore_regex=None, paths=None, packages_up_to=None, packages_up_to_regex=None, packages_above=None, packages_above_and_dependencies=None, packages_above_depth=None, packages_select_by_dep=None, packages_skip_by_dep=None, packages_skip_up_to=None, packages_select_build_failed=False, packages_skip_build_finished=False, packages_select_test_failures=False, packages_skip_test_passed=False, packages_select=None, packages_skip=None, packages_select_regex=None, packages_skip_regex=None, packages_start=None, packages_end=None, allow_overriding=[], cmake_args=None, cmake_target=None, cmake_target_skip_unavailable=False, cmake_clean_cache=False, cmake_clean_first=False, cmake_force_configure=False, ament_cmake_args=None, catkin_cmake_args=None, catkin_skip_building_tests=False, verb_parser=<colcon_defaults.argument_parser.defaults.DefaultArgumentsDecorator object at 0x79bfe87e3520>, verb_extension=<colcon_core.verb.build.BuildVerb object at 0x79bfe89d0ac0>, main=<bound method BuildVerb.main of <colcon_core.verb.build.BuildVerb object at 0x79bfe89d0ac0>>)
[0.297s] Level 1:colcon.colcon_core.package_discovery:discover_packages(colcon_meta) check parameters
[0.297s] Level 1:colcon.colcon_core.package_discovery:discover_packages(recursive) check parameters
[0.297s] Level 1:colcon.colcon_core.package_discovery:discover_packages(ignore) check parameters
[0.297s] Level 1:colcon.colcon_core.package_discovery:discover_packages(path) check parameters
[0.297s] Level 1:colcon.colcon_core.package_discovery:discover_packages(colcon_meta) discover
[0.297s] Level 1:colcon.colcon_core.package_discovery:discover_packages(recursive) discover
[0.297s] INFO:colcon.colcon_core.package_discovery:Crawling recursively for packages in '/home/fvc/ros2_ws'
[0.297s] Level 1:colcon.colcon_core.package_identification:_identify(.) by extensions ['ignore', 'ignore_ament_install']
[0.297s] Level 1:colcon.colcon_core.package_identification:_identify(.) by extension 'ignore'
[0.297s] Level 1:colcon.colcon_core.package_identification:_identify(.) by extension 'ignore_ament_install'
[0.298s] Level 1:colcon.colcon_core.package_identification:_identify(.) by extensions ['colcon_pkg']
[0.298s] Level 1:colcon.colcon_core.package_identification:_identify(.) by extension 'colcon_pkg'
[0.298s] Level 1:colcon.colcon_core.package_identification:_identify(.) by extensions ['colcon_meta']
[0.298s] Level 1:colcon.colcon_core.package_identification:_identify(.) by extension 'colcon_meta'
[0.298s] Level 1:colcon.colcon_core.package_identification:_identify(.) by extensions ['ros']
[0.298s] Level 1:colcon.colcon_core.package_identification:_identify(.) by extension 'ros'
[0.319s] Level 1:colcon.colcon_core.package_identification:_identify(.) by extensions ['cmake', 'python']
[0.319s] Level 1:colcon.colcon_core.package_identification:_identify(.) by extension 'cmake'
[0.319s] Level 1:colcon.colcon_core.package_identification:_identify(.) by extension 'python'
[0.319s] Level 1:colcon.colcon_core.package_identification:_identify(.) by extensions ['python_setup_py']
[0.319s] Level 1:colcon.colcon_core.package_identification:_identify(.) by extension 'python_setup_py'
[0.319s] Level 1:colcon.colcon_core.package_identification:_identify(build) by extensions ['ignore', 'ignore_ament_install']
[0.319s] Level 1:colcon.colcon_core.package_identification:_identify(build) by extension 'ignore'
[0.319s] Level 1:colcon.colcon_core.package_identification:_identify(build) ignored
[0.320s] Level 1:colcon.colcon_core.package_identification:_identify(install) by extensions ['ignore', 'ignore_ament_install']
[0.320s] Level 1:colcon.colcon_core.package_identification:_identify(install) by extension 'ignore'
[0.320s] Level 1:colcon.colcon_core.package_identification:_identify(install) ignored
[0.320s] Level 1:colcon.colcon_core.package_identification:_identify(log) by extensions ['ignore', 'ignore_ament_install']
[0.320s] Level 1:colcon.colcon_core.package_identification:_identify(log) by extension 'ignore'
[0.320s] Level 1:colcon.colcon_core.package_identification:_identify(log) ignored
[0.320s] Level 1:colcon.colcon_core.package_identification:_identify(src) by extensions ['ignore', 'ignore_ament_install']
[0.320s] Level 1:colcon.colcon_core.package_identification:_identify(src) by extension 'ignore'
[0.320s] Level 1:colcon.colcon_core.package_identification:_identify(src) by extension 'ignore_ament_install'
[0.320s] Level 1:colcon.colcon_core.package_identification:_identify(src) by extensions ['colcon_pkg']
[0.320s] Level 1:colcon.colcon_core.package_identification:_identify(src) by extension 'colcon_pkg'
[0.321s] Level 1:colcon.colcon_core.package_identification:_identify(src) by extensions ['colcon_meta']
[0.321s] Level 1:colcon.colcon_core.package_identification:_identify(src) by extension 'colcon_meta'
[0.321s] Level 1:colcon.colcon_core.package_identification:_identify(src) by extensions ['ros']
[0.321s] Level 1:colcon.colcon_core.package_identification:_identify(src) by extension 'ros'
[0.321s] Level 1:colcon.colcon_core.package_identification:_identify(src) by extensions ['cmake', 'python']
[0.321s] Level 1:colcon.colcon_core.package_identification:_identify(src) by extension 'cmake'
[0.321s] Level 1:colcon.colcon_core.package_identification:_identify(src) by extension 'python'
[0.321s] Level 1:colcon.colcon_core.package_identification:_identify(src) by extensions ['python_setup_py']
[0.321s] Level 1:colcon.colcon_core.package_identification:_identify(src) by extension 'python_setup_py'
[0.321s] Level 1:colcon.colcon_core.package_identification:_identify(src/local_mapper) by extensions ['ignore', 'ignore_ament_install']
[0.321s] Level 1:colcon.colcon_core.package_identification:_identify(src/local_mapper) by extension 'ignore'
[0.322s] Level 1:colcon.colcon_core.package_identification:_identify(src/local_mapper) by extension 'ignore_ament_install'
[0.322s] Level 1:colcon.colcon_core.package_identification:_identify(src/local_mapper) by extensions ['colcon_pkg']
[0.322s] Level 1:colcon.colcon_core.package_identification:_identify(src/local_mapper) by extension 'colcon_pkg'
[0.322s] Level 1:colcon.colcon_core.package_identification:_identify(src/local_mapper) by extensions ['colcon_meta']
[0.322s] Level 1:colcon.colcon_core.package_identification:_identify(src/local_mapper) by extension 'colcon_meta'
[0.322s] Level 1:colcon.colcon_core.package_identification:_identify(src/local_mapper) by extensions ['ros']
[0.322s] Level 1:colcon.colcon_core.package_identification:_identify(src/local_mapper) by extension 'ros'
[0.322s] Level 1:colcon.colcon_core.package_identification:_identify(src/local_mapper) by extensions ['cmake', 'python']
[0.322s] Level 1:colcon.colcon_core.package_identification:_identify(src/local_mapper) by extension 'cmake'
[0.322s] Level 1:colcon.colcon_core.package_identification:_identify(src/local_mapper) by extension 'python'
[0.322s] Level 1:colcon.colcon_core.package_identification:_identify(src/local_mapper) by extensions ['python_setup_py']
[0.322s] Level 1:colcon.colcon_core.package_identification:_identify(src/local_mapper) by extension 'python_setup_py'
[0.323s] Level 1:colcon.colcon_core.package_identification:_identify(src/local_mapper/include) by extensions ['ignore', 'ignore_ament_install']
[0.323s] Level 1:colcon.colcon_core.package_identification:_identify(src/local_mapper/include) by extension 'ignore'
[0.323s] Level 1:colcon.colcon_core.package_identification:_identify(src/local_mapper/include) by extension 'ignore_ament_install'
[0.323s] Level 1:colcon.colcon_core.package_identification:_identify(src/local_mapper/include) by extensions ['colcon_pkg']
[0.323s] Level 1:colcon.colcon_core.package_identification:_identify(src/local_mapper/include) by extension 'colcon_pkg'
[0.323s] Level 1:colcon.colcon_core.package_identification:_identify(src/local_mapper/include) by extensions ['colcon_meta']
[0.323s] Level 1:colcon.colcon_core.package_identification:_identify(src/local_mapper/include) by extension 'colcon_meta'
[0.323s] Level 1:colcon.colcon_core.package_identification:_identify(src/local_mapper/include) by extensions ['ros']
[0.323s] Level 1:colcon.colcon_core.package_identification:_identify(src/local_mapper/include) by extension 'ros'
[0.323s] Level 1:colcon.colcon_core.package_identification:_identify(src/local_mapper/include) by extensions ['cmake', 'python']
[0.323s] Level 1:colcon.colcon_core.package_identification:_identify(src/local_mapper/include) by extension 'cmake'
[0.324s] Level 1:colcon.colcon_core.package_identification:_identify(src/local_mapper/include) by extension 'python'
[0.324s] Level 1:colcon.colcon_core.package_identification:_identify(src/local_mapper/include) by extensions ['python_setup_py']
[0.324s] Level 1:colcon.colcon_core.package_identification:_identify(src/local_mapper/include) by extension 'python_setup_py'
[0.324s] Level 1:colcon.colcon_core.package_identification:_identify(src/local_mapper/include/local_mapper) by extensions ['ignore', 'ignore_ament_install']
[0.324s] Level 1:colcon.colcon_core.package_identification:_identify(src/local_mapper/include/local_mapper) by extension 'ignore'
[0.324s] Level 1:colcon.colcon_core.package_identification:_identify(src/local_mapper/include/local_mapper) by extension 'ignore_ament_install'
[0.324s] Level 1:colcon.colcon_core.package_identification:_identify(src/local_mapper/include/local_mapper) by extensions ['colcon_pkg']
[0.324s] Level 1:colcon.colcon_core.package_identification:_identify(src/local_mapper/include/local_mapper) by extension 'colcon_pkg'
[0.324s] Level 1:colcon.colcon_core.package_identification:_identify(src/local_mapper/include/local_mapper) by extensions ['colcon_meta']
[0.324s] Level 1:colcon.colcon_core.package_identification:_identify(src/local_mapper/include/local_mapper) by extension 'colcon_meta'
[0.324s] Level 1:colcon.colcon_core.package_identification:_identify(src/local_mapper/include/local_mapper) by extensions ['ros']
[0.324s] Level 1:colcon.colcon_core.package_identification:_identify(src/local_mapper/include/local_mapper) by extension 'ros'
[0.325s] Level 1:colcon.colcon_core.package_identification:_identify(src/local_mapper/include/local_mapper) by extensions ['cmake', 'python']
[0.325s] Level 1:colcon.colcon_core.package_identification:_identify(src/local_mapper/include/local_mapper) by extension 'cmake'
[0.325s] Level 1:colcon.colcon_core.package_identification:_identify(src/local_mapper/include/local_mapper) by extension 'python'
[0.325s] Level 1:colcon.colcon_core.package_identification:_identify(src/local_mapper/include/local_mapper) by extensions ['python_setup_py']
[0.325s] Level 1:colcon.colcon_core.package_identification:_identify(src/local_mapper/include/local_mapper) by extension 'python_setup_py'
[0.325s] Level 1:colcon.colcon_core.package_identification:_identify(src/local_mapper/src) by extensions ['ignore', 'ignore_ament_install']
[0.325s] Level 1:colcon.colcon_core.package_identification:_identify(src/local_mapper/src) by extension 'ignore'
[0.325s] Level 1:colcon.colcon_core.package_identification:_identify(src/local_mapper/src) by extension 'ignore_ament_install'
[0.325s] Level 1:colcon.colcon_core.package_identification:_identify(src/local_mapper/src) by extensions ['colcon_pkg']
[0.325s] Level 1:colcon.colcon_core.package_identification:_identify(src/local_mapper/src) by extension 'colcon_pkg'
[0.325s] Level 1:colcon.colcon_core.package_identification:_identify(src/local_mapper/src) by extensions ['colcon_meta']
[0.325s] Level 1:colcon.colcon_core.package_identification:_identify(src/local_mapper/src) by extension 'colcon_meta'
[0.326s] Level 1:colcon.colcon_core.package_identification:_identify(src/local_mapper/src) by extensions ['ros']
[0.326s] Level 1:colcon.colcon_core.package_identification:_identify(src/local_mapper/src) by extension 'ros'
[0.326s] Level 1:colcon.colcon_core.package_identification:_identify(src/local_mapper/src) by extensions ['cmake', 'python']
[0.326s] Level 1:colcon.colcon_core.package_identification:_identify(src/local_mapper/src) by extension 'cmake'
[0.326s] Level 1:colcon.colcon_core.package_identification:_identify(src/local_mapper/src) by extension 'python'
[0.326s] Level 1:colcon.colcon_core.package_identification:_identify(src/local_mapper/src) by extensions ['python_setup_py']
[0.326s] Level 1:colcon.colcon_core.package_identification:_identify(src/local_mapper/src) by extension 'python_setup_py'
[0.326s] Level 1:colcon.colcon_core.package_identification:_identify(src/local_mapper/src/config) by extensions ['ignore', 'ignore_ament_install']
[0.326s] Level 1:colcon.colcon_core.package_identification:_identify(src/local_mapper/src/config) by extension 'ignore'
[0.327s] Level 1:colcon.colcon_core.package_identification:_identify(src/local_mapper/src/config) by extension 'ignore_ament_install'
[0.327s] Level 1:colcon.colcon_core.package_identification:_identify(src/local_mapper/src/config) by extensions ['colcon_pkg']
[0.327s] Level 1:colcon.colcon_core.package_identification:_identify(src/local_mapper/src/config) by extension 'colcon_pkg'
[0.327s] Level 1:colcon.colcon_core.package_identification:_identify(src/local_mapper/src/config) by extensions ['colcon_meta']
[0.327s] Level 1:colcon.colcon_core.package_identification:_identify(src/local_mapper/src/config) by extension 'colcon_meta'
[0.327s] Level 1:colcon.colcon_core.package_identification:_identify(src/local_mapper/src/config) by extensions ['ros']
[0.327s] Level 1:colcon.colcon_core.package_identification:_identify(src/local_mapper/src/config) by extension 'ros'
[0.327s] Level 1:colcon.colcon_core.package_identification:_identify(src/local_mapper/src/config) by extensions ['cmake', 'python']
[0.327s] Level 1:colcon.colcon_core.package_identification:_identify(src/local_mapper/src/config) by extension 'cmake'
[0.327s] Level 1:colcon.colcon_core.package_identification:_identify(src/local_mapper/src/config) by extension 'python'
[0.327s] Level 1:colcon.colcon_core.package_identification:_identify(src/local_mapper/src/config) by extensions ['python_setup_py']
[0.327s] Level 1:colcon.colcon_core.package_identification:_identify(src/local_mapper/src/config) by extension 'python_setup_py'
[0.327s] Level 1:colcon.colcon_core.package_identification:_identify(src/local_mapper/src/local_mapper) by extensions ['ignore', 'ignore_ament_install']
[0.328s] Level 1:colcon.colcon_core.package_identification:_identify(src/local_mapper/src/local_mapper) by extension 'ignore'
[0.328s] Level 1:colcon.colcon_core.package_identification:_identify(src/local_mapper/src/local_mapper) by extension 'ignore_ament_install'
[0.328s] Level 1:colcon.colcon_core.package_identification:_identify(src/local_mapper/src/local_mapper) by extensions ['colcon_pkg']
[0.328s] Level 1:colcon.colcon_core.package_identification:_identify(src/local_mapper/src/local_mapper) by extension 'colcon_pkg'
[0.328s] Level 1:colcon.colcon_core.package_identification:_identify(src/local_mapper/src/local_mapper) by extensions ['colcon_meta']
[0.328s] Level 1:colcon.colcon_core.package_identification:_identify(src/local_mapper/src/local_mapper) by extension 'colcon_meta'
[0.328s] Level 1:colcon.colcon_core.package_identification:_identify(src/local_mapper/src/local_mapper) by extensions ['ros']
[0.328s] Level 1:colcon.colcon_core.package_identification:_identify(src/local_mapper/src/local_mapper) by extension 'ros'
[0.332s] DEBUG:colcon.colcon_core.package_identification:Package 'src/local_mapper/src/local_mapper' with type 'ros.ament_cmake' and name 'local_mapper'
[0.332s] Level 1:colcon.colcon_core.package_discovery:discover_packages(recursive) using defaults
[0.332s] Level 1:colcon.colcon_core.package_discovery:discover_packages(ignore) discover
[0.332s] Level 1:colcon.colcon_core.package_discovery:discover_packages(ignore) using defaults
[0.332s] Level 1:colcon.colcon_core.package_discovery:discover_packages(path) discover
[0.332s] Level 1:colcon.colcon_core.package_discovery:discover_packages(path) using defaults
[0.372s] Level 1:colcon.colcon_core.package_discovery:discover_packages(prefix_path) check parameters
[0.372s] Level 1:colcon.colcon_core.package_discovery:discover_packages(prefix_path) discover
[0.375s] DEBUG:colcon.colcon_installed_package_information.package_discovery:Found 322 installed packages in /opt/ros/humble
[0.406s] Level 1:colcon.colcon_core.package_discovery:discover_packages(prefix_path) using defaults
[0.461s] Level 5:colcon.colcon_core.verb:set package 'local_mapper' build argument 'cmake_args' from command line to 'None'
[0.462s] Level 5:colcon.colcon_core.verb:set package 'local_mapper' build argument 'cmake_target' from command line to 'None'
[0.462s] Level 5:colcon.colcon_core.verb:set package 'local_mapper' build argument 'cmake_target_skip_unavailable' from command line to 'False'
[0.462s] Level 5:colcon.colcon_core.verb:set package 'local_mapper' build argument 'cmake_clean_cache' from command line to 'False'
[0.462s] Level 5:colcon.colcon_core.verb:set package 'local_mapper' build argument 'cmake_clean_first' from command line to 'False'
[0.462s] Level 5:colcon.colcon_core.verb:set package 'local_mapper' build argument 'cmake_force_configure' from command line to 'False'
[0.462s] Level 5:colcon.colcon_core.verb:set package 'local_mapper' build argument 'ament_cmake_args' from command line to 'None'
[0.462s] Level 5:colcon.colcon_core.verb:set package 'local_mapper' build argument 'catkin_cmake_args' from command line to 'None'
[0.462s] Level 5:colcon.colcon_core.verb:set package 'local_mapper' build argument 'catkin_skip_building_tests' from command line to 'False'
[0.462s] DEBUG:colcon.colcon_core.verb:Building package 'local_mapper' with the following arguments: {'ament_cmake_args': None, 'build_base': '/home/fvc/ros2_ws/build/local_mapper', 'catkin_cmake_args': None, 'catkin_skip_building_tests': False, 'cmake_args': None, 'cmake_clean_cache': False, 'cmake_clean_first': False, 'cmake_force_configure': False, 'cmake_target': None, 'cmake_target_skip_unavailable': False, 'install_base': '/home/fvc/ros2_ws/install/local_mapper', 'merge_install': False, 'path': '/home/fvc/ros2_ws/src/local_mapper/src/local_mapper', 'symlink_install': False, 'test_result_base': None}
[0.462s] INFO:colcon.colcon_core.executor:Executing jobs using 'parallel' executor
[0.464s] DEBUG:colcon.colcon_parallel_executor.executor.parallel:run_until_complete
[0.464s] INFO:colcon.colcon_ros.task.ament_cmake.build:Building ROS package in '/home/fvc/ros2_ws/src/local_mapper/src/local_mapper' with build type 'ament_cmake'
[0.464s] INFO:colcon.colcon_cmake.task.cmake.build:Building CMake package in '/home/fvc/ros2_ws/src/local_mapper/src/local_mapper'
[0.467s] INFO:colcon.colcon_core.plugin_system:Skipping extension 'colcon_core.shell.bat': Not used on non-Windows systems
[0.467s] INFO:colcon.colcon_core.shell:Skip shell extension 'powershell' for command environment: Not usable outside of PowerShell
[0.467s] DEBUG:colcon.colcon_core.shell:Skip shell extension 'dsv' for command environment
[0.482s] DEBUG:colcon.colcon_core.event_handler.log_command:Invoking command in '/home/fvc/ros2_ws/build/local_mapper': CMAKE_PREFIX_PATH=/opt/ros/humble /usr/bin/cmake --build /home/fvc/ros2_ws/build/local_mapper -- -j2 -l2
[12.839s] DEBUG:colcon.colcon_core.event_handler.log_command:Invoked command in '/home/fvc/ros2_ws/build/local_mapper' returned '0': CMAKE_PREFIX_PATH=/opt/ros/humble /usr/bin/cmake --build /home/fvc/ros2_ws/build/local_mapper -- -j2 -l2
[12.857s] DEBUG:colcon.colcon_core.event_handler.log_command:Invoking command in '/home/fvc/ros2_ws/build/local_mapper': CMAKE_PREFIX_PATH=/opt/ros/humble /usr/bin/cmake --install /home/fvc/ros2_ws/build/local_mapper
[12.899s] Level 1:colcon.colcon_core.environment:create_environment_scripts_only(local_mapper)
[12.899s] DEBUG:colcon.colcon_core.event_handler.log_command:Invoked command in '/home/fvc/ros2_ws/build/local_mapper' returned '0': CMAKE_PREFIX_PATH=/opt/ros/humble /usr/bin/cmake --install /home/fvc/ros2_ws/build/local_mapper
[12.902s] Level 1:colcon.colcon_core.environment:checking '/home/fvc/ros2_ws/install/local_mapper' for CMake module files
[12.902s] Level 1:colcon.colcon_core.environment:checking '/home/fvc/ros2_ws/install/local_mapper' for CMake config files
[12.903s] Level 1:colcon.colcon_core.shell:create_environment_hook('local_mapper', 'cmake_prefix_path')
[12.903s] INFO:colcon.colcon_core.shell:Creating environment hook '/home/fvc/ros2_ws/install/local_mapper/share/local_mapper/hook/cmake_prefix_path.ps1'
[12.908s] INFO:colcon.colcon_core.shell:Creating environment descriptor '/home/fvc/ros2_ws/install/local_mapper/share/local_mapper/hook/cmake_prefix_path.dsv'
[12.909s] INFO:colcon.colcon_core.shell:Creating environment hook '/home/fvc/ros2_ws/install/local_mapper/share/local_mapper/hook/cmake_prefix_path.sh'
[12.910s] Level 1:colcon.colcon_core.environment:checking '/home/fvc/ros2_ws/install/local_mapper/lib'
[12.910s] Level 1:colcon.colcon_core.environment:checking '/home/fvc/ros2_ws/install/local_mapper/bin'
[12.910s] Level 1:colcon.colcon_core.environment:checking '/home/fvc/ros2_ws/install/local_mapper/lib/pkgconfig/local_mapper.pc'
[12.910s] Level 1:colcon.colcon_core.environment:checking '/home/fvc/ros2_ws/install/local_mapper/lib/python3.10/site-packages'
[12.910s] Level 1:colcon.colcon_core.environment:checking '/home/fvc/ros2_ws/install/local_mapper/bin'
[12.911s] INFO:colcon.colcon_core.shell:Creating package script '/home/fvc/ros2_ws/install/local_mapper/share/local_mapper/package.ps1'
[12.912s] INFO:colcon.colcon_core.shell:Creating package descriptor '/home/fvc/ros2_ws/install/local_mapper/share/local_mapper/package.dsv'
[12.913s] INFO:colcon.colcon_core.shell:Creating package script '/home/fvc/ros2_ws/install/local_mapper/share/local_mapper/package.sh'
[12.914s] INFO:colcon.colcon_core.shell:Creating package script '/home/fvc/ros2_ws/install/local_mapper/share/local_mapper/package.bash'
[12.918s] INFO:colcon.colcon_core.shell:Creating package script '/home/fvc/ros2_ws/install/local_mapper/share/local_mapper/package.zsh'
[12.920s] Level 1:colcon.colcon_core.environment:create_file_with_runtime_dependencies(/home/fvc/ros2_ws/install/local_mapper/share/colcon-core/packages/local_mapper)
[12.921s] Level 1:colcon.colcon_core.environment:create_environment_scripts_only(local_mapper)
[12.921s] Level 1:colcon.colcon_core.environment:checking '/home/fvc/ros2_ws/install/local_mapper' for CMake module files
[12.921s] Level 1:colcon.colcon_core.environment:checking '/home/fvc/ros2_ws/install/local_mapper' for CMake config files
[12.922s] Level 1:colcon.colcon_core.shell:create_environment_hook('local_mapper', 'cmake_prefix_path')
[12.922s] INFO:colcon.colcon_core.shell:Creating environment hook '/home/fvc/ros2_ws/install/local_mapper/share/local_mapper/hook/cmake_prefix_path.ps1'
[12.923s] INFO:colcon.colcon_core.shell:Creating environment descriptor '/home/fvc/ros2_ws/install/local_mapper/share/local_mapper/hook/cmake_prefix_path.dsv'
[12.923s] INFO:colcon.colcon_core.shell:Creating environment hook '/home/fvc/ros2_ws/install/local_mapper/share/local_mapper/hook/cmake_prefix_path.sh'
[12.924s] Level 1:colcon.colcon_core.environment:checking '/home/fvc/ros2_ws/install/local_mapper/lib'
[12.924s] Level 1:colcon.colcon_core.environment:checking '/home/fvc/ros2_ws/install/local_mapper/bin'
[12.924s] Level 1:colcon.colcon_core.environment:checking '/home/fvc/ros2_ws/install/local_mapper/lib/pkgconfig/local_mapper.pc'
[12.924s] Level 1:colcon.colcon_core.environment:checking '/home/fvc/ros2_ws/install/local_mapper/lib/python3.10/site-packages'
[12.924s] Level 1:colcon.colcon_core.environment:checking '/home/fvc/ros2_ws/install/local_mapper/bin'
[12.925s] INFO:colcon.colcon_core.shell:Creating package script '/home/fvc/ros2_ws/install/local_mapper/share/local_mapper/package.ps1'
[12.925s] INFO:colcon.colcon_core.shell:Creating package descriptor '/home/fvc/ros2_ws/install/local_mapper/share/local_mapper/package.dsv'
[12.928s] INFO:colcon.colcon_core.shell:Creating package script '/home/fvc/ros2_ws/install/local_mapper/share/local_mapper/package.sh'
[12.930s] INFO:colcon.colcon_core.shell:Creating package script '/home/fvc/ros2_ws/install/local_mapper/share/local_mapper/package.bash'
[12.931s] INFO:colcon.colcon_core.shell:Creating package script '/home/fvc/ros2_ws/install/local_mapper/share/local_mapper/package.zsh'
[12.932s] Level 1:colcon.colcon_core.environment:create_file_with_runtime_dependencies(/home/fvc/ros2_ws/install/local_mapper/share/colcon-core/packages/local_mapper)
[12.932s] DEBUG:colcon.colcon_parallel_executor.executor.parallel:closing loop
[12.933s] DEBUG:colcon.colcon_parallel_executor.executor.parallel:loop closed
[12.933s] DEBUG:colcon.colcon_parallel_executor.executor.parallel:run_until_complete finished with '0'
[12.933s] DEBUG:colcon.colcon_core.event_reactor:joining thread
[12.947s] INFO:colcon.colcon_core.plugin_system:Skipping extension 'colcon_notification.desktop_notification.terminal_notifier': Not used on non-Darwin systems
[12.949s] INFO:colcon.colcon_core.plugin_system:Skipping extension 'colcon_notification.desktop_notification.win32': Not used on non-Windows systems
[12.949s] INFO:colcon.colcon_notification.desktop_notification:Sending desktop notification using 'notify2'
[12.991s] DEBUG:colcon.colcon_core.event_reactor:joined thread
[12.991s] INFO:colcon.colcon_core.shell:Creating prefix script '/home/fvc/ros2_ws/install/local_setup.ps1'
[12.993s] INFO:colcon.colcon_core.shell:Creating prefix util module '/home/fvc/ros2_ws/install/_local_setup_util_ps1.py'
[12.995s] INFO:colcon.colcon_core.shell:Creating prefix chain script '/home/fvc/ros2_ws/install/setup.ps1'
[12.996s] INFO:colcon.colcon_core.shell:Creating prefix script '/home/fvc/ros2_ws/install/local_setup.sh'
[12.997s] INFO:colcon.colcon_core.shell:Creating prefix util module '/home/fvc/ros2_ws/install/_local_setup_util_sh.py'
[12.998s] INFO:colcon.colcon_core.shell:Creating prefix chain script '/home/fvc/ros2_ws/install/setup.sh'
[13.007s] INFO:colcon.colcon_core.shell:Creating prefix script '/home/fvc/ros2_ws/install/local_setup.bash'
[13.008s] INFO:colcon.colcon_core.shell:Creating prefix chain script '/home/fvc/ros2_ws/install/setup.bash'
[13.012s] INFO:colcon.colcon_core.shell:Creating prefix script '/home/fvc/ros2_ws/install/local_setup.zsh'
[13.013s] INFO:colcon.colcon_core.shell:Creating prefix chain script '/home/fvc/ros2_ws/install/setup.zsh'
