[0.215s] DEBUG:colcon:Command line arguments: ['/usr/bin/colcon', 'build']
[0.215s] DEBUG:colcon:Parsed command line arguments: Namespace(log_base=None, log_level=None, verb_name='build', build_base='build', install_base='install', merge_install=False, symlink_install=False, test_result_base=None, continue_on_error=False, executor='parallel', parallel_workers=2, event_handlers=None, ignore_user_meta=False, metas=['./colcon.meta'], base_paths=['.'], packages_ignore=None, packages_ignore_regex=None, paths=None, packages_up_to=None, packages_up_to_regex=None, packages_above=None, packages_above_and_dependencies=None, packages_above_depth=None, packages_select_by_dep=None, packages_skip_by_dep=None, packages_skip_up_to=None, packages_select_build_failed=False, packages_skip_build_finished=False, packages_select_test_failures=False, packages_skip_test_passed=False, packages_select=None, packages_skip=None, packages_select_regex=None, packages_skip_regex=None, packages_start=None, packages_end=None, allow_overriding=[], cmake_args=None, cmake_target=None, cmake_target_skip_unavailable=False, cmake_clean_cache=False, cmake_clean_first=False, cmake_force_configure=False, ament_cmake_args=None, catkin_cmake_args=None, catkin_skip_building_tests=False, verb_parser=<colcon_defaults.argument_parser.defaults.DefaultArgumentsDecorator object at 0x7a052321b520>, verb_extension=<colcon_core.verb.build.BuildVerb object at 0x7a05233c4ac0>, main=<bound method BuildVerb.main of <colcon_core.verb.build.BuildVerb object at 0x7a05233c4ac0>>)
[0.521s] Level 1:colcon.colcon_core.package_discovery:discover_packages(colcon_meta) check parameters
[0.521s] Level 1:colcon.colcon_core.package_discovery:discover_packages(recursive) check parameters
[0.521s] Level 1:colcon.colcon_core.package_discovery:discover_packages(ignore) check parameters
[0.521s] Level 1:colcon.colcon_core.package_discovery:discover_packages(path) check parameters
[0.521s] Level 1:colcon.colcon_core.package_discovery:discover_packages(colcon_meta) discover
[0.521s] Level 1:colcon.colcon_core.package_discovery:discover_packages(recursive) discover
[0.521s] INFO:colcon.colcon_core.package_discovery:Crawling recursively for packages in '/home/fvc/ros2_ws'
[0.521s] Level 1:colcon.colcon_core.package_identification:_identify(.) by extensions ['ignore', 'ignore_ament_install']
[0.522s] Level 1:colcon.colcon_core.package_identification:_identify(.) by extension 'ignore'
[0.522s] Level 1:colcon.colcon_core.package_identification:_identify(.) by extension 'ignore_ament_install'
[0.522s] Level 1:colcon.colcon_core.package_identification:_identify(.) by extensions ['colcon_pkg']
[0.522s] Level 1:colcon.colcon_core.package_identification:_identify(.) by extension 'colcon_pkg'
[0.522s] Level 1:colcon.colcon_core.package_identification:_identify(.) by extensions ['colcon_meta']
[0.522s] Level 1:colcon.colcon_core.package_identification:_identify(.) by extension 'colcon_meta'
[0.522s] Level 1:colcon.colcon_core.package_identification:_identify(.) by extensions ['ros']
[0.522s] Level 1:colcon.colcon_core.package_identification:_identify(.) by extension 'ros'
[0.537s] Level 1:colcon.colcon_core.package_identification:_identify(.) by extensions ['cmake', 'python']
[0.537s] Level 1:colcon.colcon_core.package_identification:_identify(.) by extension 'cmake'
[0.537s] Level 1:colcon.colcon_core.package_identification:_identify(.) by extension 'python'
[0.537s] Level 1:colcon.colcon_core.package_identification:_identify(.) by extensions ['python_setup_py']
[0.537s] Level 1:colcon.colcon_core.package_identification:_identify(.) by extension 'python_setup_py'
[0.537s] Level 1:colcon.colcon_core.package_identification:_identify(build) by extensions ['ignore', 'ignore_ament_install']
[0.537s] Level 1:colcon.colcon_core.package_identification:_identify(build) by extension 'ignore'
[0.537s] Level 1:colcon.colcon_core.package_identification:_identify(build) ignored
[0.537s] Level 1:colcon.colcon_core.package_identification:_identify(install) by extensions ['ignore', 'ignore_ament_install']
[0.538s] Level 1:colcon.colcon_core.package_identification:_identify(install) by extension 'ignore'
[0.538s] Level 1:colcon.colcon_core.package_identification:_identify(install) ignored
[0.538s] Level 1:colcon.colcon_core.package_identification:_identify(log) by extensions ['ignore', 'ignore_ament_install']
[0.538s] Level 1:colcon.colcon_core.package_identification:_identify(log) by extension 'ignore'
[0.538s] Level 1:colcon.colcon_core.package_identification:_identify(log) ignored
[0.538s] Level 1:colcon.colcon_core.package_identification:_identify(safety_shield) by extensions ['ignore', 'ignore_ament_install']
[0.538s] Level 1:colcon.colcon_core.package_identification:_identify(safety_shield) by extension 'ignore'
[0.538s] Level 1:colcon.colcon_core.package_identification:_identify(safety_shield) by extension 'ignore_ament_install'
[0.538s] Level 1:colcon.colcon_core.package_identification:_identify(safety_shield) by extensions ['colcon_pkg']
[0.538s] Level 1:colcon.colcon_core.package_identification:_identify(safety_shield) by extension 'colcon_pkg'
[0.538s] Level 1:colcon.colcon_core.package_identification:_identify(safety_shield) by extensions ['colcon_meta']
[0.538s] Level 1:colcon.colcon_core.package_identification:_identify(safety_shield) by extension 'colcon_meta'
[0.538s] Level 1:colcon.colcon_core.package_identification:_identify(safety_shield) by extensions ['ros']
[0.538s] Level 1:colcon.colcon_core.package_identification:_identify(safety_shield) by extension 'ros'
[0.543s] DEBUG:colcon.colcon_core.package_identification:Package 'safety_shield' with type 'ros.ament_cmake' and name 'safety_shield'
[0.543s] Level 1:colcon.colcon_core.package_identification:_identify(src) by extensions ['ignore', 'ignore_ament_install']
[0.543s] Level 1:colcon.colcon_core.package_identification:_identify(src) by extension 'ignore'
[0.543s] Level 1:colcon.colcon_core.package_identification:_identify(src) by extension 'ignore_ament_install'
[0.543s] Level 1:colcon.colcon_core.package_identification:_identify(src) by extensions ['colcon_pkg']
[0.544s] Level 1:colcon.colcon_core.package_identification:_identify(src) by extension 'colcon_pkg'
[0.544s] Level 1:colcon.colcon_core.package_identification:_identify(src) by extensions ['colcon_meta']
[0.544s] Level 1:colcon.colcon_core.package_identification:_identify(src) by extension 'colcon_meta'
[0.544s] Level 1:colcon.colcon_core.package_identification:_identify(src) by extensions ['ros']
[0.544s] Level 1:colcon.colcon_core.package_identification:_identify(src) by extension 'ros'
[0.544s] Level 1:colcon.colcon_core.package_identification:_identify(src) by extensions ['cmake', 'python']
[0.544s] Level 1:colcon.colcon_core.package_identification:_identify(src) by extension 'cmake'
[0.544s] Level 1:colcon.colcon_core.package_identification:_identify(src) by extension 'python'
[0.544s] Level 1:colcon.colcon_core.package_identification:_identify(src) by extensions ['python_setup_py']
[0.544s] Level 1:colcon.colcon_core.package_identification:_identify(src) by extension 'python_setup_py'
[0.544s] Level 1:colcon.colcon_core.package_identification:_identify(src/local_mapper) by extensions ['ignore', 'ignore_ament_install']
[0.544s] Level 1:colcon.colcon_core.package_identification:_identify(src/local_mapper) by extension 'ignore'
[0.544s] Level 1:colcon.colcon_core.package_identification:_identify(src/local_mapper) by extension 'ignore_ament_install'
[0.544s] Level 1:colcon.colcon_core.package_identification:_identify(src/local_mapper) by extensions ['colcon_pkg']
[0.544s] Level 1:colcon.colcon_core.package_identification:_identify(src/local_mapper) by extension 'colcon_pkg'
[0.544s] Level 1:colcon.colcon_core.package_identification:_identify(src/local_mapper) by extensions ['colcon_meta']
[0.544s] Level 1:colcon.colcon_core.package_identification:_identify(src/local_mapper) by extension 'colcon_meta'
[0.544s] Level 1:colcon.colcon_core.package_identification:_identify(src/local_mapper) by extensions ['ros']
[0.544s] Level 1:colcon.colcon_core.package_identification:_identify(src/local_mapper) by extension 'ros'
[0.544s] Level 1:colcon.colcon_core.package_identification:_identify(src/local_mapper) by extensions ['cmake', 'python']
[0.545s] Level 1:colcon.colcon_core.package_identification:_identify(src/local_mapper) by extension 'cmake'
[0.545s] Level 1:colcon.colcon_core.package_identification:_identify(src/local_mapper) by extension 'python'
[0.545s] Level 1:colcon.colcon_core.package_identification:_identify(src/local_mapper) by extensions ['python_setup_py']
[0.545s] Level 1:colcon.colcon_core.package_identification:_identify(src/local_mapper) by extension 'python_setup_py'
[0.545s] Level 1:colcon.colcon_core.package_identification:_identify(src/local_mapper/include) by extensions ['ignore', 'ignore_ament_install']
[0.545s] Level 1:colcon.colcon_core.package_identification:_identify(src/local_mapper/include) by extension 'ignore'
[0.545s] Level 1:colcon.colcon_core.package_identification:_identify(src/local_mapper/include) by extension 'ignore_ament_install'
[0.545s] Level 1:colcon.colcon_core.package_identification:_identify(src/local_mapper/include) by extensions ['colcon_pkg']
[0.545s] Level 1:colcon.colcon_core.package_identification:_identify(src/local_mapper/include) by extension 'colcon_pkg'
[0.545s] Level 1:colcon.colcon_core.package_identification:_identify(src/local_mapper/include) by extensions ['colcon_meta']
[0.545s] Level 1:colcon.colcon_core.package_identification:_identify(src/local_mapper/include) by extension 'colcon_meta'
[0.545s] Level 1:colcon.colcon_core.package_identification:_identify(src/local_mapper/include) by extensions ['ros']
[0.545s] Level 1:colcon.colcon_core.package_identification:_identify(src/local_mapper/include) by extension 'ros'
[0.545s] Level 1:colcon.colcon_core.package_identification:_identify(src/local_mapper/include) by extensions ['cmake', 'python']
[0.545s] Level 1:colcon.colcon_core.package_identification:_identify(src/local_mapper/include) by extension 'cmake'
[0.545s] Level 1:colcon.colcon_core.package_identification:_identify(src/local_mapper/include) by extension 'python'
[0.545s] Level 1:colcon.colcon_core.package_identification:_identify(src/local_mapper/include) by extensions ['python_setup_py']
[0.545s] Level 1:colcon.colcon_core.package_identification:_identify(src/local_mapper/include) by extension 'python_setup_py'
[0.546s] Level 1:colcon.colcon_core.package_identification:_identify(src/local_mapper/include/local_mapper) by extensions ['ignore', 'ignore_ament_install']
[0.546s] Level 1:colcon.colcon_core.package_identification:_identify(src/local_mapper/include/local_mapper) by extension 'ignore'
[0.546s] Level 1:colcon.colcon_core.package_identification:_identify(src/local_mapper/include/local_mapper) by extension 'ignore_ament_install'
[0.546s] Level 1:colcon.colcon_core.package_identification:_identify(src/local_mapper/include/local_mapper) by extensions ['colcon_pkg']
[0.546s] Level 1:colcon.colcon_core.package_identification:_identify(src/local_mapper/include/local_mapper) by extension 'colcon_pkg'
[0.546s] Level 1:colcon.colcon_core.package_identification:_identify(src/local_mapper/include/local_mapper) by extensions ['colcon_meta']
[0.546s] Level 1:colcon.colcon_core.package_identification:_identify(src/local_mapper/include/local_mapper) by extension 'colcon_meta'
[0.546s] Level 1:colcon.colcon_core.package_identification:_identify(src/local_mapper/include/local_mapper) by extensions ['ros']
[0.546s] Level 1:colcon.colcon_core.package_identification:_identify(src/local_mapper/include/local_mapper) by extension 'ros'
[0.546s] Level 1:colcon.colcon_core.package_identification:_identify(src/local_mapper/include/local_mapper) by extensions ['cmake', 'python']
[0.546s] Level 1:colcon.colcon_core.package_identification:_identify(src/local_mapper/include/local_mapper) by extension 'cmake'
[0.546s] Level 1:colcon.colcon_core.package_identification:_identify(src/local_mapper/include/local_mapper) by extension 'python'
[0.546s] Level 1:colcon.colcon_core.package_identification:_identify(src/local_mapper/include/local_mapper) by extensions ['python_setup_py']
[0.546s] Level 1:colcon.colcon_core.package_identification:_identify(src/local_mapper/include/local_mapper) by extension 'python_setup_py'
[0.546s] Level 1:colcon.colcon_core.package_identification:_identify(src/local_mapper/src) by extensions ['ignore', 'ignore_ament_install']
[0.546s] Level 1:colcon.colcon_core.package_identification:_identify(src/local_mapper/src) by extension 'ignore'
[0.546s] Level 1:colcon.colcon_core.package_identification:_identify(src/local_mapper/src) by extension 'ignore_ament_install'
[0.547s] Level 1:colcon.colcon_core.package_identification:_identify(src/local_mapper/src) by extensions ['colcon_pkg']
[0.547s] Level 1:colcon.colcon_core.package_identification:_identify(src/local_mapper/src) by extension 'colcon_pkg'
[0.547s] Level 1:colcon.colcon_core.package_identification:_identify(src/local_mapper/src) by extensions ['colcon_meta']
[0.547s] Level 1:colcon.colcon_core.package_identification:_identify(src/local_mapper/src) by extension 'colcon_meta'
[0.547s] Level 1:colcon.colcon_core.package_identification:_identify(src/local_mapper/src) by extensions ['ros']
[0.547s] Level 1:colcon.colcon_core.package_identification:_identify(src/local_mapper/src) by extension 'ros'
[0.547s] Level 1:colcon.colcon_core.package_identification:_identify(src/local_mapper/src) by extensions ['cmake', 'python']
[0.547s] Level 1:colcon.colcon_core.package_identification:_identify(src/local_mapper/src) by extension 'cmake'
[0.547s] Level 1:colcon.colcon_core.package_identification:_identify(src/local_mapper/src) by extension 'python'
[0.547s] Level 1:colcon.colcon_core.package_identification:_identify(src/local_mapper/src) by extensions ['python_setup_py']
[0.547s] Level 1:colcon.colcon_core.package_identification:_identify(src/local_mapper/src) by extension 'python_setup_py'
[0.547s] Level 1:colcon.colcon_core.package_identification:_identify(src/local_mapper/src/config) by extensions ['ignore', 'ignore_ament_install']
[0.547s] Level 1:colcon.colcon_core.package_identification:_identify(src/local_mapper/src/config) by extension 'ignore'
[0.547s] Level 1:colcon.colcon_core.package_identification:_identify(src/local_mapper/src/config) by extension 'ignore_ament_install'
[0.547s] Level 1:colcon.colcon_core.package_identification:_identify(src/local_mapper/src/config) by extensions ['colcon_pkg']
[0.547s] Level 1:colcon.colcon_core.package_identification:_identify(src/local_mapper/src/config) by extension 'colcon_pkg'
[0.547s] Level 1:colcon.colcon_core.package_identification:_identify(src/local_mapper/src/config) by extensions ['colcon_meta']
[0.547s] Level 1:colcon.colcon_core.package_identification:_identify(src/local_mapper/src/config) by extension 'colcon_meta'
[0.547s] Level 1:colcon.colcon_core.package_identification:_identify(src/local_mapper/src/config) by extensions ['ros']
[0.547s] Level 1:colcon.colcon_core.package_identification:_identify(src/local_mapper/src/config) by extension 'ros'
[0.548s] Level 1:colcon.colcon_core.package_identification:_identify(src/local_mapper/src/config) by extensions ['cmake', 'python']
[0.548s] Level 1:colcon.colcon_core.package_identification:_identify(src/local_mapper/src/config) by extension 'cmake'
[0.548s] Level 1:colcon.colcon_core.package_identification:_identify(src/local_mapper/src/config) by extension 'python'
[0.548s] Level 1:colcon.colcon_core.package_identification:_identify(src/local_mapper/src/config) by extensions ['python_setup_py']
[0.548s] Level 1:colcon.colcon_core.package_identification:_identify(src/local_mapper/src/config) by extension 'python_setup_py'
[0.548s] Level 1:colcon.colcon_core.package_identification:_identify(src/local_mapper/src/local_mapper) by extensions ['ignore', 'ignore_ament_install']
[0.548s] Level 1:colcon.colcon_core.package_identification:_identify(src/local_mapper/src/local_mapper) by extension 'ignore'
[0.548s] Level 1:colcon.colcon_core.package_identification:_identify(src/local_mapper/src/local_mapper) by extension 'ignore_ament_install'
[0.548s] Level 1:colcon.colcon_core.package_identification:_identify(src/local_mapper/src/local_mapper) by extensions ['colcon_pkg']
[0.548s] Level 1:colcon.colcon_core.package_identification:_identify(src/local_mapper/src/local_mapper) by extension 'colcon_pkg'
[0.548s] Level 1:colcon.colcon_core.package_identification:_identify(src/local_mapper/src/local_mapper) by extensions ['colcon_meta']
[0.548s] Level 1:colcon.colcon_core.package_identification:_identify(src/local_mapper/src/local_mapper) by extension 'colcon_meta'
[0.548s] Level 1:colcon.colcon_core.package_identification:_identify(src/local_mapper/src/local_mapper) by extensions ['ros']
[0.548s] Level 1:colcon.colcon_core.package_identification:_identify(src/local_mapper/src/local_mapper) by extension 'ros'
[0.550s] DEBUG:colcon.colcon_core.package_identification:Package 'src/local_mapper/src/local_mapper' with type 'ros.ament_cmake' and name 'local_mapper'
[0.550s] Level 1:colcon.colcon_core.package_discovery:discover_packages(recursive) using defaults
[0.550s] Level 1:colcon.colcon_core.package_discovery:discover_packages(ignore) discover
[0.550s] Level 1:colcon.colcon_core.package_discovery:discover_packages(ignore) using defaults
[0.550s] Level 1:colcon.colcon_core.package_discovery:discover_packages(path) discover
[0.550s] Level 1:colcon.colcon_core.package_discovery:discover_packages(path) using defaults
[0.584s] Level 1:colcon.colcon_core.package_discovery:discover_packages(prefix_path) check parameters
[0.584s] Level 1:colcon.colcon_core.package_discovery:discover_packages(prefix_path) discover
[0.590s] DEBUG:colcon.colcon_installed_package_information.package_discovery:Found 322 installed packages in /opt/ros/humble
[0.615s] Level 1:colcon.colcon_core.package_discovery:discover_packages(prefix_path) using defaults
[0.738s] Level 5:colcon.colcon_core.verb:set package 'local_mapper' build argument 'cmake_args' from command line to 'None'
[0.739s] Level 5:colcon.colcon_core.verb:set package 'local_mapper' build argument 'cmake_target' from command line to 'None'
[0.739s] Level 5:colcon.colcon_core.verb:set package 'local_mapper' build argument 'cmake_target_skip_unavailable' from command line to 'False'
[0.739s] Level 5:colcon.colcon_core.verb:set package 'local_mapper' build argument 'cmake_clean_cache' from command line to 'False'
[0.739s] Level 5:colcon.colcon_core.verb:set package 'local_mapper' build argument 'cmake_clean_first' from command line to 'False'
[0.739s] Level 5:colcon.colcon_core.verb:set package 'local_mapper' build argument 'cmake_force_configure' from command line to 'False'
[0.739s] Level 5:colcon.colcon_core.verb:set package 'local_mapper' build argument 'ament_cmake_args' from command line to 'None'
[0.739s] Level 5:colcon.colcon_core.verb:set package 'local_mapper' build argument 'catkin_cmake_args' from command line to 'None'
[0.739s] Level 5:colcon.colcon_core.verb:set package 'local_mapper' build argument 'catkin_skip_building_tests' from command line to 'False'
[0.739s] DEBUG:colcon.colcon_core.verb:Building package 'local_mapper' with the following arguments: {'ament_cmake_args': None, 'build_base': '/home/fvc/ros2_ws/build/local_mapper', 'catkin_cmake_args': None, 'catkin_skip_building_tests': False, 'cmake_args': None, 'cmake_clean_cache': False, 'cmake_clean_first': False, 'cmake_force_configure': False, 'cmake_target': None, 'cmake_target_skip_unavailable': False, 'install_base': '/home/fvc/ros2_ws/install/local_mapper', 'merge_install': False, 'path': '/home/fvc/ros2_ws/src/local_mapper/src/local_mapper', 'symlink_install': False, 'test_result_base': None}
[0.740s] Level 5:colcon.colcon_core.verb:set package 'safety_shield' build argument 'cmake_args' from command line to 'None'
[0.740s] Level 5:colcon.colcon_core.verb:set package 'safety_shield' build argument 'cmake_target' from command line to 'None'
[0.740s] Level 5:colcon.colcon_core.verb:set package 'safety_shield' build argument 'cmake_target_skip_unavailable' from command line to 'False'
[0.740s] Level 5:colcon.colcon_core.verb:set package 'safety_shield' build argument 'cmake_clean_cache' from command line to 'False'
[0.740s] Level 5:colcon.colcon_core.verb:set package 'safety_shield' build argument 'cmake_clean_first' from command line to 'False'
[0.741s] Level 5:colcon.colcon_core.verb:set package 'safety_shield' build argument 'cmake_force_configure' from command line to 'False'
[0.741s] Level 5:colcon.colcon_core.verb:set package 'safety_shield' build argument 'ament_cmake_args' from command line to 'None'
[0.741s] Level 5:colcon.colcon_core.verb:set package 'safety_shield' build argument 'catkin_cmake_args' from command line to 'None'
[0.741s] Level 5:colcon.colcon_core.verb:set package 'safety_shield' build argument 'catkin_skip_building_tests' from command line to 'False'
[0.741s] DEBUG:colcon.colcon_core.verb:Building package 'safety_shield' with the following arguments: {'ament_cmake_args': None, 'build_base': '/home/fvc/ros2_ws/build/safety_shield', 'catkin_cmake_args': None, 'catkin_skip_building_tests': False, 'cmake_args': None, 'cmake_clean_cache': False, 'cmake_clean_first': False, 'cmake_force_configure': False, 'cmake_target': None, 'cmake_target_skip_unavailable': False, 'install_base': '/home/fvc/ros2_ws/install/safety_shield', 'merge_install': False, 'path': '/home/fvc/ros2_ws/safety_shield', 'symlink_install': False, 'test_result_base': None}
[0.741s] INFO:colcon.colcon_core.executor:Executing jobs using 'parallel' executor
[0.743s] DEBUG:colcon.colcon_parallel_executor.executor.parallel:run_until_complete
[0.744s] INFO:colcon.colcon_ros.task.ament_cmake.build:Building ROS package in '/home/fvc/ros2_ws/src/local_mapper/src/local_mapper' with build type 'ament_cmake'
[0.744s] INFO:colcon.colcon_cmake.task.cmake.build:Building CMake package in '/home/fvc/ros2_ws/src/local_mapper/src/local_mapper'
[0.750s] INFO:colcon.colcon_core.plugin_system:Skipping extension 'colcon_core.shell.bat': Not used on non-Windows systems
[0.751s] INFO:colcon.colcon_core.shell:Skip shell extension 'powershell' for command environment: Not usable outside of PowerShell
[0.751s] DEBUG:colcon.colcon_core.shell:Skip shell extension 'dsv' for command environment
[0.756s] INFO:colcon.colcon_ros.task.ament_cmake.build:Building ROS package in '/home/fvc/ros2_ws/safety_shield' with build type 'ament_cmake'
[0.756s] INFO:colcon.colcon_cmake.task.cmake.build:Building CMake package in '/home/fvc/ros2_ws/safety_shield'
[0.757s] INFO:colcon.colcon_core.shell:Skip shell extension 'powershell' for command environment: Not usable outside of PowerShell
[0.757s] DEBUG:colcon.colcon_core.shell:Skip shell extension 'dsv' for command environment
[0.766s] DEBUG:colcon.colcon_core.event_handler.log_command:Invoking command in '/home/fvc/ros2_ws/build/local_mapper': CMAKE_PREFIX_PATH=/opt/ros/humble /usr/bin/cmake --build /home/fvc/ros2_ws/build/local_mapper -- -j2 -l2
[0.782s] DEBUG:colcon.colcon_core.event_handler.log_command:Invoking command in '/home/fvc/ros2_ws/build/safety_shield': CMAKE_PREFIX_PATH=/opt/ros/humble /usr/bin/cmake --build /home/fvc/ros2_ws/build/safety_shield -- -j2 -l2
[0.977s] DEBUG:colcon.colcon_core.event_handler.log_command:Invoked command in '/home/fvc/ros2_ws/build/local_mapper' returned '0': CMAKE_PREFIX_PATH=/opt/ros/humble /usr/bin/cmake --build /home/fvc/ros2_ws/build/local_mapper -- -j2 -l2
[1.041s] DEBUG:colcon.colcon_core.event_handler.log_command:Invoking command in '/home/fvc/ros2_ws/build/local_mapper': CMAKE_PREFIX_PATH=/opt/ros/humble /usr/bin/cmake --install /home/fvc/ros2_ws/build/local_mapper
[1.056s] DEBUG:colcon.colcon_core.event_handler.log_command:Invoked command in '/home/fvc/ros2_ws/build/safety_shield' returned '0': CMAKE_PREFIX_PATH=/opt/ros/humble /usr/bin/cmake --build /home/fvc/ros2_ws/build/safety_shield -- -j2 -l2
[1.057s] DEBUG:colcon.colcon_core.event_handler.log_command:Invoking command in '/home/fvc/ros2_ws/build/safety_shield': CMAKE_PREFIX_PATH=/opt/ros/humble /usr/bin/cmake --install /home/fvc/ros2_ws/build/safety_shield
[1.078s] Level 1:colcon.colcon_core.environment:create_environment_scripts_only(safety_shield)
[1.086s] DEBUG:colcon.colcon_core.event_handler.log_command:Invoked command in '/home/fvc/ros2_ws/build/safety_shield' returned '0': CMAKE_PREFIX_PATH=/opt/ros/humble /usr/bin/cmake --install /home/fvc/ros2_ws/build/safety_shield
[1.090s] Level 1:colcon.colcon_core.environment:checking '/home/fvc/ros2_ws/install/safety_shield' for CMake module files
[1.091s] Level 1:colcon.colcon_core.environment:checking '/home/fvc/ros2_ws/install/safety_shield' for CMake config files
[1.091s] Level 1:colcon.colcon_core.shell:create_environment_hook('safety_shield', 'cmake_prefix_path')
[1.091s] INFO:colcon.colcon_core.shell:Creating environment hook '/home/fvc/ros2_ws/install/safety_shield/share/safety_shield/hook/cmake_prefix_path.ps1'
[1.096s] INFO:colcon.colcon_core.shell:Creating environment descriptor '/home/fvc/ros2_ws/install/safety_shield/share/safety_shield/hook/cmake_prefix_path.dsv'
[1.099s] INFO:colcon.colcon_core.shell:Creating environment hook '/home/fvc/ros2_ws/install/safety_shield/share/safety_shield/hook/cmake_prefix_path.sh'
[1.100s] Level 1:colcon.colcon_core.environment:checking '/home/fvc/ros2_ws/install/safety_shield/bin'
[1.100s] Level 1:colcon.colcon_core.environment:checking '/home/fvc/ros2_ws/install/safety_shield/lib/pkgconfig/safety_shield.pc'
[1.101s] Level 1:colcon.colcon_core.environment:checking '/home/fvc/ros2_ws/install/safety_shield/lib/python3.10/site-packages'
[1.101s] Level 1:colcon.colcon_core.environment:checking '/home/fvc/ros2_ws/install/safety_shield/bin'
[1.101s] INFO:colcon.colcon_core.shell:Creating package script '/home/fvc/ros2_ws/install/safety_shield/share/safety_shield/package.ps1'
[1.106s] INFO:colcon.colcon_core.shell:Creating package descriptor '/home/fvc/ros2_ws/install/safety_shield/share/safety_shield/package.dsv'
[1.110s] INFO:colcon.colcon_core.shell:Creating package script '/home/fvc/ros2_ws/install/safety_shield/share/safety_shield/package.sh'
[1.112s] INFO:colcon.colcon_core.shell:Creating package script '/home/fvc/ros2_ws/install/safety_shield/share/safety_shield/package.bash'
[1.113s] INFO:colcon.colcon_core.shell:Creating package script '/home/fvc/ros2_ws/install/safety_shield/share/safety_shield/package.zsh'
[1.114s] Level 1:colcon.colcon_core.environment:create_file_with_runtime_dependencies(/home/fvc/ros2_ws/install/safety_shield/share/colcon-core/packages/safety_shield)
[1.115s] Level 1:colcon.colcon_core.environment:create_environment_scripts_only(safety_shield)
[1.116s] Level 1:colcon.colcon_core.environment:checking '/home/fvc/ros2_ws/install/safety_shield' for CMake module files
[1.116s] Level 1:colcon.colcon_core.environment:checking '/home/fvc/ros2_ws/install/safety_shield' for CMake config files
[1.117s] Level 1:colcon.colcon_core.shell:create_environment_hook('safety_shield', 'cmake_prefix_path')
[1.117s] INFO:colcon.colcon_core.shell:Creating environment hook '/home/fvc/ros2_ws/install/safety_shield/share/safety_shield/hook/cmake_prefix_path.ps1'
[1.118s] INFO:colcon.colcon_core.shell:Creating environment descriptor '/home/fvc/ros2_ws/install/safety_shield/share/safety_shield/hook/cmake_prefix_path.dsv'
[1.119s] INFO:colcon.colcon_core.shell:Creating environment hook '/home/fvc/ros2_ws/install/safety_shield/share/safety_shield/hook/cmake_prefix_path.sh'
[1.119s] Level 1:colcon.colcon_core.environment:checking '/home/fvc/ros2_ws/install/safety_shield/bin'
[1.119s] Level 1:colcon.colcon_core.environment:checking '/home/fvc/ros2_ws/install/safety_shield/lib/pkgconfig/safety_shield.pc'
[1.120s] Level 1:colcon.colcon_core.environment:checking '/home/fvc/ros2_ws/install/safety_shield/lib/python3.10/site-packages'
[1.120s] Level 1:colcon.colcon_core.environment:checking '/home/fvc/ros2_ws/install/safety_shield/bin'
[1.120s] INFO:colcon.colcon_core.shell:Creating package script '/home/fvc/ros2_ws/install/safety_shield/share/safety_shield/package.ps1'
[1.122s] INFO:colcon.colcon_core.shell:Creating package descriptor '/home/fvc/ros2_ws/install/safety_shield/share/safety_shield/package.dsv'
[1.122s] INFO:colcon.colcon_core.shell:Creating package script '/home/fvc/ros2_ws/install/safety_shield/share/safety_shield/package.sh'
[1.123s] INFO:colcon.colcon_core.shell:Creating package script '/home/fvc/ros2_ws/install/safety_shield/share/safety_shield/package.bash'
[1.125s] INFO:colcon.colcon_core.shell:Creating package script '/home/fvc/ros2_ws/install/safety_shield/share/safety_shield/package.zsh'
[1.126s] Level 1:colcon.colcon_core.environment:create_file_with_runtime_dependencies(/home/fvc/ros2_ws/install/safety_shield/share/colcon-core/packages/safety_shield)
[1.129s] Level 1:colcon.colcon_core.environment:create_environment_scripts_only(local_mapper)
[1.129s] Level 1:colcon.colcon_core.environment:checking '/home/fvc/ros2_ws/install/local_mapper' for CMake module files
[1.130s] DEBUG:colcon.colcon_core.event_handler.log_command:Invoked command in '/home/fvc/ros2_ws/build/local_mapper' returned '0': CMAKE_PREFIX_PATH=/opt/ros/humble /usr/bin/cmake --install /home/fvc/ros2_ws/build/local_mapper
[1.131s] Level 1:colcon.colcon_core.environment:checking '/home/fvc/ros2_ws/install/local_mapper' for CMake config files
[1.132s] Level 1:colcon.colcon_core.shell:create_environment_hook('local_mapper', 'cmake_prefix_path')
[1.132s] INFO:colcon.colcon_core.shell:Creating environment hook '/home/fvc/ros2_ws/install/local_mapper/share/local_mapper/hook/cmake_prefix_path.ps1'
[1.133s] INFO:colcon.colcon_core.shell:Creating environment descriptor '/home/fvc/ros2_ws/install/local_mapper/share/local_mapper/hook/cmake_prefix_path.dsv'
[1.134s] INFO:colcon.colcon_core.shell:Creating environment hook '/home/fvc/ros2_ws/install/local_mapper/share/local_mapper/hook/cmake_prefix_path.sh'
[1.135s] Level 1:colcon.colcon_core.environment:checking '/home/fvc/ros2_ws/install/local_mapper/lib'
[1.135s] Level 1:colcon.colcon_core.environment:checking '/home/fvc/ros2_ws/install/local_mapper/bin'
[1.135s] Level 1:colcon.colcon_core.environment:checking '/home/fvc/ros2_ws/install/local_mapper/lib/pkgconfig/local_mapper.pc'
[1.136s] Level 1:colcon.colcon_core.environment:checking '/home/fvc/ros2_ws/install/local_mapper/lib/python3.10/site-packages'
[1.136s] Level 1:colcon.colcon_core.environment:checking '/home/fvc/ros2_ws/install/local_mapper/bin'
[1.136s] INFO:colcon.colcon_core.shell:Creating package script '/home/fvc/ros2_ws/install/local_mapper/share/local_mapper/package.ps1'
[1.138s] INFO:colcon.colcon_core.shell:Creating package descriptor '/home/fvc/ros2_ws/install/local_mapper/share/local_mapper/package.dsv'
[1.138s] INFO:colcon.colcon_core.shell:Creating package script '/home/fvc/ros2_ws/install/local_mapper/share/local_mapper/package.sh'
[1.139s] INFO:colcon.colcon_core.shell:Creating package script '/home/fvc/ros2_ws/install/local_mapper/share/local_mapper/package.bash'
[1.140s] INFO:colcon.colcon_core.shell:Creating package script '/home/fvc/ros2_ws/install/local_mapper/share/local_mapper/package.zsh'
[1.141s] Level 1:colcon.colcon_core.environment:create_file_with_runtime_dependencies(/home/fvc/ros2_ws/install/local_mapper/share/colcon-core/packages/local_mapper)
[1.142s] Level 1:colcon.colcon_core.environment:create_environment_scripts_only(local_mapper)
[1.142s] Level 1:colcon.colcon_core.environment:checking '/home/fvc/ros2_ws/install/local_mapper' for CMake module files
[1.143s] Level 1:colcon.colcon_core.environment:checking '/home/fvc/ros2_ws/install/local_mapper' for CMake config files
[1.144s] Level 1:colcon.colcon_core.shell:create_environment_hook('local_mapper', 'cmake_prefix_path')
[1.144s] INFO:colcon.colcon_core.shell:Creating environment hook '/home/fvc/ros2_ws/install/local_mapper/share/local_mapper/hook/cmake_prefix_path.ps1'
[1.145s] INFO:colcon.colcon_core.shell:Creating environment descriptor '/home/fvc/ros2_ws/install/local_mapper/share/local_mapper/hook/cmake_prefix_path.dsv'
[1.146s] INFO:colcon.colcon_core.shell:Creating environment hook '/home/fvc/ros2_ws/install/local_mapper/share/local_mapper/hook/cmake_prefix_path.sh'
[1.147s] Level 1:colcon.colcon_core.environment:checking '/home/fvc/ros2_ws/install/local_mapper/lib'
[1.147s] Level 1:colcon.colcon_core.environment:checking '/home/fvc/ros2_ws/install/local_mapper/bin'
[1.147s] Level 1:colcon.colcon_core.environment:checking '/home/fvc/ros2_ws/install/local_mapper/lib/pkgconfig/local_mapper.pc'
[1.148s] Level 1:colcon.colcon_core.environment:checking '/home/fvc/ros2_ws/install/local_mapper/lib/python3.10/site-packages'
[1.148s] Level 1:colcon.colcon_core.environment:checking '/home/fvc/ros2_ws/install/local_mapper/bin'
[1.148s] INFO:colcon.colcon_core.shell:Creating package script '/home/fvc/ros2_ws/install/local_mapper/share/local_mapper/package.ps1'
[1.149s] INFO:colcon.colcon_core.shell:Creating package descriptor '/home/fvc/ros2_ws/install/local_mapper/share/local_mapper/package.dsv'
[1.150s] INFO:colcon.colcon_core.shell:Creating package script '/home/fvc/ros2_ws/install/local_mapper/share/local_mapper/package.sh'
[1.151s] INFO:colcon.colcon_core.shell:Creating package script '/home/fvc/ros2_ws/install/local_mapper/share/local_mapper/package.bash'
[1.152s] INFO:colcon.colcon_core.shell:Creating package script '/home/fvc/ros2_ws/install/local_mapper/share/local_mapper/package.zsh'
[1.152s] Level 1:colcon.colcon_core.environment:create_file_with_runtime_dependencies(/home/fvc/ros2_ws/install/local_mapper/share/colcon-core/packages/local_mapper)
[1.154s] DEBUG:colcon.colcon_parallel_executor.executor.parallel:closing loop
[1.155s] DEBUG:colcon.colcon_parallel_executor.executor.parallel:loop closed
[1.155s] DEBUG:colcon.colcon_parallel_executor.executor.parallel:run_until_complete finished with '0'
[1.155s] DEBUG:colcon.colcon_core.event_reactor:joining thread
[1.166s] INFO:colcon.colcon_core.plugin_system:Skipping extension 'colcon_notification.desktop_notification.terminal_notifier': Not used on non-Darwin systems
[1.166s] INFO:colcon.colcon_core.plugin_system:Skipping extension 'colcon_notification.desktop_notification.win32': Not used on non-Windows systems
[1.167s] INFO:colcon.colcon_notification.desktop_notification:Sending desktop notification using 'notify2'
[1.197s] DEBUG:colcon.colcon_core.event_reactor:joined thread
[1.198s] INFO:colcon.colcon_core.shell:Creating prefix script '/home/fvc/ros2_ws/install/local_setup.ps1'
[1.200s] INFO:colcon.colcon_core.shell:Creating prefix util module '/home/fvc/ros2_ws/install/_local_setup_util_ps1.py'
[1.201s] INFO:colcon.colcon_core.shell:Creating prefix chain script '/home/fvc/ros2_ws/install/setup.ps1'
[1.206s] INFO:colcon.colcon_core.shell:Creating prefix script '/home/fvc/ros2_ws/install/local_setup.sh'
[1.207s] INFO:colcon.colcon_core.shell:Creating prefix util module '/home/fvc/ros2_ws/install/_local_setup_util_sh.py'
[1.208s] INFO:colcon.colcon_core.shell:Creating prefix chain script '/home/fvc/ros2_ws/install/setup.sh'
[1.209s] INFO:colcon.colcon_core.shell:Creating prefix script '/home/fvc/ros2_ws/install/local_setup.bash'
[1.210s] INFO:colcon.colcon_core.shell:Creating prefix chain script '/home/fvc/ros2_ws/install/setup.bash'
[1.212s] INFO:colcon.colcon_core.shell:Creating prefix script '/home/fvc/ros2_ws/install/local_setup.zsh'
[1.213s] INFO:colcon.colcon_core.shell:Creating prefix chain script '/home/fvc/ros2_ws/install/setup.zsh'
