[0.131s] DEBUG:colcon:Command line arguments: ['/usr/bin/colcon', 'build']
[0.131s] DEBUG:colcon:Parsed command line arguments: Namespace(log_base=None, log_level=None, verb_name='build', build_base='build', install_base='install', merge_install=False, symlink_install=False, test_result_base=None, continue_on_error=False, executor='parallel', parallel_workers=2, event_handlers=None, ignore_user_meta=False, metas=['./colcon.meta'], base_paths=['.'], packages_ignore=None, packages_ignore_regex=None, paths=None, packages_up_to=None, packages_up_to_regex=None, packages_above=None, packages_above_and_dependencies=None, packages_above_depth=None, packages_select_by_dep=None, packages_skip_by_dep=None, packages_skip_up_to=None, packages_select_build_failed=False, packages_skip_build_finished=False, packages_select_test_failures=False, packages_skip_test_passed=False, packages_select=None, packages_skip=None, packages_select_regex=None, packages_skip_regex=None, packages_start=None, packages_end=None, allow_overriding=[], cmake_args=None, cmake_target=None, cmake_target_skip_unavailable=False, cmake_clean_cache=False, cmake_clean_first=False, cmake_force_configure=False, ament_cmake_args=None, catkin_cmake_args=None, catkin_skip_building_tests=False, verb_parser=<colcon_defaults.argument_parser.defaults.DefaultArgumentsDecorator object at 0x7a182f0eb4f0>, verb_extension=<colcon_core.verb.build.BuildVerb object at 0x7a182f2dca90>, main=<bound method BuildVerb.main of <colcon_core.verb.build.BuildVerb object at 0x7a182f2dca90>>)
[0.320s] Level 1:colcon.colcon_core.package_discovery:discover_packages(colcon_meta) check parameters
[0.320s] Level 1:colcon.colcon_core.package_discovery:discover_packages(recursive) check parameters
[0.320s] Level 1:colcon.colcon_core.package_discovery:discover_packages(ignore) check parameters
[0.320s] Level 1:colcon.colcon_core.package_discovery:discover_packages(path) check parameters
[0.321s] Level 1:colcon.colcon_core.package_discovery:discover_packages(colcon_meta) discover
[0.321s] Level 1:colcon.colcon_core.package_discovery:discover_packages(recursive) discover
[0.321s] INFO:colcon.colcon_core.package_discovery:Crawling recursively for packages in '/home/fvc/ros2_ws'
[0.321s] Level 1:colcon.colcon_core.package_identification:_identify(.) by extensions ['ignore', 'ignore_ament_install']
[0.321s] Level 1:colcon.colcon_core.package_identification:_identify(.) by extension 'ignore'
[0.321s] Level 1:colcon.colcon_core.package_identification:_identify(.) by extension 'ignore_ament_install'
[0.321s] Level 1:colcon.colcon_core.package_identification:_identify(.) by extensions ['colcon_pkg']
[0.321s] Level 1:colcon.colcon_core.package_identification:_identify(.) by extension 'colcon_pkg'
[0.321s] Level 1:colcon.colcon_core.package_identification:_identify(.) by extensions ['colcon_meta']
[0.321s] Level 1:colcon.colcon_core.package_identification:_identify(.) by extension 'colcon_meta'
[0.321s] Level 1:colcon.colcon_core.package_identification:_identify(.) by extensions ['ros']
[0.321s] Level 1:colcon.colcon_core.package_identification:_identify(.) by extension 'ros'
[0.336s] Level 1:colcon.colcon_core.package_identification:_identify(.) by extensions ['cmake', 'python']
[0.336s] Level 1:colcon.colcon_core.package_identification:_identify(.) by extension 'cmake'
[0.336s] Level 1:colcon.colcon_core.package_identification:_identify(.) by extension 'python'
[0.336s] Level 1:colcon.colcon_core.package_identification:_identify(.) by extensions ['python_setup_py']
[0.336s] Level 1:colcon.colcon_core.package_identification:_identify(.) by extension 'python_setup_py'
[0.336s] Level 1:colcon.colcon_core.package_identification:_identify(build) by extensions ['ignore', 'ignore_ament_install']
[0.336s] Level 1:colcon.colcon_core.package_identification:_identify(build) by extension 'ignore'
[0.336s] Level 1:colcon.colcon_core.package_identification:_identify(build) ignored
[0.337s] Level 1:colcon.colcon_core.package_identification:_identify(install) by extensions ['ignore', 'ignore_ament_install']
[0.337s] Level 1:colcon.colcon_core.package_identification:_identify(install) by extension 'ignore'
[0.337s] Level 1:colcon.colcon_core.package_identification:_identify(install) ignored
[0.337s] Level 1:colcon.colcon_core.package_identification:_identify(log) by extensions ['ignore', 'ignore_ament_install']
[0.337s] Level 1:colcon.colcon_core.package_identification:_identify(log) by extension 'ignore'
[0.337s] Level 1:colcon.colcon_core.package_identification:_identify(log) ignored
[0.337s] Level 1:colcon.colcon_core.package_identification:_identify(safety_shield) by extensions ['ignore', 'ignore_ament_install']
[0.337s] Level 1:colcon.colcon_core.package_identification:_identify(safety_shield) by extension 'ignore'
[0.337s] Level 1:colcon.colcon_core.package_identification:_identify(safety_shield) by extension 'ignore_ament_install'
[0.337s] Level 1:colcon.colcon_core.package_identification:_identify(safety_shield) by extensions ['colcon_pkg']
[0.337s] Level 1:colcon.colcon_core.package_identification:_identify(safety_shield) by extension 'colcon_pkg'
[0.337s] Level 1:colcon.colcon_core.package_identification:_identify(safety_shield) by extensions ['colcon_meta']
[0.337s] Level 1:colcon.colcon_core.package_identification:_identify(safety_shield) by extension 'colcon_meta'
[0.337s] Level 1:colcon.colcon_core.package_identification:_identify(safety_shield) by extensions ['ros']
[0.337s] Level 1:colcon.colcon_core.package_identification:_identify(safety_shield) by extension 'ros'
[0.341s] DEBUG:colcon.colcon_core.package_identification:Package 'safety_shield' with type 'ros.ament_cmake' and name 'safety_shield'
[0.341s] Level 1:colcon.colcon_core.package_identification:_identify(src) by extensions ['ignore', 'ignore_ament_install']
[0.341s] Level 1:colcon.colcon_core.package_identification:_identify(src) by extension 'ignore'
[0.341s] Level 1:colcon.colcon_core.package_identification:_identify(src) by extension 'ignore_ament_install'
[0.341s] Level 1:colcon.colcon_core.package_identification:_identify(src) by extensions ['colcon_pkg']
[0.341s] Level 1:colcon.colcon_core.package_identification:_identify(src) by extension 'colcon_pkg'
[0.341s] Level 1:colcon.colcon_core.package_identification:_identify(src) by extensions ['colcon_meta']
[0.341s] Level 1:colcon.colcon_core.package_identification:_identify(src) by extension 'colcon_meta'
[0.341s] Level 1:colcon.colcon_core.package_identification:_identify(src) by extensions ['ros']
[0.341s] Level 1:colcon.colcon_core.package_identification:_identify(src) by extension 'ros'
[0.341s] Level 1:colcon.colcon_core.package_identification:_identify(src) by extensions ['cmake', 'python']
[0.341s] Level 1:colcon.colcon_core.package_identification:_identify(src) by extension 'cmake'
[0.341s] Level 1:colcon.colcon_core.package_identification:_identify(src) by extension 'python'
[0.342s] Level 1:colcon.colcon_core.package_identification:_identify(src) by extensions ['python_setup_py']
[0.342s] Level 1:colcon.colcon_core.package_identification:_identify(src) by extension 'python_setup_py'
[0.342s] Level 1:colcon.colcon_core.package_identification:_identify(src/local_mapper) by extensions ['ignore', 'ignore_ament_install']
[0.342s] Level 1:colcon.colcon_core.package_identification:_identify(src/local_mapper) by extension 'ignore'
[0.342s] Level 1:colcon.colcon_core.package_identification:_identify(src/local_mapper) by extension 'ignore_ament_install'
[0.342s] Level 1:colcon.colcon_core.package_identification:_identify(src/local_mapper) by extensions ['colcon_pkg']
[0.343s] Level 1:colcon.colcon_core.package_identification:_identify(src/local_mapper) by extension 'colcon_pkg'
[0.343s] Level 1:colcon.colcon_core.package_identification:_identify(src/local_mapper) by extensions ['colcon_meta']
[0.343s] Level 1:colcon.colcon_core.package_identification:_identify(src/local_mapper) by extension 'colcon_meta'
[0.343s] Level 1:colcon.colcon_core.package_identification:_identify(src/local_mapper) by extensions ['ros']
[0.343s] Level 1:colcon.colcon_core.package_identification:_identify(src/local_mapper) by extension 'ros'
[0.343s] Level 1:colcon.colcon_core.package_identification:_identify(src/local_mapper) by extensions ['cmake', 'python']
[0.343s] Level 1:colcon.colcon_core.package_identification:_identify(src/local_mapper) by extension 'cmake'
[0.343s] Level 1:colcon.colcon_core.package_identification:_identify(src/local_mapper) by extension 'python'
[0.343s] Level 1:colcon.colcon_core.package_identification:_identify(src/local_mapper) by extensions ['python_setup_py']
[0.343s] Level 1:colcon.colcon_core.package_identification:_identify(src/local_mapper) by extension 'python_setup_py'
[0.343s] Level 1:colcon.colcon_core.package_identification:_identify(src/local_mapper/include) by extensions ['ignore', 'ignore_ament_install']
[0.343s] Level 1:colcon.colcon_core.package_identification:_identify(src/local_mapper/include) by extension 'ignore'
[0.344s] Level 1:colcon.colcon_core.package_identification:_identify(src/local_mapper/include) by extension 'ignore_ament_install'
[0.344s] Level 1:colcon.colcon_core.package_identification:_identify(src/local_mapper/include) by extensions ['colcon_pkg']
[0.344s] Level 1:colcon.colcon_core.package_identification:_identify(src/local_mapper/include) by extension 'colcon_pkg'
[0.344s] Level 1:colcon.colcon_core.package_identification:_identify(src/local_mapper/include) by extensions ['colcon_meta']
[0.344s] Level 1:colcon.colcon_core.package_identification:_identify(src/local_mapper/include) by extension 'colcon_meta'
[0.344s] Level 1:colcon.colcon_core.package_identification:_identify(src/local_mapper/include) by extensions ['ros']
[0.344s] Level 1:colcon.colcon_core.package_identification:_identify(src/local_mapper/include) by extension 'ros'
[0.344s] Level 1:colcon.colcon_core.package_identification:_identify(src/local_mapper/include) by extensions ['cmake', 'python']
[0.344s] Level 1:colcon.colcon_core.package_identification:_identify(src/local_mapper/include) by extension 'cmake'
[0.344s] Level 1:colcon.colcon_core.package_identification:_identify(src/local_mapper/include) by extension 'python'
[0.344s] Level 1:colcon.colcon_core.package_identification:_identify(src/local_mapper/include) by extensions ['python_setup_py']
[0.344s] Level 1:colcon.colcon_core.package_identification:_identify(src/local_mapper/include) by extension 'python_setup_py'
[0.344s] Level 1:colcon.colcon_core.package_identification:_identify(src/local_mapper/include/local_mapper) by extensions ['ignore', 'ignore_ament_install']
[0.345s] Level 1:colcon.colcon_core.package_identification:_identify(src/local_mapper/include/local_mapper) by extension 'ignore'
[0.345s] Level 1:colcon.colcon_core.package_identification:_identify(src/local_mapper/include/local_mapper) by extension 'ignore_ament_install'
[0.345s] Level 1:colcon.colcon_core.package_identification:_identify(src/local_mapper/include/local_mapper) by extensions ['colcon_pkg']
[0.345s] Level 1:colcon.colcon_core.package_identification:_identify(src/local_mapper/include/local_mapper) by extension 'colcon_pkg'
[0.345s] Level 1:colcon.colcon_core.package_identification:_identify(src/local_mapper/include/local_mapper) by extensions ['colcon_meta']
[0.345s] Level 1:colcon.colcon_core.package_identification:_identify(src/local_mapper/include/local_mapper) by extension 'colcon_meta'
[0.345s] Level 1:colcon.colcon_core.package_identification:_identify(src/local_mapper/include/local_mapper) by extensions ['ros']
[0.345s] Level 1:colcon.colcon_core.package_identification:_identify(src/local_mapper/include/local_mapper) by extension 'ros'
[0.345s] Level 1:colcon.colcon_core.package_identification:_identify(src/local_mapper/include/local_mapper) by extensions ['cmake', 'python']
[0.345s] Level 1:colcon.colcon_core.package_identification:_identify(src/local_mapper/include/local_mapper) by extension 'cmake'
[0.345s] Level 1:colcon.colcon_core.package_identification:_identify(src/local_mapper/include/local_mapper) by extension 'python'
[0.345s] Level 1:colcon.colcon_core.package_identification:_identify(src/local_mapper/include/local_mapper) by extensions ['python_setup_py']
[0.345s] Level 1:colcon.colcon_core.package_identification:_identify(src/local_mapper/include/local_mapper) by extension 'python_setup_py'
[0.345s] Level 1:colcon.colcon_core.package_identification:_identify(src/local_mapper/src) by extensions ['ignore', 'ignore_ament_install']
[0.346s] Level 1:colcon.colcon_core.package_identification:_identify(src/local_mapper/src) by extension 'ignore'
[0.346s] Level 1:colcon.colcon_core.package_identification:_identify(src/local_mapper/src) by extension 'ignore_ament_install'
[0.346s] Level 1:colcon.colcon_core.package_identification:_identify(src/local_mapper/src) by extensions ['colcon_pkg']
[0.346s] Level 1:colcon.colcon_core.package_identification:_identify(src/local_mapper/src) by extension 'colcon_pkg'
[0.346s] Level 1:colcon.colcon_core.package_identification:_identify(src/local_mapper/src) by extensions ['colcon_meta']
[0.346s] Level 1:colcon.colcon_core.package_identification:_identify(src/local_mapper/src) by extension 'colcon_meta'
[0.346s] Level 1:colcon.colcon_core.package_identification:_identify(src/local_mapper/src) by extensions ['ros']
[0.346s] Level 1:colcon.colcon_core.package_identification:_identify(src/local_mapper/src) by extension 'ros'
[0.346s] Level 1:colcon.colcon_core.package_identification:_identify(src/local_mapper/src) by extensions ['cmake', 'python']
[0.346s] Level 1:colcon.colcon_core.package_identification:_identify(src/local_mapper/src) by extension 'cmake'
[0.346s] Level 1:colcon.colcon_core.package_identification:_identify(src/local_mapper/src) by extension 'python'
[0.346s] Level 1:colcon.colcon_core.package_identification:_identify(src/local_mapper/src) by extensions ['python_setup_py']
[0.346s] Level 1:colcon.colcon_core.package_identification:_identify(src/local_mapper/src) by extension 'python_setup_py'
[0.346s] Level 1:colcon.colcon_core.package_identification:_identify(src/local_mapper/src/config) by extensions ['ignore', 'ignore_ament_install']
[0.347s] Level 1:colcon.colcon_core.package_identification:_identify(src/local_mapper/src/config) by extension 'ignore'
[0.347s] Level 1:colcon.colcon_core.package_identification:_identify(src/local_mapper/src/config) by extension 'ignore_ament_install'
[0.347s] Level 1:colcon.colcon_core.package_identification:_identify(src/local_mapper/src/config) by extensions ['colcon_pkg']
[0.347s] Level 1:colcon.colcon_core.package_identification:_identify(src/local_mapper/src/config) by extension 'colcon_pkg'
[0.347s] Level 1:colcon.colcon_core.package_identification:_identify(src/local_mapper/src/config) by extensions ['colcon_meta']
[0.347s] Level 1:colcon.colcon_core.package_identification:_identify(src/local_mapper/src/config) by extension 'colcon_meta'
[0.347s] Level 1:colcon.colcon_core.package_identification:_identify(src/local_mapper/src/config) by extensions ['ros']
[0.347s] Level 1:colcon.colcon_core.package_identification:_identify(src/local_mapper/src/config) by extension 'ros'
[0.347s] Level 1:colcon.colcon_core.package_identification:_identify(src/local_mapper/src/config) by extensions ['cmake', 'python']
[0.347s] Level 1:colcon.colcon_core.package_identification:_identify(src/local_mapper/src/config) by extension 'cmake'
[0.347s] Level 1:colcon.colcon_core.package_identification:_identify(src/local_mapper/src/config) by extension 'python'
[0.347s] Level 1:colcon.colcon_core.package_identification:_identify(src/local_mapper/src/config) by extensions ['python_setup_py']
[0.347s] Level 1:colcon.colcon_core.package_identification:_identify(src/local_mapper/src/config) by extension 'python_setup_py'
[0.348s] Level 1:colcon.colcon_core.package_identification:_identify(src/local_mapper/src/local_mapper) by extensions ['ignore', 'ignore_ament_install']
[0.348s] Level 1:colcon.colcon_core.package_identification:_identify(src/local_mapper/src/local_mapper) by extension 'ignore'
[0.348s] Level 1:colcon.colcon_core.package_identification:_identify(src/local_mapper/src/local_mapper) by extension 'ignore_ament_install'
[0.348s] Level 1:colcon.colcon_core.package_identification:_identify(src/local_mapper/src/local_mapper) by extensions ['colcon_pkg']
[0.348s] Level 1:colcon.colcon_core.package_identification:_identify(src/local_mapper/src/local_mapper) by extension 'colcon_pkg'
[0.348s] Level 1:colcon.colcon_core.package_identification:_identify(src/local_mapper/src/local_mapper) by extensions ['colcon_meta']
[0.348s] Level 1:colcon.colcon_core.package_identification:_identify(src/local_mapper/src/local_mapper) by extension 'colcon_meta'
[0.348s] Level 1:colcon.colcon_core.package_identification:_identify(src/local_mapper/src/local_mapper) by extensions ['ros']
[0.348s] Level 1:colcon.colcon_core.package_identification:_identify(src/local_mapper/src/local_mapper) by extension 'ros'
[0.349s] DEBUG:colcon.colcon_core.package_identification:Package 'src/local_mapper/src/local_mapper' with type 'ros.ament_cmake' and name 'local_mapper'
[0.349s] Level 1:colcon.colcon_core.package_discovery:discover_packages(recursive) using defaults
[0.350s] Level 1:colcon.colcon_core.package_discovery:discover_packages(ignore) discover
[0.350s] Level 1:colcon.colcon_core.package_discovery:discover_packages(ignore) using defaults
[0.350s] Level 1:colcon.colcon_core.package_discovery:discover_packages(path) discover
[0.350s] Level 1:colcon.colcon_core.package_discovery:discover_packages(path) using defaults
[0.382s] Level 1:colcon.colcon_core.package_discovery:discover_packages(prefix_path) check parameters
[0.382s] Level 1:colcon.colcon_core.package_discovery:discover_packages(prefix_path) discover
[0.387s] DEBUG:colcon.colcon_installed_package_information.package_discovery:Found 2 installed packages in /home/fvc/ros2_ws/install
[0.391s] DEBUG:colcon.colcon_installed_package_information.package_discovery:Found 322 installed packages in /opt/ros/humble
[0.429s] Level 1:colcon.colcon_core.package_discovery:discover_packages(prefix_path) using defaults
[0.483s] Level 5:colcon.colcon_core.verb:set package 'local_mapper' build argument 'cmake_args' from command line to 'None'
[0.484s] Level 5:colcon.colcon_core.verb:set package 'local_mapper' build argument 'cmake_target' from command line to 'None'
[0.484s] Level 5:colcon.colcon_core.verb:set package 'local_mapper' build argument 'cmake_target_skip_unavailable' from command line to 'False'
[0.484s] Level 5:colcon.colcon_core.verb:set package 'local_mapper' build argument 'cmake_clean_cache' from command line to 'False'
[0.484s] Level 5:colcon.colcon_core.verb:set package 'local_mapper' build argument 'cmake_clean_first' from command line to 'False'
[0.484s] Level 5:colcon.colcon_core.verb:set package 'local_mapper' build argument 'cmake_force_configure' from command line to 'False'
[0.484s] Level 5:colcon.colcon_core.verb:set package 'local_mapper' build argument 'ament_cmake_args' from command line to 'None'
[0.484s] Level 5:colcon.colcon_core.verb:set package 'local_mapper' build argument 'catkin_cmake_args' from command line to 'None'
[0.484s] Level 5:colcon.colcon_core.verb:set package 'local_mapper' build argument 'catkin_skip_building_tests' from command line to 'False'
[0.484s] DEBUG:colcon.colcon_core.verb:Building package 'local_mapper' with the following arguments: {'ament_cmake_args': None, 'build_base': '/home/fvc/ros2_ws/build/local_mapper', 'catkin_cmake_args': None, 'catkin_skip_building_tests': False, 'cmake_args': None, 'cmake_clean_cache': False, 'cmake_clean_first': False, 'cmake_force_configure': False, 'cmake_target': None, 'cmake_target_skip_unavailable': False, 'install_base': '/home/fvc/ros2_ws/install/local_mapper', 'merge_install': False, 'path': '/home/fvc/ros2_ws/src/local_mapper/src/local_mapper', 'symlink_install': False, 'test_result_base': None}
[0.484s] Level 5:colcon.colcon_core.verb:set package 'safety_shield' build argument 'cmake_args' from command line to 'None'
[0.484s] Level 5:colcon.colcon_core.verb:set package 'safety_shield' build argument 'cmake_target' from command line to 'None'
[0.484s] Level 5:colcon.colcon_core.verb:set package 'safety_shield' build argument 'cmake_target_skip_unavailable' from command line to 'False'
[0.484s] Level 5:colcon.colcon_core.verb:set package 'safety_shield' build argument 'cmake_clean_cache' from command line to 'False'
[0.484s] Level 5:colcon.colcon_core.verb:set package 'safety_shield' build argument 'cmake_clean_first' from command line to 'False'
[0.484s] Level 5:colcon.colcon_core.verb:set package 'safety_shield' build argument 'cmake_force_configure' from command line to 'False'
[0.484s] Level 5:colcon.colcon_core.verb:set package 'safety_shield' build argument 'ament_cmake_args' from command line to 'None'
[0.485s] Level 5:colcon.colcon_core.verb:set package 'safety_shield' build argument 'catkin_cmake_args' from command line to 'None'
[0.485s] Level 5:colcon.colcon_core.verb:set package 'safety_shield' build argument 'catkin_skip_building_tests' from command line to 'False'
[0.485s] DEBUG:colcon.colcon_core.verb:Building package 'safety_shield' with the following arguments: {'ament_cmake_args': None, 'build_base': '/home/fvc/ros2_ws/build/safety_shield', 'catkin_cmake_args': None, 'catkin_skip_building_tests': False, 'cmake_args': None, 'cmake_clean_cache': False, 'cmake_clean_first': False, 'cmake_force_configure': False, 'cmake_target': None, 'cmake_target_skip_unavailable': False, 'install_base': '/home/fvc/ros2_ws/install/safety_shield', 'merge_install': False, 'path': '/home/fvc/ros2_ws/safety_shield', 'symlink_install': False, 'test_result_base': None}
[0.485s] INFO:colcon.colcon_core.executor:Executing jobs using 'parallel' executor
[0.486s] DEBUG:colcon.colcon_parallel_executor.executor.parallel:run_until_complete
[0.487s] INFO:colcon.colcon_ros.task.ament_cmake.build:Building ROS package in '/home/fvc/ros2_ws/src/local_mapper/src/local_mapper' with build type 'ament_cmake'
[0.487s] INFO:colcon.colcon_cmake.task.cmake.build:Building CMake package in '/home/fvc/ros2_ws/src/local_mapper/src/local_mapper'
[0.490s] INFO:colcon.colcon_core.plugin_system:Skipping extension 'colcon_core.shell.bat': Not used on non-Windows systems
[0.491s] INFO:colcon.colcon_core.shell:Skip shell extension 'powershell' for command environment: Not usable outside of PowerShell
[0.491s] DEBUG:colcon.colcon_core.shell:Skip shell extension 'dsv' for command environment
[0.499s] INFO:colcon.colcon_ros.task.ament_cmake.build:Building ROS package in '/home/fvc/ros2_ws/safety_shield' with build type 'ament_cmake'
[0.501s] INFO:colcon.colcon_cmake.task.cmake.build:Building CMake package in '/home/fvc/ros2_ws/safety_shield'
[0.502s] INFO:colcon.colcon_core.shell:Skip shell extension 'powershell' for command environment: Not usable outside of PowerShell
[0.502s] DEBUG:colcon.colcon_core.shell:Skip shell extension 'dsv' for command environment
[0.519s] DEBUG:colcon.colcon_core.event_handler.log_command:Invoking command in '/home/fvc/ros2_ws/build/local_mapper': CMAKE_PREFIX_PATH=${CMAKE_PREFIX_PATH}:/opt/ros/humble /usr/bin/cmake --build /home/fvc/ros2_ws/build/local_mapper -- -j2 -l2
[0.549s] DEBUG:colcon.colcon_core.event_handler.log_command:Invoking command in '/home/fvc/ros2_ws/build/safety_shield': CMAKE_PREFIX_PATH=${CMAKE_PREFIX_PATH}:/opt/ros/humble /usr/bin/cmake --build /home/fvc/ros2_ws/build/safety_shield -- -j2 -l2
[0.924s] DEBUG:colcon.colcon_core.event_handler.log_command:Invoked command in '/home/fvc/ros2_ws/build/local_mapper' returned '0': CMAKE_PREFIX_PATH=${CMAKE_PREFIX_PATH}:/opt/ros/humble /usr/bin/cmake --build /home/fvc/ros2_ws/build/local_mapper -- -j2 -l2
[0.995s] DEBUG:colcon.colcon_core.event_handler.log_command:Invoking command in '/home/fvc/ros2_ws/build/local_mapper': CMAKE_PREFIX_PATH=${CMAKE_PREFIX_PATH}:/opt/ros/humble /usr/bin/cmake --install /home/fvc/ros2_ws/build/local_mapper
[1.199s] Level 1:colcon.colcon_core.environment:create_environment_scripts_only(local_mapper)
[1.210s] DEBUG:colcon.colcon_core.event_handler.log_command:Invoked command in '/home/fvc/ros2_ws/build/local_mapper' returned '0': CMAKE_PREFIX_PATH=${CMAKE_PREFIX_PATH}:/opt/ros/humble /usr/bin/cmake --install /home/fvc/ros2_ws/build/local_mapper
[1.214s] Level 1:colcon.colcon_core.environment:checking '/home/fvc/ros2_ws/install/local_mapper' for CMake module files
[1.215s] Level 1:colcon.colcon_core.environment:checking '/home/fvc/ros2_ws/install/local_mapper' for CMake config files
[1.216s] Level 1:colcon.colcon_core.shell:create_environment_hook('local_mapper', 'cmake_prefix_path')
[1.217s] INFO:colcon.colcon_core.shell:Creating environment hook '/home/fvc/ros2_ws/install/local_mapper/share/local_mapper/hook/cmake_prefix_path.ps1'
[1.234s] INFO:colcon.colcon_core.shell:Creating environment descriptor '/home/fvc/ros2_ws/install/local_mapper/share/local_mapper/hook/cmake_prefix_path.dsv'
[1.237s] INFO:colcon.colcon_core.shell:Creating environment hook '/home/fvc/ros2_ws/install/local_mapper/share/local_mapper/hook/cmake_prefix_path.sh'
[1.241s] Level 1:colcon.colcon_core.environment:checking '/home/fvc/ros2_ws/install/local_mapper/lib'
[1.241s] Level 1:colcon.colcon_core.environment:checking '/home/fvc/ros2_ws/install/local_mapper/bin'
[1.242s] Level 1:colcon.colcon_core.environment:checking '/home/fvc/ros2_ws/install/local_mapper/lib/pkgconfig/local_mapper.pc'
[1.245s] Level 1:colcon.colcon_core.environment:checking '/home/fvc/ros2_ws/install/local_mapper/lib/python3.10/site-packages'
[1.245s] Level 1:colcon.colcon_core.environment:checking '/home/fvc/ros2_ws/install/local_mapper/bin'
[1.246s] INFO:colcon.colcon_core.shell:Creating package script '/home/fvc/ros2_ws/install/local_mapper/share/local_mapper/package.ps1'
[1.254s] INFO:colcon.colcon_core.shell:Creating package descriptor '/home/fvc/ros2_ws/install/local_mapper/share/local_mapper/package.dsv'
[1.256s] INFO:colcon.colcon_core.shell:Creating package script '/home/fvc/ros2_ws/install/local_mapper/share/local_mapper/package.sh'
[1.262s] INFO:colcon.colcon_core.shell:Creating package script '/home/fvc/ros2_ws/install/local_mapper/share/local_mapper/package.bash'
[1.269s] INFO:colcon.colcon_core.shell:Creating package script '/home/fvc/ros2_ws/install/local_mapper/share/local_mapper/package.zsh'
[1.275s] Level 1:colcon.colcon_core.environment:create_file_with_runtime_dependencies(/home/fvc/ros2_ws/install/local_mapper/share/colcon-core/packages/local_mapper)
[1.276s] Level 1:colcon.colcon_core.environment:create_environment_scripts_only(local_mapper)
[1.276s] Level 1:colcon.colcon_core.environment:checking '/home/fvc/ros2_ws/install/local_mapper' for CMake module files
[1.277s] Level 1:colcon.colcon_core.environment:checking '/home/fvc/ros2_ws/install/local_mapper' for CMake config files
[1.277s] Level 1:colcon.colcon_core.shell:create_environment_hook('local_mapper', 'cmake_prefix_path')
[1.277s] INFO:colcon.colcon_core.shell:Creating environment hook '/home/fvc/ros2_ws/install/local_mapper/share/local_mapper/hook/cmake_prefix_path.ps1'
[1.282s] INFO:colcon.colcon_core.shell:Creating environment descriptor '/home/fvc/ros2_ws/install/local_mapper/share/local_mapper/hook/cmake_prefix_path.dsv'
[1.287s] INFO:colcon.colcon_core.shell:Creating environment hook '/home/fvc/ros2_ws/install/local_mapper/share/local_mapper/hook/cmake_prefix_path.sh'
[1.293s] Level 1:colcon.colcon_core.environment:checking '/home/fvc/ros2_ws/install/local_mapper/lib'
[1.296s] Level 1:colcon.colcon_core.environment:checking '/home/fvc/ros2_ws/install/local_mapper/bin'
[1.299s] Level 1:colcon.colcon_core.environment:checking '/home/fvc/ros2_ws/install/local_mapper/lib/pkgconfig/local_mapper.pc'
[1.299s] Level 1:colcon.colcon_core.environment:checking '/home/fvc/ros2_ws/install/local_mapper/lib/python3.10/site-packages'
[1.302s] Level 1:colcon.colcon_core.environment:checking '/home/fvc/ros2_ws/install/local_mapper/bin'
[1.305s] INFO:colcon.colcon_core.shell:Creating package script '/home/fvc/ros2_ws/install/local_mapper/share/local_mapper/package.ps1'
[1.307s] INFO:colcon.colcon_core.shell:Creating package descriptor '/home/fvc/ros2_ws/install/local_mapper/share/local_mapper/package.dsv'
[1.308s] INFO:colcon.colcon_core.shell:Creating package script '/home/fvc/ros2_ws/install/local_mapper/share/local_mapper/package.sh'
[1.309s] INFO:colcon.colcon_core.shell:Creating package script '/home/fvc/ros2_ws/install/local_mapper/share/local_mapper/package.bash'
[1.310s] INFO:colcon.colcon_core.shell:Creating package script '/home/fvc/ros2_ws/install/local_mapper/share/local_mapper/package.zsh'
[1.312s] Level 1:colcon.colcon_core.environment:create_file_with_runtime_dependencies(/home/fvc/ros2_ws/install/local_mapper/share/colcon-core/packages/local_mapper)
[6.412s] Level 1:colcon.colcon_core.environment:create_environment_scripts_only(safety_shield)
[6.412s] Level 1:colcon.colcon_core.environment:checking '/home/fvc/ros2_ws/install/safety_shield' for CMake module files
[6.413s] Level 1:colcon.colcon_core.environment:checking '/home/fvc/ros2_ws/install/safety_shield' for CMake config files
[6.415s] DEBUG:colcon.colcon_core.event_handler.log_command:Invoked command in '/home/fvc/ros2_ws/build/safety_shield' returned '2': CMAKE_PREFIX_PATH=${CMAKE_PREFIX_PATH}:/opt/ros/humble /usr/bin/cmake --build /home/fvc/ros2_ws/build/safety_shield -- -j2 -l2
[6.415s] Level 1:colcon.colcon_core.shell:create_environment_hook('safety_shield', 'cmake_prefix_path')
[6.415s] INFO:colcon.colcon_core.shell:Creating environment hook '/home/fvc/ros2_ws/install/safety_shield/share/safety_shield/hook/cmake_prefix_path.ps1'
[6.418s] INFO:colcon.colcon_core.shell:Creating environment descriptor '/home/fvc/ros2_ws/install/safety_shield/share/safety_shield/hook/cmake_prefix_path.dsv'
[6.419s] INFO:colcon.colcon_core.shell:Creating environment hook '/home/fvc/ros2_ws/install/safety_shield/share/safety_shield/hook/cmake_prefix_path.sh'
[6.420s] Level 1:colcon.colcon_core.environment:checking '/home/fvc/ros2_ws/install/safety_shield/lib'
[6.420s] Level 1:colcon.colcon_core.environment:checking '/home/fvc/ros2_ws/install/safety_shield/bin'
[6.420s] Level 1:colcon.colcon_core.environment:checking '/home/fvc/ros2_ws/install/safety_shield/lib/pkgconfig/safety_shield.pc'
[6.420s] Level 1:colcon.colcon_core.environment:checking '/home/fvc/ros2_ws/install/safety_shield/lib/python3.10/site-packages'
[6.421s] Level 1:colcon.colcon_core.environment:checking '/home/fvc/ros2_ws/install/safety_shield/bin'
[6.421s] INFO:colcon.colcon_core.shell:Creating package script '/home/fvc/ros2_ws/install/safety_shield/share/safety_shield/package.ps1'
[6.424s] INFO:colcon.colcon_core.shell:Creating package descriptor '/home/fvc/ros2_ws/install/safety_shield/share/safety_shield/package.dsv'
[6.426s] INFO:colcon.colcon_core.shell:Creating package script '/home/fvc/ros2_ws/install/safety_shield/share/safety_shield/package.sh'
[6.428s] INFO:colcon.colcon_core.shell:Creating package script '/home/fvc/ros2_ws/install/safety_shield/share/safety_shield/package.bash'
[6.432s] INFO:colcon.colcon_core.shell:Creating package script '/home/fvc/ros2_ws/install/safety_shield/share/safety_shield/package.zsh'
[6.434s] Level 1:colcon.colcon_core.environment:create_file_with_runtime_dependencies(/home/fvc/ros2_ws/install/safety_shield/share/colcon-core/packages/safety_shield)
[6.436s] DEBUG:colcon.colcon_parallel_executor.executor.parallel:closing loop
[6.438s] DEBUG:colcon.colcon_parallel_executor.executor.parallel:loop closed
[6.438s] DEBUG:colcon.colcon_parallel_executor.executor.parallel:run_until_complete finished with '2'
[6.439s] DEBUG:colcon.colcon_core.event_reactor:joining thread
[6.448s] INFO:colcon.colcon_core.plugin_system:Skipping extension 'colcon_notification.desktop_notification.terminal_notifier': Not used on non-Darwin systems
[6.448s] INFO:colcon.colcon_core.plugin_system:Skipping extension 'colcon_notification.desktop_notification.win32': Not used on non-Windows systems
[6.448s] INFO:colcon.colcon_notification.desktop_notification:Sending desktop notification using 'notify2'
[6.469s] DEBUG:colcon.colcon_core.event_reactor:joined thread
[6.470s] INFO:colcon.colcon_core.shell:Creating prefix script '/home/fvc/ros2_ws/install/local_setup.ps1'
[6.472s] INFO:colcon.colcon_core.shell:Creating prefix util module '/home/fvc/ros2_ws/install/_local_setup_util_ps1.py'
[6.478s] INFO:colcon.colcon_core.shell:Creating prefix chain script '/home/fvc/ros2_ws/install/setup.ps1'
[6.479s] INFO:colcon.colcon_core.shell:Creating prefix script '/home/fvc/ros2_ws/install/local_setup.sh'
[6.480s] INFO:colcon.colcon_core.shell:Creating prefix util module '/home/fvc/ros2_ws/install/_local_setup_util_sh.py'
[6.482s] INFO:colcon.colcon_core.shell:Creating prefix chain script '/home/fvc/ros2_ws/install/setup.sh'
[6.484s] INFO:colcon.colcon_core.shell:Creating prefix script '/home/fvc/ros2_ws/install/local_setup.bash'
[6.485s] INFO:colcon.colcon_core.shell:Creating prefix chain script '/home/fvc/ros2_ws/install/setup.bash'
[6.486s] INFO:colcon.colcon_core.shell:Creating prefix script '/home/fvc/ros2_ws/install/local_setup.zsh'
[6.487s] INFO:colcon.colcon_core.shell:Creating prefix chain script '/home/fvc/ros2_ws/install/setup.zsh'
