[0.042s] Invoking command in '/home/fvc/ros2_ws/build/safety_shield': CMAKE_PREFIX_PATH=/opt/ros/humble /usr/bin/cmake /home/fvc/ros2_ws/src/safety_shield -DAMENT_CMAKE_SYMLINK_INSTALL=1 -DCMAKE_INSTALL_PREFIX=/home/fvc/ros2_ws/install/safety_shield
[0.069s] -- Found ament_cmake: 1.3.12 (/opt/ros/humble/share/ament_cmake/cmake)
[0.341s] -- Override CMake install command with custom implementation using symlinks instead of copying resources
[0.370s] -- Found rclcpp: 16.0.14 (/opt/ros/humble/share/rclcpp/cmake)
[0.429s] -- Found rosidl_generator_c: 3.1.7 (/opt/ros/humble/share/rosidl_generator_c/cmake)
[0.429s] -- Found rosidl_adapter: 3.1.7 (/opt/ros/humble/share/rosidl_adapter/cmake)
[0.451s] -- Found rosidl_generator_cpp: 3.1.7 (/opt/ros/humble/share/rosidl_generator_cpp/cmake)
[0.474s] -- Using all available rosidl_typesupport_c: rosidl_typesupport_fastrtps_c;rosidl_typesupport_introspection_c
[0.499s] -- Using all available rosidl_typesupport_cpp: rosidl_typesupport_fastrtps_cpp;rosidl_typesupport_introspection_cpp
[0.544s] -- Found rmw_implementation_cmake: 6.1.2 (/opt/ros/humble/share/rmw_implementation_cmake/cmake)
[0.548s] -- Found rmw_fastrtps_cpp: 6.2.8 (/opt/ros/humble/share/rmw_fastrtps_cpp/cmake)
[0.729s] -- Using RMW implementation 'rmw_fastrtps_cpp' as default
[0.789s] -- Found nav_msgs: 4.9.0 (/opt/ros/humble/share/nav_msgs/cmake)
[0.825s] -- Found sensor_msgs: 4.9.0 (/opt/ros/humble/share/sensor_msgs/cmake)
[0.860s] -- Found ament_lint_auto: 0.12.14 (/opt/ros/humble/share/ament_lint_auto/cmake)
[0.976s] -- Added test 'cppcheck' to perform static code analysis on C / C++ code
[0.976s] -- Configured cppcheck include dirs: 
[0.976s] -- Configured cppcheck exclude dirs and/or files: 
[0.976s] -- Added test 'lint_cmake' to check CMake code style
[0.976s] -- Added test 'uncrustify' to check C / C++ code style
[0.977s] -- Configured uncrustify additional arguments: 
[0.977s] -- Added test 'xmllint' to check XML markup files
[0.981s] -- Configuring done
[1.032s] -- Generating done
[1.057s] -- Build files have been written to: /home/fvc/ros2_ws/build/safety_shield
[1.075s] Invoked command in '/home/fvc/ros2_ws/build/safety_shield' returned '0': CMAKE_PREFIX_PATH=/opt/ros/humble /usr/bin/cmake /home/fvc/ros2_ws/src/safety_shield -DAMENT_CMAKE_SYMLINK_INSTALL=1 -DCMAKE_INSTALL_PREFIX=/home/fvc/ros2_ws/install/safety_shield
[1.086s] Invoking command in '/home/fvc/ros2_ws/build/safety_shield': CMAKE_PREFIX_PATH=/opt/ros/humble /usr/bin/cmake --build /home/fvc/ros2_ws/build/safety_shield -- -j2 -l2
[1.167s] [35m[1mConsolidate compiler generated dependencies of target safety_shield_node[0m
[1.188s] [35m[1mConsolidate compiler generated dependencies of target publisher_node[0m
[1.251s] [ 50%] [32m[1mLinking CXX executable safety_shield_node[0m
[1.252s] [ 50%] [32m[1mLinking CXX executable publisher_node[0m
[1.740s] [ 75%] Built target safety_shield_node
[1.909s] [100%] Built target publisher_node
[1.941s] Invoked command in '/home/fvc/ros2_ws/build/safety_shield' returned '0': CMAKE_PREFIX_PATH=/opt/ros/humble /usr/bin/cmake --build /home/fvc/ros2_ws/build/safety_shield -- -j2 -l2
[1.980s] Invoking command in '/home/fvc/ros2_ws/build/safety_shield': CMAKE_PREFIX_PATH=/opt/ros/humble /usr/bin/cmake --install /home/fvc/ros2_ws/build/safety_shield
[1.999s] -- Install configuration: ""
[1.999s] -- Execute custom install script
[2.003s] -- Symlinking: /home/fvc/ros2_ws/install/safety_shield/lib/safety_shield/safety_shield_node
[2.026s] -- Symlinking: /home/fvc/ros2_ws/install/safety_shield/lib/safety_shield/publisher_node
[2.047s] -- Symlinking: /home/fvc/ros2_ws/install/safety_shield/share/ament_index/resource_index/package_run_dependencies/safety_shield
[2.064s] -- Symlinking: /home/fvc/ros2_ws/install/safety_shield/share/ament_index/resource_index/parent_prefix_path/safety_shield
[2.078s] -- Symlinking: /home/fvc/ros2_ws/install/safety_shield/share/safety_shield/environment/ament_prefix_path.sh
[2.115s] -- Symlinking: /home/fvc/ros2_ws/install/safety_shield/share/safety_shield/environment/ament_prefix_path.dsv
[2.137s] -- Symlinking: /home/fvc/ros2_ws/install/safety_shield/share/safety_shield/environment/path.sh
[2.156s] -- Symlinking: /home/fvc/ros2_ws/install/safety_shield/share/safety_shield/environment/path.dsv
[2.171s] -- Symlinking: /home/fvc/ros2_ws/install/safety_shield/share/safety_shield/local_setup.bash
[2.183s] -- Symlinking: /home/fvc/ros2_ws/install/safety_shield/share/safety_shield/local_setup.sh
[2.206s] -- Symlinking: /home/fvc/ros2_ws/install/safety_shield/share/safety_shield/local_setup.zsh
[2.242s] -- Symlinking: /home/fvc/ros2_ws/install/safety_shield/share/safety_shield/local_setup.dsv
[2.260s] -- Symlinking: /home/fvc/ros2_ws/install/safety_shield/share/safety_shield/package.dsv
[2.277s] -- Symlinking: /home/fvc/ros2_ws/install/safety_shield/share/ament_index/resource_index/packages/safety_shield
[2.297s] -- Symlinking: /home/fvc/ros2_ws/install/safety_shield/share/safety_shield/cmake/safety_shieldConfig.cmake
[2.321s] -- Symlinking: /home/fvc/ros2_ws/install/safety_shield/share/safety_shield/cmake/safety_shieldConfig-version.cmake
[2.345s] -- Symlinking: /home/fvc/ros2_ws/install/safety_shield/share/safety_shield/package.xml
[2.374s] Invoked command in '/home/fvc/ros2_ws/build/safety_shield' returned '0': CMAKE_PREFIX_PATH=/opt/ros/humble /usr/bin/cmake --install /home/fvc/ros2_ws/build/safety_shield
