[0.037s] Invoking command in '/home/fvc/ros2_ws/build/safety_shield': CMAKE_PREFIX_PATH=/opt/ros/humble /usr/bin/cmake --build /home/fvc/ros2_ws/build/safety_shield -- -j2 -l2
[0.147s] -- Found ament_cmake: 1.3.12 (/opt/ros/humble/share/ament_cmake/cmake)
[0.427s] -- Override CMake install command with custom implementation using symlinks instead of copying resources
[0.432s] -- Found rclcpp: 16.0.14 (/opt/ros/humble/share/rclcpp/cmake)
[0.476s] -- Found rosidl_generator_c: 3.1.7 (/opt/ros/humble/share/rosidl_generator_c/cmake)
[0.479s] -- Found rosidl_adapter: 3.1.7 (/opt/ros/humble/share/rosidl_adapter/cmake)
[0.487s] -- Found rosidl_generator_cpp: 3.1.7 (/opt/ros/humble/share/rosidl_generator_cpp/cmake)
[0.510s] -- Using all available rosidl_typesupport_c: rosidl_typesupport_fastrtps_c;rosidl_typesupport_introspection_c
[0.525s] -- Using all available rosidl_typesupport_cpp: rosidl_typesupport_fastrtps_cpp;rosidl_typesupport_introspection_cpp
[0.586s] -- Found rmw_implementation_cmake: 6.1.2 (/opt/ros/humble/share/rmw_implementation_cmake/cmake)
[0.591s] -- Found rmw_fastrtps_cpp: 6.2.8 (/opt/ros/humble/share/rmw_fastrtps_cpp/cmake)
[0.805s] -- Using RMW implementation 'rmw_fastrtps_cpp' as default
[0.909s] -- Found nav_msgs: 4.9.0 (/opt/ros/humble/share/nav_msgs/cmake)
[0.963s] -- Found sensor_msgs: 4.9.0 (/opt/ros/humble/share/sensor_msgs/cmake)
[1.000s] [31mCMake Error at CMakeLists.txt:14 (find_package):
[1.002s]   By not providing "Findlocal_mapper.cmake" in CMAKE_MODULE_PATH this project
[1.002s]   has asked CMake to find a package configuration file provided by
[1.002s]   "local_mapper", but CMake did not find one.
[1.002s] 
[1.002s]   Could not find a package configuration file provided by "local_mapper" with
[1.002s]   any of the following names:
[1.002s] 
[1.002s]     local_mapperConfig.cmake
[1.002s]     local_mapper-config.cmake
[1.003s] 
[1.003s]   Add the installation prefix of "local_mapper" to CMAKE_PREFIX_PATH or set
[1.003s]   "local_mapper_DIR" to a directory containing one of the above files.  If
[1.003s]   "local_mapper" provides a separate development package or SDK, be sure it
[1.003s]   has been installed.
[1.003s] 
[1.003s] [0m
[1.003s] -- Configuring incomplete, errors occurred!
[1.003s] See also "/home/fvc/ros2_ws/build/safety_shield/CMakeFiles/CMakeOutput.log".
[1.012s] gmake: *** [Makefile:308: cmake_check_build_system] Error 1
[1.017s] Invoked command in '/home/fvc/ros2_ws/build/safety_shield' returned '2': CMAKE_PREFIX_PATH=/opt/ros/humble /usr/bin/cmake --build /home/fvc/ros2_ws/build/safety_shield -- -j2 -l2
