[0.024s] Invoking command in '/home/fvc/ros2_ws/build/safety_shield': CMAKE_PREFIX_PATH=/opt/ros/humble /usr/bin/cmake /home/fvc/ros2_ws/safety_shield -DCMAKE_INSTALL_PREFIX=/home/fvc/ros2_ws/install/safety_shield
[0.428s] -- The C compiler identification is GNU 11.4.0
[0.710s] -- The CXX compiler identification is GNU 11.4.0
[0.758s] -- Detecting C compiler ABI info
[1.063s] -- Detecting C compiler ABI info - done
[1.082s] -- Check for working C compiler: /usr/bin/cc - skipped
[1.082s] -- Detecting C compile features
[1.084s] -- Detecting C compile features - done
[1.095s] -- Detecting CXX compiler ABI info
[1.421s] -- Detecting CXX compiler ABI info - done
[1.438s] -- Check for working CXX compiler: /usr/bin/c++ - skipped
[1.438s] -- Detecting CXX compile features
[1.438s] -- Detecting CXX compile features - done
[1.460s] -- Found ament_cmake: 1.3.12 (/opt/ros/humble/share/ament_cmake/cmake)
[1.883s] -- Found Python3: /usr/bin/python3 (found version "3.10.12") found components: Interpreter 
[2.158s] -- Found rclcpp: 16.0.14 (/opt/ros/humble/share/rclcpp/cmake)
[2.285s] -- Found rosidl_generator_c: 3.1.7 (/opt/ros/humble/share/rosidl_generator_c/cmake)
[2.300s] -- Found rosidl_adapter: 3.1.7 (/opt/ros/humble/share/rosidl_adapter/cmake)
[2.329s] -- Found rosidl_generator_cpp: 3.1.7 (/opt/ros/humble/share/rosidl_generator_cpp/cmake)
[2.380s] -- Using all available rosidl_typesupport_c: rosidl_typesupport_fastrtps_c;rosidl_typesupport_introspection_c
[2.457s] -- Using all available rosidl_typesupport_cpp: rosidl_typesupport_fastrtps_cpp;rosidl_typesupport_introspection_cpp
[2.644s] -- Found rmw_implementation_cmake: 6.1.2 (/opt/ros/humble/share/rmw_implementation_cmake/cmake)
[2.670s] -- Found rmw_fastrtps_cpp: 6.2.8 (/opt/ros/humble/share/rmw_fastrtps_cpp/cmake)
[2.891s] -- Found OpenSSL: /usr/lib/x86_64-linux-gnu/libcrypto.so (found version "3.0.2")  
[2.974s] -- Found FastRTPS: /opt/ros/humble/include  
[3.077s] -- Using RMW implementation 'rmw_fastrtps_cpp' as default
[3.096s] -- Looking for pthread.h
[3.334s] -- Looking for pthread.h - found
[3.340s] -- Performing Test CMAKE_HAVE_LIBC_PTHREAD
[3.665s] -- Performing Test CMAKE_HAVE_LIBC_PTHREAD - Success
[3.674s] -- Found Threads: TRUE  
[3.892s] -- Found nav_msgs: 4.9.0 (/opt/ros/humble/share/nav_msgs/cmake)
[4.000s] -- Found ament_lint_auto: 0.12.14 (/opt/ros/humble/share/ament_lint_auto/cmake)
[4.287s] -- Added test 'cppcheck' to perform static code analysis on C / C++ code
[4.287s] -- Configured cppcheck include dirs: 
[4.287s] -- Configured cppcheck exclude dirs and/or files: 
[4.290s] -- Added test 'lint_cmake' to check CMake code style
[4.295s] -- Added test 'uncrustify' to check C / C++ code style
[4.295s] -- Configured uncrustify additional arguments: 
[4.299s] -- Added test 'xmllint' to check XML markup files
[4.305s] -- Configuring done
[4.326s] -- Generating done
[4.336s] -- Build files have been written to: /home/fvc/ros2_ws/build/safety_shield
[4.373s] Invoked command in '/home/fvc/ros2_ws/build/safety_shield' returned '0': CMAKE_PREFIX_PATH=/opt/ros/humble /usr/bin/cmake /home/fvc/ros2_ws/safety_shield -DCMAKE_INSTALL_PREFIX=/home/fvc/ros2_ws/install/safety_shield
[4.374s] Invoking command in '/home/fvc/ros2_ws/build/safety_shield': CMAKE_PREFIX_PATH=/opt/ros/humble /usr/bin/cmake --build /home/fvc/ros2_ws/build/safety_shield -- -j2 -l2
[4.495s] Invoked command in '/home/fvc/ros2_ws/build/safety_shield' returned '0': CMAKE_PREFIX_PATH=/opt/ros/humble /usr/bin/cmake --build /home/fvc/ros2_ws/build/safety_shield -- -j2 -l2
[4.524s] Invoking command in '/home/fvc/ros2_ws/build/safety_shield': CMAKE_PREFIX_PATH=/opt/ros/humble /usr/bin/cmake --install /home/fvc/ros2_ws/build/safety_shield
[4.573s] -- Install configuration: ""
[4.575s] -- Installing: /home/fvc/ros2_ws/install/safety_shield/share/ament_index/resource_index/package_run_dependencies/safety_shield
[4.579s] -- Installing: /home/fvc/ros2_ws/install/safety_shield/share/ament_index/resource_index/parent_prefix_path/safety_shield
[4.579s] -- Installing: /home/fvc/ros2_ws/install/safety_shield/share/safety_shield/environment/ament_prefix_path.sh
[4.579s] -- Installing: /home/fvc/ros2_ws/install/safety_shield/share/safety_shield/environment/ament_prefix_path.dsv
[4.582s] -- Installing: /home/fvc/ros2_ws/install/safety_shield/share/safety_shield/environment/path.sh
[4.582s] -- Installing: /home/fvc/ros2_ws/install/safety_shield/share/safety_shield/environment/path.dsv
[4.583s] -- Installing: /home/fvc/ros2_ws/install/safety_shield/share/safety_shield/local_setup.bash
[4.584s] -- Installing: /home/fvc/ros2_ws/install/safety_shield/share/safety_shield/local_setup.sh
[4.591s] -- Installing: /home/fvc/ros2_ws/install/safety_shield/share/safety_shield/local_setup.zsh
[4.591s] -- Installing: /home/fvc/ros2_ws/install/safety_shield/share/safety_shield/local_setup.dsv
[4.591s] -- Installing: /home/fvc/ros2_ws/install/safety_shield/share/safety_shield/package.dsv
[4.591s] -- Installing: /home/fvc/ros2_ws/install/safety_shield/share/ament_index/resource_index/packages/safety_shield
[4.591s] -- Installing: /home/fvc/ros2_ws/install/safety_shield/share/safety_shield/cmake/safety_shieldConfig.cmake
[4.591s] -- Installing: /home/fvc/ros2_ws/install/safety_shield/share/safety_shield/cmake/safety_shieldConfig-version.cmake
[4.591s] -- Installing: /home/fvc/ros2_ws/install/safety_shield/share/safety_shield/package.xml
[4.600s] Invoked command in '/home/fvc/ros2_ws/build/safety_shield' returned '0': CMAKE_PREFIX_PATH=/opt/ros/humble /usr/bin/cmake --install /home/fvc/ros2_ws/build/safety_shield
