[0.026s] Invoking command in '/home/fvc/ros2_ws/build/safety_shield': CMAKE_PREFIX_PATH=/opt/ros/humble /usr/bin/cmake --build /home/fvc/ros2_ws/build/safety_shield -- -j2 -l2
[0.300s] Invoked command in '/home/fvc/ros2_ws/build/safety_shield' returned '0': CMAKE_PREFIX_PATH=/opt/ros/humble /usr/bin/cmake --build /home/fvc/ros2_ws/build/safety_shield -- -j2 -l2
[0.301s] Invoking command in '/home/fvc/ros2_ws/build/safety_shield': CMAKE_PREFIX_PATH=/opt/ros/humble /usr/bin/cmake --install /home/fvc/ros2_ws/build/safety_shield
[0.309s] -- Install configuration: ""
[0.310s] -- Up-to-date: /home/fvc/ros2_ws/install/safety_shield/share/ament_index/resource_index/package_run_dependencies/safety_shield
[0.310s] -- Up-to-date: /home/fvc/ros2_ws/install/safety_shield/share/ament_index/resource_index/parent_prefix_path/safety_shield
[0.311s] -- Up-to-date: /home/fvc/ros2_ws/install/safety_shield/share/safety_shield/environment/ament_prefix_path.sh
[0.312s] -- Up-to-date: /home/fvc/ros2_ws/install/safety_shield/share/safety_shield/environment/ament_prefix_path.dsv
[0.312s] -- Up-to-date: /home/fvc/ros2_ws/install/safety_shield/share/safety_shield/environment/path.sh
[0.313s] -- Up-to-date: /home/fvc/ros2_ws/install/safety_shield/share/safety_shield/environment/path.dsv
[0.313s] -- Up-to-date: /home/fvc/ros2_ws/install/safety_shield/share/safety_shield/local_setup.bash
[0.313s] -- Up-to-date: /home/fvc/ros2_ws/install/safety_shield/share/safety_shield/local_setup.sh
[0.314s] -- Up-to-date: /home/fvc/ros2_ws/install/safety_shield/share/safety_shield/local_setup.zsh
[0.314s] -- Up-to-date: /home/fvc/ros2_ws/install/safety_shield/share/safety_shield/local_setup.dsv
[0.314s] -- Up-to-date: /home/fvc/ros2_ws/install/safety_shield/share/safety_shield/package.dsv
[0.315s] -- Up-to-date: /home/fvc/ros2_ws/install/safety_shield/share/ament_index/resource_index/packages/safety_shield
[0.316s] -- Up-to-date: /home/fvc/ros2_ws/install/safety_shield/share/safety_shield/cmake/safety_shieldConfig.cmake
[0.316s] -- Up-to-date: /home/fvc/ros2_ws/install/safety_shield/share/safety_shield/cmake/safety_shieldConfig-version.cmake
[0.323s] -- Up-to-date: /home/fvc/ros2_ws/install/safety_shield/share/safety_shield/package.xml
[0.329s] Invoked command in '/home/fvc/ros2_ws/build/safety_shield' returned '0': CMAKE_PREFIX_PATH=/opt/ros/humble /usr/bin/cmake --install /home/fvc/ros2_ws/build/safety_shield
