[0.047s] Invoking command in '/home/fvc/ros2_ws/build/safety_shield': CMAKE_PREFIX_PATH=/opt/ros/humble /usr/bin/cmake /home/fvc/ros2_ws/src/safety_shield -DCMAKE_INSTALL_PREFIX=/home/fvc/ros2_ws/install/safety_shield
[0.234s] -- The C compiler identification is GNU 11.4.0
[0.409s] -- The CXX compiler identification is GNU 11.4.0
[0.465s] -- Detecting C compiler ABI info
[0.774s] -- Detecting C compiler ABI info - done
[0.799s] -- Check for working C compiler: /usr/bin/cc - skipped
[0.799s] -- Detecting C compile features
[0.803s] -- Detecting C compile features - done
[0.820s] -- Detecting CXX compiler ABI info
[1.013s] -- Detecting CXX compiler ABI info - done
[1.022s] -- Check for working CXX compiler: /usr/bin/c++ - skipped
[1.023s] -- Detecting CXX compile features
[1.024s] -- Detecting CXX compile features - done
[1.027s] -- Found ament_cmake: 1.3.12 (/opt/ros/humble/share/ament_cmake/cmake)
[1.316s] -- Found Python3: /usr/bin/python3 (found version "3.10.12") found components: Interpreter 
[1.457s] -- Found rclcpp: 16.0.14 (/opt/ros/humble/share/rclcpp/cmake)
[1.528s] -- Found rosidl_generator_c: 3.1.7 (/opt/ros/humble/share/rosidl_generator_c/cmake)
[1.538s] -- Found rosidl_adapter: 3.1.7 (/opt/ros/humble/share/rosidl_adapter/cmake)
[1.560s] -- Found rosidl_generator_cpp: 3.1.7 (/opt/ros/humble/share/rosidl_generator_cpp/cmake)
[1.584s] -- Using all available rosidl_typesupport_c: rosidl_typesupport_fastrtps_c;rosidl_typesupport_introspection_c
[1.612s] -- Using all available rosidl_typesupport_cpp: rosidl_typesupport_fastrtps_cpp;rosidl_typesupport_introspection_cpp
[1.691s] -- Found rmw_implementation_cmake: 6.1.2 (/opt/ros/humble/share/rmw_implementation_cmake/cmake)
[1.702s] -- Found rmw_fastrtps_cpp: 6.2.8 (/opt/ros/humble/share/rmw_fastrtps_cpp/cmake)
[1.854s] -- Found OpenSSL: /usr/lib/x86_64-linux-gnu/libcrypto.so (found version "3.0.2")  
[1.946s] -- Found FastRTPS: /opt/ros/humble/include  
[2.022s] -- Using RMW implementation 'rmw_fastrtps_cpp' as default
[2.037s] -- Looking for pthread.h
[2.281s] -- Looking for pthread.h - found
[2.281s] -- Performing Test CMAKE_HAVE_LIBC_PTHREAD
[2.513s] -- Performing Test CMAKE_HAVE_LIBC_PTHREAD - Success
[2.519s] -- Found Threads: TRUE  
[2.684s] -- Found nav_msgs: 4.9.0 (/opt/ros/humble/share/nav_msgs/cmake)
[2.756s] -- Found sensor_msgs: 4.9.0 (/opt/ros/humble/share/sensor_msgs/cmake)
[2.813s] -- Found ament_lint_auto: 0.12.14 (/opt/ros/humble/share/ament_lint_auto/cmake)
[3.092s] -- Added test 'cppcheck' to perform static code analysis on C / C++ code
[3.092s] -- Configured cppcheck include dirs: 
[3.092s] -- Configured cppcheck exclude dirs and/or files: 
[3.096s] -- Added test 'lint_cmake' to check CMake code style
[3.100s] -- Added test 'uncrustify' to check C / C++ code style
[3.102s] -- Configured uncrustify additional arguments: 
[3.105s] -- Added test 'xmllint' to check XML markup files
[3.110s] -- Configuring done
[3.154s] -- Generating done
[3.167s] -- Build files have been written to: /home/fvc/ros2_ws/build/safety_shield
[3.193s] Invoked command in '/home/fvc/ros2_ws/build/safety_shield' returned '0': CMAKE_PREFIX_PATH=/opt/ros/humble /usr/bin/cmake /home/fvc/ros2_ws/src/safety_shield -DCMAKE_INSTALL_PREFIX=/home/fvc/ros2_ws/install/safety_shield
[3.204s] Invoking command in '/home/fvc/ros2_ws/build/safety_shield': CMAKE_PREFIX_PATH=/opt/ros/humble /usr/bin/cmake --build /home/fvc/ros2_ws/build/safety_shield -- -j2 -l2
[3.394s] [ 25%] [32mBuilding CXX object CMakeFiles/safety_shield_node.dir/src/safety_shield.cpp.o[0m
[3.408s] [ 50%] [32mBuilding CXX object CMakeFiles/publisher_node.dir/src/publisher.cpp.o[0m
[13.217s] [ 75%] [32m[1mLinking CXX executable safety_shield_node[0m
[13.759s] [ 75%] Built target safety_shield_node
[16.666s] [100%] [32m[1mLinking CXX executable publisher_node[0m
[17.231s] [100%] Built target publisher_node
[17.255s] Invoked command in '/home/fvc/ros2_ws/build/safety_shield' returned '0': CMAKE_PREFIX_PATH=/opt/ros/humble /usr/bin/cmake --build /home/fvc/ros2_ws/build/safety_shield -- -j2 -l2
[17.275s] Invoking command in '/home/fvc/ros2_ws/build/safety_shield': CMAKE_PREFIX_PATH=/opt/ros/humble /usr/bin/cmake --install /home/fvc/ros2_ws/build/safety_shield
[17.284s] -- Install configuration: ""
[17.285s] -- Installing: /home/fvc/ros2_ws/install/safety_shield/lib/safety_shield/safety_shield_node
[17.288s] -- Set runtime path of "/home/fvc/ros2_ws/install/safety_shield/lib/safety_shield/safety_shield_node" to ""
[17.288s] -- Installing: /home/fvc/ros2_ws/install/safety_shield/share/safety_shield/launch
[17.289s] -- Installing: /home/fvc/ros2_ws/install/safety_shield/lib/safety_shield/publisher_node
[17.305s] -- Set runtime path of "/home/fvc/ros2_ws/install/safety_shield/lib/safety_shield/publisher_node" to ""
[17.306s] -- Installing: /home/fvc/ros2_ws/install/safety_shield/share/ament_index/resource_index/package_run_dependencies/safety_shield
[17.308s] -- Installing: /home/fvc/ros2_ws/install/safety_shield/share/ament_index/resource_index/parent_prefix_path/safety_shield
[17.308s] -- Installing: /home/fvc/ros2_ws/install/safety_shield/share/safety_shield/environment/ament_prefix_path.sh
[17.308s] -- Installing: /home/fvc/ros2_ws/install/safety_shield/share/safety_shield/environment/ament_prefix_path.dsv
[17.308s] -- Installing: /home/fvc/ros2_ws/install/safety_shield/share/safety_shield/environment/path.sh
[17.308s] -- Installing: /home/fvc/ros2_ws/install/safety_shield/share/safety_shield/environment/path.dsv
[17.308s] -- Installing: /home/fvc/ros2_ws/install/safety_shield/share/safety_shield/local_setup.bash
[17.308s] -- Installing: /home/fvc/ros2_ws/install/safety_shield/share/safety_shield/local_setup.sh
[17.308s] -- Installing: /home/fvc/ros2_ws/install/safety_shield/share/safety_shield/local_setup.zsh
[17.308s] -- Installing: /home/fvc/ros2_ws/install/safety_shield/share/safety_shield/local_setup.dsv
[17.309s] -- Installing: /home/fvc/ros2_ws/install/safety_shield/share/safety_shield/package.dsv
[17.309s] -- Installing: /home/fvc/ros2_ws/install/safety_shield/share/ament_index/resource_index/packages/safety_shield
[17.309s] -- Installing: /home/fvc/ros2_ws/install/safety_shield/share/safety_shield/cmake/safety_shieldConfig.cmake
[17.312s] -- Installing: /home/fvc/ros2_ws/install/safety_shield/share/safety_shield/cmake/safety_shieldConfig-version.cmake
[17.312s] -- Installing: /home/fvc/ros2_ws/install/safety_shield/share/safety_shield/package.xml
[17.322s] Invoked command in '/home/fvc/ros2_ws/build/safety_shield' returned '0': CMAKE_PREFIX_PATH=/opt/ros/humble /usr/bin/cmake --install /home/fvc/ros2_ws/build/safety_shield
