[0.032s] Invoking command in '/home/fvc/ros2_ws/build/local_mapper': CMAKE_PREFIX_PATH=/opt/ros/humble /usr/bin/cmake /home/fvc/ros2_ws/src/local_mapper/src/local_mapper -DAMENT_CMAKE_SYMLINK_INSTALL=1 -DCMAKE_INSTALL_PREFIX=/home/fvc/ros2_ws/install/local_mapper
[0.060s] -- Found ament_cmake: 1.3.12 (/opt/ros/humble/share/ament_cmake/cmake)
[0.329s] -- Override CMake install command with custom implementation using symlinks instead of copying resources
[0.356s] -- Found rclcpp: 16.0.14 (/opt/ros/humble/share/rclcpp/cmake)
[0.411s] -- Found rosidl_generator_c: 3.1.7 (/opt/ros/humble/share/rosidl_generator_c/cmake)
[0.415s] -- Found rosidl_adapter: 3.1.7 (/opt/ros/humble/share/rosidl_adapter/cmake)
[0.428s] -- Found rosidl_generator_cpp: 3.1.7 (/opt/ros/humble/share/rosidl_generator_cpp/cmake)
[0.442s] -- Using all available rosidl_typesupport_c: rosidl_typesupport_fastrtps_c;rosidl_typesupport_introspection_c
[0.458s] -- Using all available rosidl_typesupport_cpp: rosidl_typesupport_fastrtps_cpp;rosidl_typesupport_introspection_cpp
[0.518s] -- Found rmw_implementation_cmake: 6.1.2 (/opt/ros/humble/share/rmw_implementation_cmake/cmake)
[0.518s] -- Found rmw_fastrtps_cpp: 6.2.8 (/opt/ros/humble/share/rmw_fastrtps_cpp/cmake)
[0.763s] -- Using RMW implementation 'rmw_fastrtps_cpp' as default
[0.846s] -- Found nav_msgs: 4.9.0 (/opt/ros/humble/share/nav_msgs/cmake)
[0.918s] -- Found sensor_msgs: 4.9.0 (/opt/ros/humble/share/sensor_msgs/cmake)
[0.943s] -- Found tf2: 0.25.16 (/opt/ros/humble/share/tf2/cmake)
[0.945s] -- Found tf2_ros: 0.25.16 (/opt/ros/humble/share/tf2_ros/cmake)
[1.127s] -- Found ament_lint_auto: 0.12.14 (/opt/ros/humble/share/ament_lint_auto/cmake)
[1.319s] -- Added test 'cppcheck' to perform static code analysis on C / C++ code
[1.320s] -- Configured cppcheck include dirs: /home/fvc/ros2_ws/src/local_mapper/src/local_mapper/include
[1.322s] -- Configured cppcheck exclude dirs and/or files: 
[1.323s] -- Added test 'flake8' to check Python code syntax and style conventions
[1.324s] -- Added test 'lint_cmake' to check CMake code style
[1.326s] -- Added test 'pep257' to check Python code against some of the docstring style conventions in PEP 257
[1.328s] -- Added test 'uncrustify' to check C / C++ code style
[1.330s] -- Configured uncrustify additional arguments: 
[1.331s] -- Added test 'xmllint' to check XML markup files
[1.335s] -- Configuring done
[1.406s] -- Generating done
[1.422s] -- Build files have been written to: /home/fvc/ros2_ws/build/local_mapper
[1.450s] Invoked command in '/home/fvc/ros2_ws/build/local_mapper' returned '0': CMAKE_PREFIX_PATH=/opt/ros/humble /usr/bin/cmake /home/fvc/ros2_ws/src/local_mapper/src/local_mapper -DAMENT_CMAKE_SYMLINK_INSTALL=1 -DCMAKE_INSTALL_PREFIX=/home/fvc/ros2_ws/install/local_mapper
[1.453s] Invoking command in '/home/fvc/ros2_ws/build/local_mapper': CMAKE_PREFIX_PATH=/opt/ros/humble /usr/bin/cmake --build /home/fvc/ros2_ws/build/local_mapper -- -j2 -l2
[1.645s] [35m[1mConsolidate compiler generated dependencies of target local_mapper_node[0m
[1.723s] [ 50%] [32m[1mLinking CXX executable local_mapper_node[0m
[2.600s] [100%] Built target local_mapper_node
[2.626s] Invoked command in '/home/fvc/ros2_ws/build/local_mapper' returned '0': CMAKE_PREFIX_PATH=/opt/ros/humble /usr/bin/cmake --build /home/fvc/ros2_ws/build/local_mapper -- -j2 -l2
[2.628s] Invoking command in '/home/fvc/ros2_ws/build/local_mapper': CMAKE_PREFIX_PATH=/opt/ros/humble /usr/bin/cmake --install /home/fvc/ros2_ws/build/local_mapper
[2.646s] -- Install configuration: ""
[2.646s] -- Execute custom install script
[2.649s] -- Symlinking: /home/fvc/ros2_ws/install/local_mapper/lib/local_mapper/local_mapper_node
[2.669s] -- Symlinking: /home/fvc/ros2_ws/install/local_mapper/share/local_mapper//launch/demo.launch.py
[2.684s] -- Symlinking: /home/fvc/ros2_ws/install/local_mapper/share/ament_index/resource_index/package_run_dependencies/local_mapper
[2.706s] -- Symlinking: /home/fvc/ros2_ws/install/local_mapper/share/ament_index/resource_index/parent_prefix_path/local_mapper
[2.723s] -- Symlinking: /home/fvc/ros2_ws/install/local_mapper/share/local_mapper/environment/ament_prefix_path.sh
[2.740s] -- Symlinking: /home/fvc/ros2_ws/install/local_mapper/share/local_mapper/environment/ament_prefix_path.dsv
[2.756s] -- Symlinking: /home/fvc/ros2_ws/install/local_mapper/share/local_mapper/environment/path.sh
[2.773s] -- Symlinking: /home/fvc/ros2_ws/install/local_mapper/share/local_mapper/environment/path.dsv
[2.786s] -- Symlinking: /home/fvc/ros2_ws/install/local_mapper/share/local_mapper/local_setup.bash
[2.801s] -- Symlinking: /home/fvc/ros2_ws/install/local_mapper/share/local_mapper/local_setup.sh
[2.820s] -- Symlinking: /home/fvc/ros2_ws/install/local_mapper/share/local_mapper/local_setup.zsh
[2.835s] -- Symlinking: /home/fvc/ros2_ws/install/local_mapper/share/local_mapper/local_setup.dsv
[2.850s] -- Symlinking: /home/fvc/ros2_ws/install/local_mapper/share/local_mapper/package.dsv
[2.863s] -- Symlinking: /home/fvc/ros2_ws/install/local_mapper/share/ament_index/resource_index/packages/local_mapper
[2.878s] -- Symlinking: /home/fvc/ros2_ws/install/local_mapper/share/local_mapper/cmake/local_mapperConfig.cmake
[2.894s] -- Symlinking: /home/fvc/ros2_ws/install/local_mapper/share/local_mapper/cmake/local_mapperConfig-version.cmake
[2.953s] -- Symlinking: /home/fvc/ros2_ws/install/local_mapper/share/local_mapper/package.xml
[2.994s] Invoked command in '/home/fvc/ros2_ws/build/local_mapper' returned '0': CMAKE_PREFIX_PATH=/opt/ros/humble /usr/bin/cmake --install /home/fvc/ros2_ws/build/local_mapper
