[0.023s] Invoking command in '/home/fvc/ros2_ws/build/local_mapper': CMAKE_PREFIX_PATH=/opt/ros/humble /usr/bin/cmake --build /home/fvc/ros2_ws/build/local_mapper -- -j2 -l2
[0.127s] [100%] Built target local_mapper_node
[0.166s] Invoked command in '/home/fvc/ros2_ws/build/local_mapper' returned '0': CMAKE_PREFIX_PATH=/opt/ros/humble /usr/bin/cmake --build /home/fvc/ros2_ws/build/local_mapper -- -j2 -l2
[0.172s] Invoking command in '/home/fvc/ros2_ws/build/local_mapper': CMAKE_PREFIX_PATH=/opt/ros/humble /usr/bin/cmake --install /home/fvc/ros2_ws/build/local_mapper
[0.184s] -- Install configuration: ""
[0.184s] -- Execute custom install script
[0.185s] -- Up-to-date symlink: /home/fvc/ros2_ws/install/local_mapper/lib/local_mapper/local_mapper_node
[0.186s] -- Up-to-date symlink: /home/fvc/ros2_ws/install/local_mapper/share/local_mapper//launch/demo.launch.py
[0.186s] -- Up-to-date symlink: /home/fvc/ros2_ws/install/local_mapper/share/ament_index/resource_index/package_run_dependencies/local_mapper
[0.187s] -- Up-to-date symlink: /home/fvc/ros2_ws/install/local_mapper/share/ament_index/resource_index/parent_prefix_path/local_mapper
[0.187s] -- Up-to-date symlink: /home/fvc/ros2_ws/install/local_mapper/share/local_mapper/environment/ament_prefix_path.sh
[0.188s] -- Up-to-date symlink: /home/fvc/ros2_ws/install/local_mapper/share/local_mapper/environment/ament_prefix_path.dsv
[0.188s] -- Up-to-date symlink: /home/fvc/ros2_ws/install/local_mapper/share/local_mapper/environment/path.sh
[0.189s] -- Up-to-date symlink: /home/fvc/ros2_ws/install/local_mapper/share/local_mapper/environment/path.dsv
[0.189s] -- Up-to-date symlink: /home/fvc/ros2_ws/install/local_mapper/share/local_mapper/local_setup.bash
[0.189s] -- Up-to-date symlink: /home/fvc/ros2_ws/install/local_mapper/share/local_mapper/local_setup.sh
[0.190s] -- Up-to-date symlink: /home/fvc/ros2_ws/install/local_mapper/share/local_mapper/local_setup.zsh
[0.190s] -- Up-to-date symlink: /home/fvc/ros2_ws/install/local_mapper/share/local_mapper/local_setup.dsv
[0.190s] -- Symlinking: /home/fvc/ros2_ws/install/local_mapper/share/local_mapper/package.dsv
[0.206s] -- Up-to-date symlink: /home/fvc/ros2_ws/install/local_mapper/share/ament_index/resource_index/packages/local_mapper
[0.211s] -- Up-to-date symlink: /home/fvc/ros2_ws/install/local_mapper/share/local_mapper/cmake/ament_cmake_export_include_directories-extras.cmake
[0.211s] -- Up-to-date symlink: /home/fvc/ros2_ws/install/local_mapper/share/local_mapper/cmake/local_mapperConfig.cmake
[0.211s] -- Up-to-date symlink: /home/fvc/ros2_ws/install/local_mapper/share/local_mapper/cmake/local_mapperConfig-version.cmake
[0.211s] -- Up-to-date symlink: /home/fvc/ros2_ws/install/local_mapper/share/local_mapper/package.xml
[0.211s] Invoked command in '/home/fvc/ros2_ws/build/local_mapper' returned '0': CMAKE_PREFIX_PATH=/opt/ros/humble /usr/bin/cmake --install /home/fvc/ros2_ws/build/local_mapper
