[01m[K/home/fvc/ros2_ws/src/safety_shield/src/safety_shield.cpp:85:3:[m[K [01;31m[Kerror: [m[K‘[01m[KGridInfo[m[K’ does not name a type
   85 |   [01;31m[KGridInfo[m[K gi_;
      |   [01;31m[K^~~~~~~~[m[K
[01m[K/home/fvc/ros2_ws/src/safety_shield/src/safety_shield.cpp:[m[K In member function ‘[01m[Kvoid SafetyShield::onGrid(nav_msgs::msg::OccupancyGrid_<std::allocator<void> >::SharedPtr)[m[K’:
[01m[K/home/fvc/ros2_ws/src/safety_shield/src/safety_shield.cpp:41:5:[m[K [01;31m[Kerror: [m[K‘[01m[Kgi_[m[K’ was not declared in this scope; did you mean ‘[01m[Kgrid_[m[K’?
   41 |     [01;31m[Kgi_[m[K.res = grid_.info.resolution;
      |     [01;31m[K^~~[m[K
      |     [32m[Kgrid_[m[K
[01m[K/home/fvc/ros2_ws/src/safety_shield/src/safety_shield.cpp:[m[K In member function ‘[01m[Kvoid SafetyShield::onCmd(geometry_msgs::msg::Twist_<std::allocator<void> >::SharedPtr)[m[K’:
[01m[K/home/fvc/ros2_ws/src/safety_shield/src/safety_shield.cpp:54:36:[m[K [01;31m[Kerror: [m[K‘[01m[Kgi_[m[K’ was not declared in this scope; did you mean ‘[01m[Kgrid_[m[K’?
   54 |       const double step = std::max([01;31m[Kgi_[m[K.res, 0.05);
      |                                    [01;31m[K^~~[m[K
      |                                    [32m[Kgrid_[m[K
[01m[K/home/fvc/ros2_ws/src/safety_shield/src/safety_shield.cpp:57:23:[m[K [01;31m[Kerror: [m[K‘[01m[KworldToCell[m[K’ was not declared in this scope; did you mean ‘[01m[Klm::worldToCell[m[K’?
   57 |           auto cell = [01;31m[KworldToCell[m[K(x, y, gi_);
      |                       [01;31m[K^~~~~~~~~~~[m[K
      |                       [32m[Klm::worldToCell[m[K
In file included from [01m[K/home/fvc/ros2_ws/src/safety_shield/src/safety_shield.cpp:8[m[K:
[01m[K/home/fvc/ros2_ws/src/local_mapper/src/local_mapper/include/local_mapper/utils.hpp:14:1:[m[K [01;36m[Knote: [m[K‘[01m[Klm::worldToCell[m[K’ declared here
   14 | [01;36m[KworldToCell[m[K(double x, double y, const GridInfo& g) {
      | [01;36m[K^~~~~~~~~~~[m[K
[01m[K/home/fvc/ros2_ws/src/safety_shield/src/safety_shield.cpp:59:21:[m[K [01;31m[Kerror: [m[K‘[01m[KcellIndex[m[K’ was not declared in this scope; did you mean ‘[01m[Klm::cellIndex[m[K’?
   59 |           int idx = [01;31m[KcellIndex[m[K(cell->first, cell->second, gi_.w);
      |                     [01;31m[K^~~~~~~~~[m[K
      |                     [32m[Klm::cellIndex[m[K
In file included from [01m[K/home/fvc/ros2_ws/src/safety_shield/src/safety_shield.cpp:8[m[K:
[01m[K/home/fvc/ros2_ws/src/local_mapper/src/local_mapper/include/local_mapper/utils.hpp:24:12:[m[K [01;36m[Knote: [m[K‘[01m[Klm::cellIndex[m[K’ declared here
   24 | inline int [01;36m[KcellIndex[m[K(int ix, int iy, int w) {
      |            [01;36m[K^~~~~~~~~[m[K
gmake[2]: *** [CMakeFiles/safety_shield_node.dir/build.make:76: CMakeFiles/safety_shield_node.dir/src/safety_shield.cpp.o] Error 1
gmake[1]: *** [CMakeFiles/Makefile2:139: CMakeFiles/safety_shield_node.dir/all] Error 2
gmake: *** [Makefile:146: all] Error 2
