[0.013s] Invoking command in '/home/fvc/ros2_ws/build/safety_shield': AMENT_PREFIX_PATH=/home/fvc/ros2_ws/install/local_mapper:${AMENT_PREFIX_PATH} CMAKE_PREFIX_PATH=/home/fvc/ros2_ws/install/local_mapper:/opt/ros/humble /usr/bin/cmake --build /home/fvc/ros2_ws/build/safety_shield -- -j2 -l2
[0.116s] [35m[1mConsolidate compiler generated dependencies of target safety_shield_node[0m
[0.144s] [ 25%] [32mBuilding CXX object CMakeFiles/safety_shield_node.dir/src/safety_shield.cpp.o[0m
[0.194s] [ 75%] Built target publisher_node
[3.411s] [01m[K/home/fvc/ros2_ws/src/safety_shield/src/safety_shield.cpp:[m[K In member function ‘[01m[Kvoid SafetyShield::onCmd(geometry_msgs::msg::Twist_<std::allocator<void> >::SharedPtr)[m[K’:
[3.411s] [01m[K/home/fvc/ros2_ws/src/safety_shield/src/safety_shield.cpp:82:31:[m[K [01;31m[Kerror: [m[K‘[01m[Ktf2[m[K’ has not been declared
[3.411s]    82 |     marker.pose.orientation = [01;31m[Ktf2[m[K::toMsg(tf2::Quaternion(0, 0, sin(msg->angular.z / 2), cos(msg->angular.z / 2)));
[3.411s]       |                               [01;31m[K^~~[m[K
[3.412s] [01m[K/home/fvc/ros2_ws/src/safety_shield/src/safety_shield.cpp:82:42:[m[K [01;31m[Kerror: [m[K‘[01m[Ktf2[m[K’ has not been declared
[3.412s]    82 |     marker.pose.orientation = tf2::toMsg([01;31m[Ktf2[m[K::Quaternion(0, 0, sin(msg->angular.z / 2), cos(msg->angular.z / 2)));
[3.412s]       |                                          [01;31m[K^~~[m[K
[3.412s] [01m[K/home/fvc/ros2_ws/src/safety_shield/src/safety_shield.cpp:82:68:[m[K [01;31m[Kerror: [m[K‘[01m[Kmsg[m[K’ was not declared in this scope
[3.412s]    82 |     marker.pose.orientation = tf2::toMsg(tf2::Quaternion(0, 0, sin([01;31m[Kmsg[m[K->angular.z / 2), cos(msg->angular.z / 2)));
[3.412s]       |                                                                    [01;31m[K^~~[m[K
[3.412s] [01m[K/home/fvc/ros2_ws/src/safety_shield/src/safety_shield.cpp:82:68:[m[K [01;36m[Knote: [m[Ksuggested alternatives:
[3.412s] In file included from [01m[K/opt/ros/humble/include/builtin_interfaces/builtin_interfaces/msg/duration.hpp:7[m[K,
[3.412s]                  from [01m[K/opt/ros/humble/include/rclcpp/rclcpp/duration.hpp:20[m[K,
[3.412s]                  from [01m[K/opt/ros/humble/include/rclcpp/rclcpp/qos.hpp:20[m[K,
[3.412s]                  from [01m[K/opt/ros/humble/include/rclcpp/rclcpp/node_interfaces/node_graph_interface.hpp:32[m[K,
[3.412s]                  from [01m[K/opt/ros/humble/include/rclcpp/rclcpp/client.hpp:42[m[K,
[3.412s]                  from [01m[K/opt/ros/humble/include/rclcpp/rclcpp/callback_group.hpp:24[m[K,
[3.412s]                  from [01m[K/opt/ros/humble/include/rclcpp/rclcpp/any_executable.hpp:20[m[K,
[3.412s]                  from [01m[K/opt/ros/humble/include/rclcpp/rclcpp/memory_strategy.hpp:25[m[K,
[3.412s]                  from [01m[K/opt/ros/humble/include/rclcpp/rclcpp/memory_strategies.hpp:18[m[K,
[3.412s]                  from [01m[K/opt/ros/humble/include/rclcpp/rclcpp/executor_options.hpp:20[m[K,
[3.413s]                  from [01m[K/opt/ros/humble/include/rclcpp/rclcpp/executor.hpp:37[m[K,
[3.413s]                  from [01m[K/opt/ros/humble/include/rclcpp/rclcpp/executors/multi_threaded_executor.hpp:25[m[K,
[3.413s]                  from [01m[K/opt/ros/humble/include/rclcpp/rclcpp/executors.hpp:21[m[K,
[3.413s]                  from [01m[K/opt/ros/humble/include/rclcpp/rclcpp/rclcpp.hpp:155[m[K,
[3.413s]                  from [01m[K/home/fvc/ros2_ws/src/safety_shield/src/safety_shield.cpp:1[m[K:
[3.413s] [01m[K/opt/ros/humble/include/builtin_interfaces/builtin_interfaces/msg/detail/duration__struct.hpp:27:11:[m[K [01;36m[Knote: [m[K  ‘[01m[Kbuiltin_interfaces::msg[m[K’
[3.413s]    27 | namespace [01;36m[Kmsg[m[K
[3.413s]       |           [01;36m[K^~~[m[K
[3.413s] In file included from [01m[K/opt/ros/humble/include/rcl_interfaces/rcl_interfaces/msg/set_parameters_result.hpp:7[m[K,
[3.413s]                  from [01m[K/opt/ros/humble/include/rclcpp/rclcpp/qos_overriding_options.hpp:28[m[K,
[3.413s]                  from [01m[K/opt/ros/humble/include/rclcpp/rclcpp/subscription_options.hpp:30[m[K,
[3.413s]                  from [01m[K/opt/ros/humble/include/rclcpp/rclcpp/subscription.hpp:45[m[K,
[3.413s]                  from [01m[K/opt/ros/humble/include/rclcpp/rclcpp/any_executable.hpp:25[m[K,
[3.413s]                  from [01m[K/opt/ros/humble/include/rclcpp/rclcpp/memory_strategy.hpp:25[m[K,
[3.413s]                  from [01m[K/opt/ros/humble/include/rclcpp/rclcpp/memory_strategies.hpp:18[m[K,
[3.413s]                  from [01m[K/opt/ros/humble/include/rclcpp/rclcpp/executor_options.hpp:20[m[K,
[3.413s]                  from [01m[K/opt/ros/humble/include/rclcpp/rclcpp/executor.hpp:37[m[K,
[3.413s]                  from [01m[K/opt/ros/humble/include/rclcpp/rclcpp/executors/multi_threaded_executor.hpp:25[m[K,
[3.420s]                  from [01m[K/opt/ros/humble/include/rclcpp/rclcpp/executors.hpp:21[m[K,
[3.420s]                  from [01m[K/opt/ros/humble/include/rclcpp/rclcpp/rclcpp.hpp:155[m[K,
[3.420s]                  from [01m[K/home/fvc/ros2_ws/src/safety_shield/src/safety_shield.cpp:1[m[K:
[3.420s] [01m[K/opt/ros/humble/include/rcl_interfaces/rcl_interfaces/msg/detail/set_parameters_result__struct.hpp:27:11:[m[K [01;36m[Knote: [m[K  ‘[01m[Krcl_interfaces::msg[m[K’
[3.421s]    27 | namespace [01;36m[Kmsg[m[K
[3.421s]       |           [01;36m[K^~~[m[K
[3.421s] In file included from [01m[K/opt/ros/humble/include/statistics_msgs/statistics_msgs/msg/detail/metrics_message__struct.hpp:23[m[K,
[3.421s]                  from [01m[K/opt/ros/humble/include/statistics_msgs/statistics_msgs/msg/metrics_message.hpp:7[m[K,
[3.421s]                  from [01m[K/opt/ros/humble/include/libstatistics_collector/libstatistics_collector/collector/generate_statistics_message.hpp:21[m[K,
[3.421s]                  from [01m[K/opt/ros/humble/include/rclcpp/rclcpp/topic_statistics/subscription_topic_statistics.hpp:23[m[K,
[3.421s]                  from [01m[K/opt/ros/humble/include/rclcpp/rclcpp/subscription.hpp:50[m[K,
[3.421s]                  from [01m[K/opt/ros/humble/include/rclcpp/rclcpp/any_executable.hpp:25[m[K,
[3.421s]                  from [01m[K/opt/ros/humble/include/rclcpp/rclcpp/memory_strategy.hpp:25[m[K,
[3.421s]                  from [01m[K/opt/ros/humble/include/rclcpp/rclcpp/memory_strategies.hpp:18[m[K,
[3.421s]                  from [01m[K/opt/ros/humble/include/rclcpp/rclcpp/executor_options.hpp:20[m[K,
[3.421s]                  from [01m[K/opt/ros/humble/include/rclcpp/rclcpp/executor.hpp:37[m[K,
[3.421s]                  from [01m[K/opt/ros/humble/include/rclcpp/rclcpp/executors/multi_threaded_executor.hpp:25[m[K,
[3.421s]                  from [01m[K/opt/ros/humble/include/rclcpp/rclcpp/executors.hpp:21[m[K,
[3.421s]                  from [01m[K/opt/ros/humble/include/rclcpp/rclcpp/rclcpp.hpp:155[m[K,
[3.421s]                  from [01m[K/home/fvc/ros2_ws/src/safety_shield/src/safety_shield.cpp:1[m[K:
[3.421s] [01m[K/opt/ros/humble/include/statistics_msgs/statistics_msgs/msg/detail/statistic_data_point__struct.hpp:27:11:[m[K [01;36m[Knote: [m[K  ‘[01m[Kstatistics_msgs::msg[m[K’
[3.421s]    27 | namespace [01;36m[Kmsg[m[K
[3.422s]       |           [01;36m[K^~~[m[K
[3.422s] In file included from [01m[K/opt/ros/humble/include/geometry_msgs/geometry_msgs/msg/detail/twist__struct.hpp:21[m[K,
[3.422s]                  from [01m[K/opt/ros/humble/include/geometry_msgs/geometry_msgs/msg/twist.hpp:7[m[K,
[3.422s]                  from [01m[K/home/fvc/ros2_ws/src/safety_shield/src/safety_shield.cpp:2[m[K:
[3.422s] [01m[K/opt/ros/humble/include/geometry_msgs/geometry_msgs/msg/detail/vector3__struct.hpp:27:11:[m[K [01;36m[Knote: [m[K  ‘[01m[Kgeometry_msgs::msg[m[K’
[3.422s]    27 | namespace [01;36m[Kmsg[m[K
[3.422s]       |           [01;36m[K^~~[m[K
[3.422s] In file included from [01m[K/opt/ros/humble/include/nav_msgs/nav_msgs/msg/detail/occupancy_grid__struct.hpp:20[m[K,
[3.422s]                  from [01m[K/opt/ros/humble/include/nav_msgs/nav_msgs/msg/occupancy_grid.hpp:7[m[K,
[3.422s]                  from [01m[K/home/fvc/ros2_ws/src/safety_shield/src/safety_shield.cpp:3[m[K:
[3.422s] [01m[K/opt/ros/humble/include/std_msgs/std_msgs/msg/detail/header__struct.hpp:31:11:[m[K [01;36m[Knote: [m[K  ‘[01m[Kstd_msgs::msg[m[K’
[3.422s]    31 | namespace [01;36m[Kmsg[m[K
[3.422s]       |           [01;36m[K^~~[m[K
[3.422s] In file included from [01m[K/opt/ros/humble/include/nav_msgs/nav_msgs/msg/detail/occupancy_grid__struct.hpp:22[m[K,
[3.427s]                  from [01m[K/opt/ros/humble/include/nav_msgs/nav_msgs/msg/occupancy_grid.hpp:7[m[K,
[3.427s]                  from [01m[K/home/fvc/ros2_ws/src/safety_shield/src/safety_shield.cpp:3[m[K:
[3.427s] [01m[K/opt/ros/humble/include/nav_msgs/nav_msgs/msg/detail/map_meta_data__struct.hpp:33:11:[m[K [01;36m[Knote: [m[K  ‘[01m[Knav_msgs::msg[m[K’
[3.427s]    33 | namespace [01;36m[Kmsg[m[K
[3.427s]       |           [01;36m[K^~~[m[K
[3.427s] In file included from [01m[K/opt/ros/humble/include/visualization_msgs/visualization_msgs/msg/detail/marker__struct.hpp:33[m[K,
[3.427s]                  from [01m[K/opt/ros/humble/include/visualization_msgs/visualization_msgs/msg/marker.hpp:7[m[K,
[3.427s]                  from [01m[K/home/fvc/ros2_ws/src/safety_shield/src/safety_shield.cpp:5[m[K:
[3.427s] [01m[K/opt/ros/humble/include/sensor_msgs/sensor_msgs/msg/detail/compressed_image__struct.hpp:31:11:[m[K [01;36m[Knote: [m[K  ‘[01m[Ksensor_msgs::msg[m[K’
[3.427s]    31 | namespace [01;36m[Kmsg[m[K
[3.428s]       |           [01;36m[K^~~[m[K
[3.428s] In file included from [01m[K/opt/ros/humble/include/visualization_msgs/visualization_msgs/msg/detail/marker__struct.hpp:35[m[K,
[3.428s]                  from [01m[K/opt/ros/humble/include/visualization_msgs/visualization_msgs/msg/marker.hpp:7[m[K,
[3.428s]                  from [01m[K/home/fvc/ros2_ws/src/safety_shield/src/safety_shield.cpp:5[m[K:
[3.428s] [01m[K/opt/ros/humble/include/visualization_msgs/visualization_msgs/msg/detail/uv_coordinate__struct.hpp:27:11:[m[K [01;36m[Knote: [m[K  ‘[01m[Kvisualization_msgs::msg[m[K’
[3.428s]    27 | namespace [01;36m[Kmsg[m[K
[3.429s]       |           [01;36m[K^~~[m[K
[7.674s] gmake[2]: *** [CMakeFiles/safety_shield_node.dir/build.make:76: CMakeFiles/safety_shield_node.dir/src/safety_shield.cpp.o] Error 1
[7.675s] gmake[1]: *** [CMakeFiles/Makefile2:139: CMakeFiles/safety_shield_node.dir/all] Error 2
[7.675s] gmake: *** [Makefile:146: all] Error 2
[7.679s] Invoked command in '/home/fvc/ros2_ws/build/safety_shield' returned '2': AMENT_PREFIX_PATH=/home/fvc/ros2_ws/install/local_mapper:${AMENT_PREFIX_PATH} CMAKE_PREFIX_PATH=/home/fvc/ros2_ws/install/local_mapper:/opt/ros/humble /usr/bin/cmake --build /home/fvc/ros2_ws/build/safety_shield -- -j2 -l2
