[0.102s] DEBUG:colcon:Command line arguments: ['/usr/bin/colcon', 'build', '--symlink-instal']
[0.102s] DEBUG:colcon:Parsed command line arguments: Namespace(log_base=None, log_level=None, verb_name='build', build_base='build', install_base='install', merge_install=False, symlink_install=True, test_result_base=None, continue_on_error=False, executor='parallel', parallel_workers=2, event_handlers=None, ignore_user_meta=False, metas=['./colcon.meta'], base_paths=['.'], packages_ignore=None, packages_ignore_regex=None, paths=None, packages_up_to=None, packages_up_to_regex=None, packages_above=None, packages_above_and_dependencies=None, packages_above_depth=None, packages_select_by_dep=None, packages_skip_by_dep=None, packages_skip_up_to=None, packages_select_build_failed=False, packages_skip_build_finished=False, packages_select_test_failures=False, packages_skip_test_passed=False, packages_select=None, packages_skip=None, packages_select_regex=None, packages_skip_regex=None, packages_start=None, packages_end=None, allow_overriding=[], cmake_args=None, cmake_target=None, cmake_target_skip_unavailable=False, cmake_clean_cache=False, cmake_clean_first=False, cmake_force_configure=False, ament_cmake_args=None, catkin_cmake_args=None, catkin_skip_building_tests=False, verb_parser=<colcon_defaults.argument_parser.defaults.DefaultArgumentsDecorator object at 0x705288127550>, verb_extension=<colcon_core.verb.build.BuildVerb object at 0x7052882d0af0>, main=<bound method BuildVerb.main of <colcon_core.verb.build.BuildVerb object at 0x7052882d0af0>>)
[0.247s] Level 1:colcon.colcon_core.package_discovery:discover_packages(colcon_meta) check parameters
[0.247s] Level 1:colcon.colcon_core.package_discovery:discover_packages(recursive) check parameters
[0.247s] Level 1:colcon.colcon_core.package_discovery:discover_packages(ignore) check parameters
[0.247s] Level 1:colcon.colcon_core.package_discovery:discover_packages(path) check parameters
[0.247s] Level 1:colcon.colcon_core.package_discovery:discover_packages(colcon_meta) discover
[0.247s] Level 1:colcon.colcon_core.package_discovery:discover_packages(recursive) discover
[0.247s] INFO:colcon.colcon_core.package_discovery:Crawling recursively for packages in '/home/fvc/ros2_ws'
[0.247s] Level 1:colcon.colcon_core.package_identification:_identify(.) by extensions ['ignore', 'ignore_ament_install']
[0.247s] Level 1:colcon.colcon_core.package_identification:_identify(.) by extension 'ignore'
[0.248s] Level 1:colcon.colcon_core.package_identification:_identify(.) by extension 'ignore_ament_install'
[0.248s] Level 1:colcon.colcon_core.package_identification:_identify(.) by extensions ['colcon_pkg']
[0.248s] Level 1:colcon.colcon_core.package_identification:_identify(.) by extension 'colcon_pkg'
[0.248s] Level 1:colcon.colcon_core.package_identification:_identify(.) by extensions ['colcon_meta']
[0.248s] Level 1:colcon.colcon_core.package_identification:_identify(.) by extension 'colcon_meta'
[0.248s] Level 1:colcon.colcon_core.package_identification:_identify(.) by extensions ['ros']
[0.248s] Level 1:colcon.colcon_core.package_identification:_identify(.) by extension 'ros'
[0.257s] Level 1:colcon.colcon_core.package_identification:_identify(.) by extensions ['cmake', 'python']
[0.258s] Level 1:colcon.colcon_core.package_identification:_identify(.) by extension 'cmake'
[0.258s] Level 1:colcon.colcon_core.package_identification:_identify(.) by extension 'python'
[0.258s] Level 1:colcon.colcon_core.package_identification:_identify(.) by extensions ['python_setup_py']
[0.258s] Level 1:colcon.colcon_core.package_identification:_identify(.) by extension 'python_setup_py'
[0.258s] Level 1:colcon.colcon_core.package_identification:_identify(build) by extensions ['ignore', 'ignore_ament_install']
[0.258s] Level 1:colcon.colcon_core.package_identification:_identify(build) by extension 'ignore'
[0.258s] Level 1:colcon.colcon_core.package_identification:_identify(build) ignored
[0.258s] Level 1:colcon.colcon_core.package_identification:_identify(install) by extensions ['ignore', 'ignore_ament_install']
[0.259s] Level 1:colcon.colcon_core.package_identification:_identify(install) by extension 'ignore'
[0.259s] Level 1:colcon.colcon_core.package_identification:_identify(install) ignored
[0.259s] Level 1:colcon.colcon_core.package_identification:_identify(log) by extensions ['ignore', 'ignore_ament_install']
[0.259s] Level 1:colcon.colcon_core.package_identification:_identify(log) by extension 'ignore'
[0.259s] Level 1:colcon.colcon_core.package_identification:_identify(log) ignored
[0.259s] Level 1:colcon.colcon_core.package_identification:_identify(src) by extensions ['ignore', 'ignore_ament_install']
[0.259s] Level 1:colcon.colcon_core.package_identification:_identify(src) by extension 'ignore'
[0.259s] Level 1:colcon.colcon_core.package_identification:_identify(src) by extension 'ignore_ament_install'
[0.259s] Level 1:colcon.colcon_core.package_identification:_identify(src) by extensions ['colcon_pkg']
[0.259s] Level 1:colcon.colcon_core.package_identification:_identify(src) by extension 'colcon_pkg'
[0.259s] Level 1:colcon.colcon_core.package_identification:_identify(src) by extensions ['colcon_meta']
[0.259s] Level 1:colcon.colcon_core.package_identification:_identify(src) by extension 'colcon_meta'
[0.259s] Level 1:colcon.colcon_core.package_identification:_identify(src) by extensions ['ros']
[0.259s] Level 1:colcon.colcon_core.package_identification:_identify(src) by extension 'ros'
[0.259s] Level 1:colcon.colcon_core.package_identification:_identify(src) by extensions ['cmake', 'python']
[0.259s] Level 1:colcon.colcon_core.package_identification:_identify(src) by extension 'cmake'
[0.259s] Level 1:colcon.colcon_core.package_identification:_identify(src) by extension 'python'
[0.260s] Level 1:colcon.colcon_core.package_identification:_identify(src) by extensions ['python_setup_py']
[0.260s] Level 1:colcon.colcon_core.package_identification:_identify(src) by extension 'python_setup_py'
[0.260s] Level 1:colcon.colcon_core.package_identification:_identify(src/local_mapper) by extensions ['ignore', 'ignore_ament_install']
[0.260s] Level 1:colcon.colcon_core.package_identification:_identify(src/local_mapper) by extension 'ignore'
[0.260s] Level 1:colcon.colcon_core.package_identification:_identify(src/local_mapper) by extension 'ignore_ament_install'
[0.260s] Level 1:colcon.colcon_core.package_identification:_identify(src/local_mapper) by extensions ['colcon_pkg']
[0.260s] Level 1:colcon.colcon_core.package_identification:_identify(src/local_mapper) by extension 'colcon_pkg'
[0.260s] Level 1:colcon.colcon_core.package_identification:_identify(src/local_mapper) by extensions ['colcon_meta']
[0.260s] Level 1:colcon.colcon_core.package_identification:_identify(src/local_mapper) by extension 'colcon_meta'
[0.260s] Level 1:colcon.colcon_core.package_identification:_identify(src/local_mapper) by extensions ['ros']
[0.260s] Level 1:colcon.colcon_core.package_identification:_identify(src/local_mapper) by extension 'ros'
[0.260s] Level 1:colcon.colcon_core.package_identification:_identify(src/local_mapper) by extensions ['cmake', 'python']
[0.260s] Level 1:colcon.colcon_core.package_identification:_identify(src/local_mapper) by extension 'cmake'
[0.260s] Level 1:colcon.colcon_core.package_identification:_identify(src/local_mapper) by extension 'python'
[0.260s] Level 1:colcon.colcon_core.package_identification:_identify(src/local_mapper) by extensions ['python_setup_py']
[0.260s] Level 1:colcon.colcon_core.package_identification:_identify(src/local_mapper) by extension 'python_setup_py'
[0.260s] Level 1:colcon.colcon_core.package_identification:_identify(src/local_mapper/src) by extensions ['ignore', 'ignore_ament_install']
[0.260s] Level 1:colcon.colcon_core.package_identification:_identify(src/local_mapper/src) by extension 'ignore'
[0.260s] Level 1:colcon.colcon_core.package_identification:_identify(src/local_mapper/src) by extension 'ignore_ament_install'
[0.260s] Level 1:colcon.colcon_core.package_identification:_identify(src/local_mapper/src) by extensions ['colcon_pkg']
[0.261s] Level 1:colcon.colcon_core.package_identification:_identify(src/local_mapper/src) by extension 'colcon_pkg'
[0.261s] Level 1:colcon.colcon_core.package_identification:_identify(src/local_mapper/src) by extensions ['colcon_meta']
[0.261s] Level 1:colcon.colcon_core.package_identification:_identify(src/local_mapper/src) by extension 'colcon_meta'
[0.261s] Level 1:colcon.colcon_core.package_identification:_identify(src/local_mapper/src) by extensions ['ros']
[0.261s] Level 1:colcon.colcon_core.package_identification:_identify(src/local_mapper/src) by extension 'ros'
[0.261s] Level 1:colcon.colcon_core.package_identification:_identify(src/local_mapper/src) by extensions ['cmake', 'python']
[0.261s] Level 1:colcon.colcon_core.package_identification:_identify(src/local_mapper/src) by extension 'cmake'
[0.261s] Level 1:colcon.colcon_core.package_identification:_identify(src/local_mapper/src) by extension 'python'
[0.261s] Level 1:colcon.colcon_core.package_identification:_identify(src/local_mapper/src) by extensions ['python_setup_py']
[0.261s] Level 1:colcon.colcon_core.package_identification:_identify(src/local_mapper/src) by extension 'python_setup_py'
[0.261s] Level 1:colcon.colcon_core.package_identification:_identify(src/local_mapper/src/local_mapper) by extensions ['ignore', 'ignore_ament_install']
[0.261s] Level 1:colcon.colcon_core.package_identification:_identify(src/local_mapper/src/local_mapper) by extension 'ignore'
[0.261s] Level 1:colcon.colcon_core.package_identification:_identify(src/local_mapper/src/local_mapper) by extension 'ignore_ament_install'
[0.261s] Level 1:colcon.colcon_core.package_identification:_identify(src/local_mapper/src/local_mapper) by extensions ['colcon_pkg']
[0.261s] Level 1:colcon.colcon_core.package_identification:_identify(src/local_mapper/src/local_mapper) by extension 'colcon_pkg'
[0.261s] Level 1:colcon.colcon_core.package_identification:_identify(src/local_mapper/src/local_mapper) by extensions ['colcon_meta']
[0.261s] Level 1:colcon.colcon_core.package_identification:_identify(src/local_mapper/src/local_mapper) by extension 'colcon_meta'
[0.261s] Level 1:colcon.colcon_core.package_identification:_identify(src/local_mapper/src/local_mapper) by extensions ['ros']
[0.261s] Level 1:colcon.colcon_core.package_identification:_identify(src/local_mapper/src/local_mapper) by extension 'ros'
[0.265s] DEBUG:colcon.colcon_core.package_identification:Package 'src/local_mapper/src/local_mapper' with type 'ros.ament_cmake' and name 'local_mapper'
[0.265s] Level 1:colcon.colcon_core.package_identification:_identify(src/safety_shield) by extensions ['ignore', 'ignore_ament_install']
[0.265s] Level 1:colcon.colcon_core.package_identification:_identify(src/safety_shield) by extension 'ignore'
[0.265s] Level 1:colcon.colcon_core.package_identification:_identify(src/safety_shield) by extension 'ignore_ament_install'
[0.265s] Level 1:colcon.colcon_core.package_identification:_identify(src/safety_shield) by extensions ['colcon_pkg']
[0.265s] Level 1:colcon.colcon_core.package_identification:_identify(src/safety_shield) by extension 'colcon_pkg'
[0.266s] Level 1:colcon.colcon_core.package_identification:_identify(src/safety_shield) by extensions ['colcon_meta']
[0.266s] Level 1:colcon.colcon_core.package_identification:_identify(src/safety_shield) by extension 'colcon_meta'
[0.266s] Level 1:colcon.colcon_core.package_identification:_identify(src/safety_shield) by extensions ['ros']
[0.266s] Level 1:colcon.colcon_core.package_identification:_identify(src/safety_shield) by extension 'ros'
[0.266s] DEBUG:colcon.colcon_core.package_identification:Package 'src/safety_shield' with type 'ros.ament_cmake' and name 'safety_shield'
[0.266s] Level 1:colcon.colcon_core.package_discovery:discover_packages(recursive) using defaults
[0.266s] Level 1:colcon.colcon_core.package_discovery:discover_packages(ignore) discover
[0.266s] Level 1:colcon.colcon_core.package_discovery:discover_packages(ignore) using defaults
[0.266s] Level 1:colcon.colcon_core.package_discovery:discover_packages(path) discover
[0.267s] Level 1:colcon.colcon_core.package_discovery:discover_packages(path) using defaults
[0.284s] Level 1:colcon.colcon_core.package_discovery:discover_packages(prefix_path) check parameters
[0.284s] Level 1:colcon.colcon_core.package_discovery:discover_packages(prefix_path) discover
[0.287s] DEBUG:colcon.colcon_installed_package_information.package_discovery:Found 322 installed packages in /opt/ros/humble
[0.304s] Level 1:colcon.colcon_core.package_discovery:discover_packages(prefix_path) using defaults
[0.343s] Level 5:colcon.colcon_core.verb:set package 'local_mapper' build argument 'cmake_args' from command line to 'None'
[0.343s] Level 5:colcon.colcon_core.verb:set package 'local_mapper' build argument 'cmake_target' from command line to 'None'
[0.343s] Level 5:colcon.colcon_core.verb:set package 'local_mapper' build argument 'cmake_target_skip_unavailable' from command line to 'False'
[0.343s] Level 5:colcon.colcon_core.verb:set package 'local_mapper' build argument 'cmake_clean_cache' from command line to 'False'
[0.343s] Level 5:colcon.colcon_core.verb:set package 'local_mapper' build argument 'cmake_clean_first' from command line to 'False'
[0.343s] Level 5:colcon.colcon_core.verb:set package 'local_mapper' build argument 'cmake_force_configure' from command line to 'False'
[0.343s] Level 5:colcon.colcon_core.verb:set package 'local_mapper' build argument 'ament_cmake_args' from command line to 'None'
[0.343s] Level 5:colcon.colcon_core.verb:set package 'local_mapper' build argument 'catkin_cmake_args' from command line to 'None'
[0.343s] Level 5:colcon.colcon_core.verb:set package 'local_mapper' build argument 'catkin_skip_building_tests' from command line to 'False'
[0.343s] DEBUG:colcon.colcon_core.verb:Building package 'local_mapper' with the following arguments: {'ament_cmake_args': None, 'build_base': '/home/fvc/ros2_ws/build/local_mapper', 'catkin_cmake_args': None, 'catkin_skip_building_tests': False, 'cmake_args': None, 'cmake_clean_cache': False, 'cmake_clean_first': False, 'cmake_force_configure': False, 'cmake_target': None, 'cmake_target_skip_unavailable': False, 'install_base': '/home/fvc/ros2_ws/install/local_mapper', 'merge_install': False, 'path': '/home/fvc/ros2_ws/src/local_mapper/src/local_mapper', 'symlink_install': True, 'test_result_base': None}
[0.343s] Level 5:colcon.colcon_core.verb:set package 'safety_shield' build argument 'cmake_args' from command line to 'None'
[0.344s] Level 5:colcon.colcon_core.verb:set package 'safety_shield' build argument 'cmake_target' from command line to 'None'
[0.344s] Level 5:colcon.colcon_core.verb:set package 'safety_shield' build argument 'cmake_target_skip_unavailable' from command line to 'False'
[0.344s] Level 5:colcon.colcon_core.verb:set package 'safety_shield' build argument 'cmake_clean_cache' from command line to 'False'
[0.344s] Level 5:colcon.colcon_core.verb:set package 'safety_shield' build argument 'cmake_clean_first' from command line to 'False'
[0.344s] Level 5:colcon.colcon_core.verb:set package 'safety_shield' build argument 'cmake_force_configure' from command line to 'False'
[0.344s] Level 5:colcon.colcon_core.verb:set package 'safety_shield' build argument 'ament_cmake_args' from command line to 'None'
[0.344s] Level 5:colcon.colcon_core.verb:set package 'safety_shield' build argument 'catkin_cmake_args' from command line to 'None'
[0.344s] Level 5:colcon.colcon_core.verb:set package 'safety_shield' build argument 'catkin_skip_building_tests' from command line to 'False'
[0.344s] DEBUG:colcon.colcon_core.verb:Building package 'safety_shield' with the following arguments: {'ament_cmake_args': None, 'build_base': '/home/fvc/ros2_ws/build/safety_shield', 'catkin_cmake_args': None, 'catkin_skip_building_tests': False, 'cmake_args': None, 'cmake_clean_cache': False, 'cmake_clean_first': False, 'cmake_force_configure': False, 'cmake_target': None, 'cmake_target_skip_unavailable': False, 'install_base': '/home/fvc/ros2_ws/install/safety_shield', 'merge_install': False, 'path': '/home/fvc/ros2_ws/src/safety_shield', 'symlink_install': True, 'test_result_base': None}
[0.344s] INFO:colcon.colcon_core.executor:Executing jobs using 'parallel' executor
[0.345s] DEBUG:colcon.colcon_parallel_executor.executor.parallel:run_until_complete
[0.347s] INFO:colcon.colcon_ros.task.ament_cmake.build:Building ROS package in '/home/fvc/ros2_ws/src/local_mapper/src/local_mapper' with build type 'ament_cmake'
[0.347s] INFO:colcon.colcon_cmake.task.cmake.build:Building CMake package in '/home/fvc/ros2_ws/src/local_mapper/src/local_mapper'
[0.353s] INFO:colcon.colcon_core.plugin_system:Skipping extension 'colcon_core.shell.bat': Not used on non-Windows systems
[0.354s] INFO:colcon.colcon_core.shell:Skip shell extension 'powershell' for command environment: Not usable outside of PowerShell
[0.354s] DEBUG:colcon.colcon_core.shell:Skip shell extension 'dsv' for command environment
[0.359s] INFO:colcon.colcon_ros.task.ament_cmake.build:Building ROS package in '/home/fvc/ros2_ws/src/safety_shield' with build type 'ament_cmake'
[0.359s] INFO:colcon.colcon_cmake.task.cmake.build:Building CMake package in '/home/fvc/ros2_ws/src/safety_shield'
[0.359s] INFO:colcon.colcon_core.shell:Skip shell extension 'powershell' for command environment: Not usable outside of PowerShell
[0.359s] DEBUG:colcon.colcon_core.shell:Skip shell extension 'dsv' for command environment
[0.377s] DEBUG:colcon.colcon_core.event_handler.log_command:Invoking command in '/home/fvc/ros2_ws/build/local_mapper': CMAKE_PREFIX_PATH=/opt/ros/humble /usr/bin/cmake --build /home/fvc/ros2_ws/build/local_mapper -- -j2 -l2
[0.396s] DEBUG:colcon.colcon_core.event_handler.log_command:Invoking command in '/home/fvc/ros2_ws/build/safety_shield': CMAKE_PREFIX_PATH=/opt/ros/humble /usr/bin/cmake --build /home/fvc/ros2_ws/build/safety_shield -- -j2 -l2
[0.548s] DEBUG:colcon.colcon_core.event_handler.log_command:Invoked command in '/home/fvc/ros2_ws/build/local_mapper' returned '0': CMAKE_PREFIX_PATH=/opt/ros/humble /usr/bin/cmake --build /home/fvc/ros2_ws/build/local_mapper -- -j2 -l2
[0.591s] DEBUG:colcon.colcon_core.event_handler.log_command:Invoking command in '/home/fvc/ros2_ws/build/local_mapper': CMAKE_PREFIX_PATH=/opt/ros/humble /usr/bin/cmake --install /home/fvc/ros2_ws/build/local_mapper
[0.669s] Level 1:colcon.colcon_core.environment:create_environment_scripts_only(local_mapper)
[0.670s] DEBUG:colcon.colcon_core.event_handler.log_command:Invoked command in '/home/fvc/ros2_ws/build/local_mapper' returned '0': CMAKE_PREFIX_PATH=/opt/ros/humble /usr/bin/cmake --install /home/fvc/ros2_ws/build/local_mapper
[0.672s] Level 1:colcon.colcon_core.environment:checking '/home/fvc/ros2_ws/install/local_mapper' for CMake module files
[0.673s] Level 1:colcon.colcon_core.environment:checking '/home/fvc/ros2_ws/install/local_mapper' for CMake config files
[0.673s] Level 1:colcon.colcon_core.shell:create_environment_hook('local_mapper', 'cmake_prefix_path')
[0.673s] INFO:colcon.colcon_core.shell:Creating environment hook '/home/fvc/ros2_ws/install/local_mapper/share/local_mapper/hook/cmake_prefix_path.ps1'
[0.684s] INFO:colcon.colcon_core.shell:Creating environment descriptor '/home/fvc/ros2_ws/install/local_mapper/share/local_mapper/hook/cmake_prefix_path.dsv'
[0.690s] INFO:colcon.colcon_core.shell:Creating environment hook '/home/fvc/ros2_ws/install/local_mapper/share/local_mapper/hook/cmake_prefix_path.sh'
[0.693s] Level 1:colcon.colcon_core.environment:checking '/home/fvc/ros2_ws/install/local_mapper/lib'
[0.702s] Level 1:colcon.colcon_core.environment:checking '/home/fvc/ros2_ws/install/local_mapper/bin'
[0.702s] Level 1:colcon.colcon_core.environment:checking '/home/fvc/ros2_ws/install/local_mapper/lib/pkgconfig/local_mapper.pc'
[0.703s] Level 1:colcon.colcon_core.environment:checking '/home/fvc/ros2_ws/install/local_mapper/lib/python3.10/site-packages'
[0.703s] Level 1:colcon.colcon_core.environment:checking '/home/fvc/ros2_ws/install/local_mapper/bin'
[0.703s] INFO:colcon.colcon_core.shell:Creating package script '/home/fvc/ros2_ws/install/local_mapper/share/local_mapper/package.ps1'
[0.705s] INFO:colcon.colcon_core.shell:Creating package descriptor '/home/fvc/ros2_ws/install/local_mapper/share/local_mapper/package.dsv'
[0.706s] INFO:colcon.colcon_core.shell:Creating package script '/home/fvc/ros2_ws/install/local_mapper/share/local_mapper/package.sh'
[0.711s] INFO:colcon.colcon_core.shell:Creating package script '/home/fvc/ros2_ws/install/local_mapper/share/local_mapper/package.bash'
[0.713s] INFO:colcon.colcon_core.shell:Creating package script '/home/fvc/ros2_ws/install/local_mapper/share/local_mapper/package.zsh'
[0.720s] Level 1:colcon.colcon_core.environment:create_file_with_runtime_dependencies(/home/fvc/ros2_ws/install/local_mapper/share/colcon-core/packages/local_mapper)
[0.722s] Level 1:colcon.colcon_core.environment:create_environment_scripts_only(local_mapper)
[0.723s] Level 1:colcon.colcon_core.environment:checking '/home/fvc/ros2_ws/install/local_mapper' for CMake module files
[0.724s] Level 1:colcon.colcon_core.environment:checking '/home/fvc/ros2_ws/install/local_mapper' for CMake config files
[0.724s] Level 1:colcon.colcon_core.shell:create_environment_hook('local_mapper', 'cmake_prefix_path')
[0.725s] INFO:colcon.colcon_core.shell:Creating environment hook '/home/fvc/ros2_ws/install/local_mapper/share/local_mapper/hook/cmake_prefix_path.ps1'
[0.726s] INFO:colcon.colcon_core.shell:Creating environment descriptor '/home/fvc/ros2_ws/install/local_mapper/share/local_mapper/hook/cmake_prefix_path.dsv'
[0.728s] INFO:colcon.colcon_core.shell:Creating environment hook '/home/fvc/ros2_ws/install/local_mapper/share/local_mapper/hook/cmake_prefix_path.sh'
[0.729s] Level 1:colcon.colcon_core.environment:checking '/home/fvc/ros2_ws/install/local_mapper/lib'
[0.729s] Level 1:colcon.colcon_core.environment:checking '/home/fvc/ros2_ws/install/local_mapper/bin'
[0.729s] Level 1:colcon.colcon_core.environment:checking '/home/fvc/ros2_ws/install/local_mapper/lib/pkgconfig/local_mapper.pc'
[0.729s] Level 1:colcon.colcon_core.environment:checking '/home/fvc/ros2_ws/install/local_mapper/lib/python3.10/site-packages'
[0.729s] Level 1:colcon.colcon_core.environment:checking '/home/fvc/ros2_ws/install/local_mapper/bin'
[0.730s] INFO:colcon.colcon_core.shell:Creating package script '/home/fvc/ros2_ws/install/local_mapper/share/local_mapper/package.ps1'
[0.743s] INFO:colcon.colcon_core.shell:Creating package descriptor '/home/fvc/ros2_ws/install/local_mapper/share/local_mapper/package.dsv'
[0.746s] INFO:colcon.colcon_core.shell:Creating package script '/home/fvc/ros2_ws/install/local_mapper/share/local_mapper/package.sh'
[0.747s] INFO:colcon.colcon_core.shell:Creating package script '/home/fvc/ros2_ws/install/local_mapper/share/local_mapper/package.bash'
[0.749s] INFO:colcon.colcon_core.shell:Creating package script '/home/fvc/ros2_ws/install/local_mapper/share/local_mapper/package.zsh'
[0.750s] Level 1:colcon.colcon_core.environment:create_file_with_runtime_dependencies(/home/fvc/ros2_ws/install/local_mapper/share/colcon-core/packages/local_mapper)
[1.375s] Level 1:colcon.colcon_core.environment:create_environment_scripts_only(safety_shield)
[1.376s] Level 1:colcon.colcon_core.environment:checking '/home/fvc/ros2_ws/install/safety_shield' for CMake module files
[1.378s] DEBUG:colcon.colcon_core.event_handler.log_command:Invoked command in '/home/fvc/ros2_ws/build/safety_shield' returned '2': CMAKE_PREFIX_PATH=/opt/ros/humble /usr/bin/cmake --build /home/fvc/ros2_ws/build/safety_shield -- -j2 -l2
[1.378s] Level 1:colcon.colcon_core.environment:checking '/home/fvc/ros2_ws/install/safety_shield' for CMake config files
[1.379s] Level 1:colcon.colcon_core.shell:create_environment_hook('safety_shield', 'cmake_prefix_path')
[1.379s] INFO:colcon.colcon_core.shell:Creating environment hook '/home/fvc/ros2_ws/install/safety_shield/share/safety_shield/hook/cmake_prefix_path.ps1'
[1.380s] INFO:colcon.colcon_core.shell:Creating environment descriptor '/home/fvc/ros2_ws/install/safety_shield/share/safety_shield/hook/cmake_prefix_path.dsv'
[1.381s] INFO:colcon.colcon_core.shell:Creating environment hook '/home/fvc/ros2_ws/install/safety_shield/share/safety_shield/hook/cmake_prefix_path.sh'
[1.382s] Level 1:colcon.colcon_core.environment:checking '/home/fvc/ros2_ws/install/safety_shield/lib'
[1.382s] Level 1:colcon.colcon_core.environment:checking '/home/fvc/ros2_ws/install/safety_shield/bin'
[1.382s] Level 1:colcon.colcon_core.environment:checking '/home/fvc/ros2_ws/install/safety_shield/lib/pkgconfig/safety_shield.pc'
[1.382s] Level 1:colcon.colcon_core.environment:checking '/home/fvc/ros2_ws/install/safety_shield/lib/python3.10/site-packages'
[1.382s] Level 1:colcon.colcon_core.environment:checking '/home/fvc/ros2_ws/install/safety_shield/bin'
[1.383s] INFO:colcon.colcon_core.shell:Creating package script '/home/fvc/ros2_ws/install/safety_shield/share/safety_shield/package.ps1'
[1.384s] INFO:colcon.colcon_core.shell:Creating package descriptor '/home/fvc/ros2_ws/install/safety_shield/share/safety_shield/package.dsv'
[1.385s] INFO:colcon.colcon_core.shell:Creating package script '/home/fvc/ros2_ws/install/safety_shield/share/safety_shield/package.sh'
[1.386s] INFO:colcon.colcon_core.shell:Creating package script '/home/fvc/ros2_ws/install/safety_shield/share/safety_shield/package.bash'
[1.386s] INFO:colcon.colcon_core.shell:Creating package script '/home/fvc/ros2_ws/install/safety_shield/share/safety_shield/package.zsh'
[1.387s] Level 1:colcon.colcon_core.environment:create_file_with_runtime_dependencies(/home/fvc/ros2_ws/install/safety_shield/share/colcon-core/packages/safety_shield)
[1.398s] DEBUG:colcon.colcon_parallel_executor.executor.parallel:closing loop
[1.401s] DEBUG:colcon.colcon_parallel_executor.executor.parallel:loop closed
[1.401s] DEBUG:colcon.colcon_parallel_executor.executor.parallel:run_until_complete finished with '2'
[1.401s] DEBUG:colcon.colcon_core.event_reactor:joining thread
[1.416s] INFO:colcon.colcon_core.plugin_system:Skipping extension 'colcon_notification.desktop_notification.terminal_notifier': Not used on non-Darwin systems
[1.416s] INFO:colcon.colcon_core.plugin_system:Skipping extension 'colcon_notification.desktop_notification.win32': Not used on non-Windows systems
[1.416s] INFO:colcon.colcon_notification.desktop_notification:Sending desktop notification using 'notify2'
[1.443s] DEBUG:colcon.colcon_core.event_reactor:joined thread
[1.445s] INFO:colcon.colcon_core.shell:Creating prefix script '/home/fvc/ros2_ws/install/local_setup.ps1'
[1.447s] INFO:colcon.colcon_core.shell:Creating prefix util module '/home/fvc/ros2_ws/install/_local_setup_util_ps1.py'
[1.452s] INFO:colcon.colcon_core.shell:Creating prefix chain script '/home/fvc/ros2_ws/install/setup.ps1'
[1.453s] INFO:colcon.colcon_core.shell:Creating prefix script '/home/fvc/ros2_ws/install/local_setup.sh'
[1.455s] INFO:colcon.colcon_core.shell:Creating prefix util module '/home/fvc/ros2_ws/install/_local_setup_util_sh.py'
[1.456s] INFO:colcon.colcon_core.shell:Creating prefix chain script '/home/fvc/ros2_ws/install/setup.sh'
[1.458s] INFO:colcon.colcon_core.shell:Creating prefix script '/home/fvc/ros2_ws/install/local_setup.bash'
[1.459s] INFO:colcon.colcon_core.shell:Creating prefix chain script '/home/fvc/ros2_ws/install/setup.bash'
[1.461s] INFO:colcon.colcon_core.shell:Creating prefix script '/home/fvc/ros2_ws/install/local_setup.zsh'
[1.465s] INFO:colcon.colcon_core.shell:Creating prefix chain script '/home/fvc/ros2_ws/install/setup.zsh'
