[0.026s] Invoking command in '/home/fvc/ros2_ws/build/local_mapper': CMAKE_PREFIX_PATH=${CMAKE_PREFIX_PATH}:/opt/ros/humble /usr/bin/cmake --build /home/fvc/ros2_ws/build/local_mapper -- -j2 -l2
[0.129s] [35m[1mConsolidate compiler generated dependencies of target local_mapper_node[0m
[0.170s] [ 50%] [32mBuilding CXX object CMakeFiles/local_mapper_node.dir/src/local_mapper.cpp.o[0m
[15.523s] [100%] [32m[1mLinking CXX executable local_mapper_node[0m
[16.080s] [100%] Built target local_mapper_node
[16.102s] Invoked command in '/home/fvc/ros2_ws/build/local_mapper' returned '0': CMAKE_PREFIX_PATH=${CMAKE_PREFIX_PATH}:/opt/ros/humble /usr/bin/cmake --build /home/fvc/ros2_ws/build/local_mapper -- -j2 -l2
[16.121s] Invoking command in '/home/fvc/ros2_ws/build/local_mapper': CMAKE_PREFIX_PATH=${CMAKE_PREFIX_PATH}:/opt/ros/humble /usr/bin/cmake --install /home/fvc/ros2_ws/build/local_mapper
[16.138s] -- Install configuration: ""
[16.139s] -- Execute custom install script
[16.140s] -- Up-to-date symlink: /home/fvc/ros2_ws/install/local_mapper/lib/local_mapper/local_mapper_node
[16.145s] -- Up-to-date symlink: /home/fvc/ros2_ws/install/local_mapper/share/local_mapper//launch/demo.launch.py
[16.145s] -- Up-to-date symlink: /home/fvc/ros2_ws/install/local_mapper/share/ament_index/resource_index/package_run_dependencies/local_mapper
[16.145s] -- Up-to-date symlink: /home/fvc/ros2_ws/install/local_mapper/share/ament_index/resource_index/parent_prefix_path/local_mapper
[16.145s] -- Up-to-date symlink: /home/fvc/ros2_ws/install/local_mapper/share/local_mapper/environment/ament_prefix_path.sh
[16.145s] -- Up-to-date symlink: /home/fvc/ros2_ws/install/local_mapper/share/local_mapper/environment/ament_prefix_path.dsv
[16.146s] -- Up-to-date symlink: /home/fvc/ros2_ws/install/local_mapper/share/local_mapper/environment/path.sh
[16.146s] -- Up-to-date symlink: /home/fvc/ros2_ws/install/local_mapper/share/local_mapper/environment/path.dsv
[16.146s] -- Up-to-date symlink: /home/fvc/ros2_ws/install/local_mapper/share/local_mapper/local_setup.bash
[16.146s] -- Up-to-date symlink: /home/fvc/ros2_ws/install/local_mapper/share/local_mapper/local_setup.sh
[16.147s] -- Up-to-date symlink: /home/fvc/ros2_ws/install/local_mapper/share/local_mapper/local_setup.zsh
[16.148s] -- Up-to-date symlink: /home/fvc/ros2_ws/install/local_mapper/share/local_mapper/local_setup.dsv
[16.148s] -- Symlinking: /home/fvc/ros2_ws/install/local_mapper/share/local_mapper/package.dsv
[16.176s] -- Up-to-date symlink: /home/fvc/ros2_ws/install/local_mapper/share/ament_index/resource_index/packages/local_mapper
[16.176s] -- Up-to-date symlink: /home/fvc/ros2_ws/install/local_mapper/share/local_mapper/cmake/local_mapperConfig.cmake
[16.180s] -- Up-to-date symlink: /home/fvc/ros2_ws/install/local_mapper/share/local_mapper/cmake/local_mapperConfig-version.cmake
[16.181s] -- Up-to-date symlink: /home/fvc/ros2_ws/install/local_mapper/share/local_mapper/package.xml
[16.186s] Invoked command in '/home/fvc/ros2_ws/build/local_mapper' returned '0': CMAKE_PREFIX_PATH=${CMAKE_PREFIX_PATH}:/opt/ros/humble /usr/bin/cmake --install /home/fvc/ros2_ws/build/local_mapper
