[0.034s] Invoking command in '/home/fvc/ros2_ws/build/safety_shield': AMENT_PREFIX_PATH=/home/fvc/ros2_ws/install/local_mapper:${AMENT_PREFIX_PATH} CMAKE_PREFIX_PATH=/home/fvc/ros2_ws/install/local_mapper:/opt/ros/humble /usr/bin/cmake /home/fvc/ros2_ws/src/safety_shield -DAMENT_CMAKE_SYMLINK_INSTALL=1 -DCMAKE_INSTALL_PREFIX=/home/fvc/ros2_ws/install/safety_shield
[0.046s] -- Found ament_cmake: 1.3.12 (/opt/ros/humble/share/ament_cmake/cmake)
[0.194s] -- Override CMake install command with custom implementation using symlinks instead of copying resources
[0.200s] -- Found rclcpp: 16.0.14 (/opt/ros/humble/share/rclcpp/cmake)
[0.235s] -- Found rosidl_generator_c: 3.1.7 (/opt/ros/humble/share/rosidl_generator_c/cmake)
[0.236s] -- Found rosidl_adapter: 3.1.7 (/opt/ros/humble/share/rosidl_adapter/cmake)
[0.244s] -- Found rosidl_generator_cpp: 3.1.7 (/opt/ros/humble/share/rosidl_generator_cpp/cmake)
[0.252s] -- Using all available rosidl_typesupport_c: rosidl_typesupport_fastrtps_c;rosidl_typesupport_introspection_c
[0.264s] -- Using all available rosidl_typesupport_cpp: rosidl_typesupport_fastrtps_cpp;rosidl_typesupport_introspection_cpp
[0.295s] -- Found rmw_implementation_cmake: 6.1.2 (/opt/ros/humble/share/rmw_implementation_cmake/cmake)
[0.296s] -- Found rmw_fastrtps_cpp: 6.2.8 (/opt/ros/humble/share/rmw_fastrtps_cpp/cmake)
[0.405s] -- Using RMW implementation 'rmw_fastrtps_cpp' as default
[0.452s] -- Found nav_msgs: 4.9.0 (/opt/ros/humble/share/nav_msgs/cmake)
[0.481s] -- Found sensor_msgs: 4.9.0 (/opt/ros/humble/share/sensor_msgs/cmake)
[0.496s] -- Found local_mapper: 0.0.0 (/home/fvc/ros2_ws/install/local_mapper/share/local_mapper/cmake)
[0.499s] -- Found ament_lint_auto: 0.12.14 (/opt/ros/humble/share/ament_lint_auto/cmake)
[0.594s] -- Added test 'cppcheck' to perform static code analysis on C / C++ code
[0.594s] -- Configured cppcheck include dirs: 
[0.594s] -- Configured cppcheck exclude dirs and/or files: 
[0.595s] -- Added test 'lint_cmake' to check CMake code style
[0.598s] -- Added test 'uncrustify' to check C / C++ code style
[0.598s] -- Configured uncrustify additional arguments: 
[0.598s] -- Added test 'xmllint' to check XML markup files
[0.598s] -- Configuring done
[0.625s] -- Generating done
[0.638s] -- Build files have been written to: /home/fvc/ros2_ws/build/safety_shield
[0.649s] Invoked command in '/home/fvc/ros2_ws/build/safety_shield' returned '0': AMENT_PREFIX_PATH=/home/fvc/ros2_ws/install/local_mapper:${AMENT_PREFIX_PATH} CMAKE_PREFIX_PATH=/home/fvc/ros2_ws/install/local_mapper:/opt/ros/humble /usr/bin/cmake /home/fvc/ros2_ws/src/safety_shield -DAMENT_CMAKE_SYMLINK_INSTALL=1 -DCMAKE_INSTALL_PREFIX=/home/fvc/ros2_ws/install/safety_shield
[0.658s] Invoking command in '/home/fvc/ros2_ws/build/safety_shield': AMENT_PREFIX_PATH=/home/fvc/ros2_ws/install/local_mapper:${AMENT_PREFIX_PATH} CMAKE_PREFIX_PATH=/home/fvc/ros2_ws/install/local_mapper:/opt/ros/humble /usr/bin/cmake --build /home/fvc/ros2_ws/build/safety_shield -- -j2 -l2
[0.732s] [35m[1mConsolidate compiler generated dependencies of target safety_shield_node[0m
[0.746s] [35m[1mConsolidate compiler generated dependencies of target publisher_node[0m
[0.778s] [ 25%] [32mBuilding CXX object CMakeFiles/safety_shield_node.dir/src/safety_shield.cpp.o[0m
[0.787s] [ 75%] Built target publisher_node
[1.120s] [01m[K/home/fvc/ros2_ws/src/safety_shield/src/safety_shield.cpp:8:10:[m[K [01;31m[Kfatal error: [m[Klocal_mapper/utils.hpp: No such file or directory
[1.120s]     8 | #include [01;31m[K"local_mapper/utils.hpp"[m[K
[1.120s]       |          [01;31m[K^~~~~~~~~~~~~~~~~~~~~~~~[m[K
[1.120s] compilation terminated.
[1.122s] gmake[2]: *** [CMakeFiles/safety_shield_node.dir/build.make:76: CMakeFiles/safety_shield_node.dir/src/safety_shield.cpp.o] Error 1
[1.123s] gmake[1]: *** [CMakeFiles/Makefile2:139: CMakeFiles/safety_shield_node.dir/all] Error 2
[1.125s] gmake: *** [Makefile:146: all] Error 2
[1.129s] Invoked command in '/home/fvc/ros2_ws/build/safety_shield' returned '2': AMENT_PREFIX_PATH=/home/fvc/ros2_ws/install/local_mapper:${AMENT_PREFIX_PATH} CMAKE_PREFIX_PATH=/home/fvc/ros2_ws/install/local_mapper:/opt/ros/humble /usr/bin/cmake --build /home/fvc/ros2_ws/build/safety_shield -- -j2 -l2
