[0.124s] DEBUG:colcon:Command line arguments: ['/usr/bin/colcon', 'build', '--symlink-instal']
[0.124s] DEBUG:colcon:Parsed command line arguments: Namespace(log_base=None, log_level=None, verb_name='build', build_base='build', install_base='install', merge_install=False, symlink_install=True, test_result_base=None, continue_on_error=False, executor='parallel', parallel_workers=2, event_handlers=None, ignore_user_meta=False, metas=['./colcon.meta'], base_paths=['.'], packages_ignore=None, packages_ignore_regex=None, paths=None, packages_up_to=None, packages_up_to_regex=None, packages_above=None, packages_above_and_dependencies=None, packages_above_depth=None, packages_select_by_dep=None, packages_skip_by_dep=None, packages_skip_up_to=None, packages_select_build_failed=False, packages_skip_build_finished=False, packages_select_test_failures=False, packages_skip_test_passed=False, packages_select=None, packages_skip=None, packages_select_regex=None, packages_skip_regex=None, packages_start=None, packages_end=None, allow_overriding=[], cmake_args=None, cmake_target=None, cmake_target_skip_unavailable=False, cmake_clean_cache=False, cmake_clean_first=False, cmake_force_configure=False, ament_cmake_args=None, catkin_cmake_args=None, catkin_skip_building_tests=False, verb_parser=<colcon_defaults.argument_parser.defaults.DefaultArgumentsDecorator object at 0x7508da5e7550>, verb_extension=<colcon_core.verb.build.BuildVerb object at 0x7508da7d0af0>, main=<bound method BuildVerb.main of <colcon_core.verb.build.BuildVerb object at 0x7508da7d0af0>>)
[0.297s] Level 1:colcon.colcon_core.package_discovery:discover_packages(colcon_meta) check parameters
[0.298s] Level 1:colcon.colcon_core.package_discovery:discover_packages(recursive) check parameters
[0.298s] Level 1:colcon.colcon_core.package_discovery:discover_packages(ignore) check parameters
[0.298s] Level 1:colcon.colcon_core.package_discovery:discover_packages(path) check parameters
[0.298s] Level 1:colcon.colcon_core.package_discovery:discover_packages(colcon_meta) discover
[0.298s] Level 1:colcon.colcon_core.package_discovery:discover_packages(recursive) discover
[0.298s] INFO:colcon.colcon_core.package_discovery:Crawling recursively for packages in '/home/fvc/ros2_ws'
[0.298s] Level 1:colcon.colcon_core.package_identification:_identify(.) by extensions ['ignore', 'ignore_ament_install']
[0.298s] Level 1:colcon.colcon_core.package_identification:_identify(.) by extension 'ignore'
[0.298s] Level 1:colcon.colcon_core.package_identification:_identify(.) by extension 'ignore_ament_install'
[0.298s] Level 1:colcon.colcon_core.package_identification:_identify(.) by extensions ['colcon_pkg']
[0.298s] Level 1:colcon.colcon_core.package_identification:_identify(.) by extension 'colcon_pkg'
[0.298s] Level 1:colcon.colcon_core.package_identification:_identify(.) by extensions ['colcon_meta']
[0.298s] Level 1:colcon.colcon_core.package_identification:_identify(.) by extension 'colcon_meta'
[0.298s] Level 1:colcon.colcon_core.package_identification:_identify(.) by extensions ['ros']
[0.298s] Level 1:colcon.colcon_core.package_identification:_identify(.) by extension 'ros'
[0.311s] Level 1:colcon.colcon_core.package_identification:_identify(.) by extensions ['cmake', 'python']
[0.311s] Level 1:colcon.colcon_core.package_identification:_identify(.) by extension 'cmake'
[0.311s] Level 1:colcon.colcon_core.package_identification:_identify(.) by extension 'python'
[0.311s] Level 1:colcon.colcon_core.package_identification:_identify(.) by extensions ['python_setup_py']
[0.311s] Level 1:colcon.colcon_core.package_identification:_identify(.) by extension 'python_setup_py'
[0.311s] Level 1:colcon.colcon_core.package_identification:_identify(build) by extensions ['ignore', 'ignore_ament_install']
[0.312s] Level 1:colcon.colcon_core.package_identification:_identify(build) by extension 'ignore'
[0.312s] Level 1:colcon.colcon_core.package_identification:_identify(build) ignored
[0.312s] Level 1:colcon.colcon_core.package_identification:_identify(install) by extensions ['ignore', 'ignore_ament_install']
[0.312s] Level 1:colcon.colcon_core.package_identification:_identify(install) by extension 'ignore'
[0.312s] Level 1:colcon.colcon_core.package_identification:_identify(install) ignored
[0.312s] Level 1:colcon.colcon_core.package_identification:_identify(log) by extensions ['ignore', 'ignore_ament_install']
[0.312s] Level 1:colcon.colcon_core.package_identification:_identify(log) by extension 'ignore'
[0.312s] Level 1:colcon.colcon_core.package_identification:_identify(log) ignored
[0.313s] Level 1:colcon.colcon_core.package_identification:_identify(src) by extensions ['ignore', 'ignore_ament_install']
[0.313s] Level 1:colcon.colcon_core.package_identification:_identify(src) by extension 'ignore'
[0.313s] Level 1:colcon.colcon_core.package_identification:_identify(src) by extension 'ignore_ament_install'
[0.313s] Level 1:colcon.colcon_core.package_identification:_identify(src) by extensions ['colcon_pkg']
[0.313s] Level 1:colcon.colcon_core.package_identification:_identify(src) by extension 'colcon_pkg'
[0.313s] Level 1:colcon.colcon_core.package_identification:_identify(src) by extensions ['colcon_meta']
[0.313s] Level 1:colcon.colcon_core.package_identification:_identify(src) by extension 'colcon_meta'
[0.313s] Level 1:colcon.colcon_core.package_identification:_identify(src) by extensions ['ros']
[0.313s] Level 1:colcon.colcon_core.package_identification:_identify(src) by extension 'ros'
[0.313s] Level 1:colcon.colcon_core.package_identification:_identify(src) by extensions ['cmake', 'python']
[0.313s] Level 1:colcon.colcon_core.package_identification:_identify(src) by extension 'cmake'
[0.313s] Level 1:colcon.colcon_core.package_identification:_identify(src) by extension 'python'
[0.313s] Level 1:colcon.colcon_core.package_identification:_identify(src) by extensions ['python_setup_py']
[0.313s] Level 1:colcon.colcon_core.package_identification:_identify(src) by extension 'python_setup_py'
[0.313s] Level 1:colcon.colcon_core.package_identification:_identify(src/local_mapper) by extensions ['ignore', 'ignore_ament_install']
[0.313s] Level 1:colcon.colcon_core.package_identification:_identify(src/local_mapper) by extension 'ignore'
[0.314s] Level 1:colcon.colcon_core.package_identification:_identify(src/local_mapper) by extension 'ignore_ament_install'
[0.314s] Level 1:colcon.colcon_core.package_identification:_identify(src/local_mapper) by extensions ['colcon_pkg']
[0.314s] Level 1:colcon.colcon_core.package_identification:_identify(src/local_mapper) by extension 'colcon_pkg'
[0.314s] Level 1:colcon.colcon_core.package_identification:_identify(src/local_mapper) by extensions ['colcon_meta']
[0.314s] Level 1:colcon.colcon_core.package_identification:_identify(src/local_mapper) by extension 'colcon_meta'
[0.314s] Level 1:colcon.colcon_core.package_identification:_identify(src/local_mapper) by extensions ['ros']
[0.314s] Level 1:colcon.colcon_core.package_identification:_identify(src/local_mapper) by extension 'ros'
[0.314s] Level 1:colcon.colcon_core.package_identification:_identify(src/local_mapper) by extensions ['cmake', 'python']
[0.314s] Level 1:colcon.colcon_core.package_identification:_identify(src/local_mapper) by extension 'cmake'
[0.314s] Level 1:colcon.colcon_core.package_identification:_identify(src/local_mapper) by extension 'python'
[0.314s] Level 1:colcon.colcon_core.package_identification:_identify(src/local_mapper) by extensions ['python_setup_py']
[0.314s] Level 1:colcon.colcon_core.package_identification:_identify(src/local_mapper) by extension 'python_setup_py'
[0.314s] Level 1:colcon.colcon_core.package_identification:_identify(src/local_mapper/src) by extensions ['ignore', 'ignore_ament_install']
[0.314s] Level 1:colcon.colcon_core.package_identification:_identify(src/local_mapper/src) by extension 'ignore'
[0.315s] Level 1:colcon.colcon_core.package_identification:_identify(src/local_mapper/src) by extension 'ignore_ament_install'
[0.315s] Level 1:colcon.colcon_core.package_identification:_identify(src/local_mapper/src) by extensions ['colcon_pkg']
[0.315s] Level 1:colcon.colcon_core.package_identification:_identify(src/local_mapper/src) by extension 'colcon_pkg'
[0.315s] Level 1:colcon.colcon_core.package_identification:_identify(src/local_mapper/src) by extensions ['colcon_meta']
[0.315s] Level 1:colcon.colcon_core.package_identification:_identify(src/local_mapper/src) by extension 'colcon_meta'
[0.315s] Level 1:colcon.colcon_core.package_identification:_identify(src/local_mapper/src) by extensions ['ros']
[0.315s] Level 1:colcon.colcon_core.package_identification:_identify(src/local_mapper/src) by extension 'ros'
[0.315s] Level 1:colcon.colcon_core.package_identification:_identify(src/local_mapper/src) by extensions ['cmake', 'python']
[0.315s] Level 1:colcon.colcon_core.package_identification:_identify(src/local_mapper/src) by extension 'cmake'
[0.315s] Level 1:colcon.colcon_core.package_identification:_identify(src/local_mapper/src) by extension 'python'
[0.315s] Level 1:colcon.colcon_core.package_identification:_identify(src/local_mapper/src) by extensions ['python_setup_py']
[0.315s] Level 1:colcon.colcon_core.package_identification:_identify(src/local_mapper/src) by extension 'python_setup_py'
[0.315s] Level 1:colcon.colcon_core.package_identification:_identify(src/local_mapper/src/local_mapper) by extensions ['ignore', 'ignore_ament_install']
[0.315s] Level 1:colcon.colcon_core.package_identification:_identify(src/local_mapper/src/local_mapper) by extension 'ignore'
[0.315s] Level 1:colcon.colcon_core.package_identification:_identify(src/local_mapper/src/local_mapper) by extension 'ignore_ament_install'
[0.316s] Level 1:colcon.colcon_core.package_identification:_identify(src/local_mapper/src/local_mapper) by extensions ['colcon_pkg']
[0.316s] Level 1:colcon.colcon_core.package_identification:_identify(src/local_mapper/src/local_mapper) by extension 'colcon_pkg'
[0.316s] Level 1:colcon.colcon_core.package_identification:_identify(src/local_mapper/src/local_mapper) by extensions ['colcon_meta']
[0.316s] Level 1:colcon.colcon_core.package_identification:_identify(src/local_mapper/src/local_mapper) by extension 'colcon_meta'
[0.316s] Level 1:colcon.colcon_core.package_identification:_identify(src/local_mapper/src/local_mapper) by extensions ['ros']
[0.316s] Level 1:colcon.colcon_core.package_identification:_identify(src/local_mapper/src/local_mapper) by extension 'ros'
[0.319s] DEBUG:colcon.colcon_core.package_identification:Package 'src/local_mapper/src/local_mapper' with type 'ros.ament_cmake' and name 'local_mapper'
[0.319s] Level 1:colcon.colcon_core.package_identification:_identify(src/safety_shield) by extensions ['ignore', 'ignore_ament_install']
[0.319s] Level 1:colcon.colcon_core.package_identification:_identify(src/safety_shield) by extension 'ignore'
[0.319s] Level 1:colcon.colcon_core.package_identification:_identify(src/safety_shield) by extension 'ignore_ament_install'
[0.319s] Level 1:colcon.colcon_core.package_identification:_identify(src/safety_shield) by extensions ['colcon_pkg']
[0.319s] Level 1:colcon.colcon_core.package_identification:_identify(src/safety_shield) by extension 'colcon_pkg'
[0.319s] Level 1:colcon.colcon_core.package_identification:_identify(src/safety_shield) by extensions ['colcon_meta']
[0.319s] Level 1:colcon.colcon_core.package_identification:_identify(src/safety_shield) by extension 'colcon_meta'
[0.320s] Level 1:colcon.colcon_core.package_identification:_identify(src/safety_shield) by extensions ['ros']
[0.320s] Level 1:colcon.colcon_core.package_identification:_identify(src/safety_shield) by extension 'ros'
[0.320s] DEBUG:colcon.colcon_core.package_identification:Package 'src/safety_shield' with type 'ros.ament_cmake' and name 'safety_shield'
[0.320s] Level 1:colcon.colcon_core.package_discovery:discover_packages(recursive) using defaults
[0.320s] Level 1:colcon.colcon_core.package_discovery:discover_packages(ignore) discover
[0.320s] Level 1:colcon.colcon_core.package_discovery:discover_packages(ignore) using defaults
[0.321s] Level 1:colcon.colcon_core.package_discovery:discover_packages(path) discover
[0.321s] Level 1:colcon.colcon_core.package_discovery:discover_packages(path) using defaults
[0.344s] Level 1:colcon.colcon_core.package_discovery:discover_packages(prefix_path) check parameters
[0.344s] Level 1:colcon.colcon_core.package_discovery:discover_packages(prefix_path) discover
[0.348s] DEBUG:colcon.colcon_installed_package_information.package_discovery:Found 322 installed packages in /opt/ros/humble
[0.371s] Level 1:colcon.colcon_core.package_discovery:discover_packages(prefix_path) using defaults
[0.418s] Level 5:colcon.colcon_core.verb:set package 'local_mapper' build argument 'cmake_args' from command line to 'None'
[0.419s] Level 5:colcon.colcon_core.verb:set package 'local_mapper' build argument 'cmake_target' from command line to 'None'
[0.419s] Level 5:colcon.colcon_core.verb:set package 'local_mapper' build argument 'cmake_target_skip_unavailable' from command line to 'False'
[0.419s] Level 5:colcon.colcon_core.verb:set package 'local_mapper' build argument 'cmake_clean_cache' from command line to 'False'
[0.419s] Level 5:colcon.colcon_core.verb:set package 'local_mapper' build argument 'cmake_clean_first' from command line to 'False'
[0.419s] Level 5:colcon.colcon_core.verb:set package 'local_mapper' build argument 'cmake_force_configure' from command line to 'False'
[0.419s] Level 5:colcon.colcon_core.verb:set package 'local_mapper' build argument 'ament_cmake_args' from command line to 'None'
[0.419s] Level 5:colcon.colcon_core.verb:set package 'local_mapper' build argument 'catkin_cmake_args' from command line to 'None'
[0.419s] Level 5:colcon.colcon_core.verb:set package 'local_mapper' build argument 'catkin_skip_building_tests' from command line to 'False'
[0.419s] DEBUG:colcon.colcon_core.verb:Building package 'local_mapper' with the following arguments: {'ament_cmake_args': None, 'build_base': '/home/fvc/ros2_ws/build/local_mapper', 'catkin_cmake_args': None, 'catkin_skip_building_tests': False, 'cmake_args': None, 'cmake_clean_cache': False, 'cmake_clean_first': False, 'cmake_force_configure': False, 'cmake_target': None, 'cmake_target_skip_unavailable': False, 'install_base': '/home/fvc/ros2_ws/install/local_mapper', 'merge_install': False, 'path': '/home/fvc/ros2_ws/src/local_mapper/src/local_mapper', 'symlink_install': True, 'test_result_base': None}
[0.419s] Level 5:colcon.colcon_core.verb:set package 'safety_shield' build argument 'cmake_args' from command line to 'None'
[0.419s] Level 5:colcon.colcon_core.verb:set package 'safety_shield' build argument 'cmake_target' from command line to 'None'
[0.419s] Level 5:colcon.colcon_core.verb:set package 'safety_shield' build argument 'cmake_target_skip_unavailable' from command line to 'False'
[0.419s] Level 5:colcon.colcon_core.verb:set package 'safety_shield' build argument 'cmake_clean_cache' from command line to 'False'
[0.419s] Level 5:colcon.colcon_core.verb:set package 'safety_shield' build argument 'cmake_clean_first' from command line to 'False'
[0.419s] Level 5:colcon.colcon_core.verb:set package 'safety_shield' build argument 'cmake_force_configure' from command line to 'False'
[0.419s] Level 5:colcon.colcon_core.verb:set package 'safety_shield' build argument 'ament_cmake_args' from command line to 'None'
[0.419s] Level 5:colcon.colcon_core.verb:set package 'safety_shield' build argument 'catkin_cmake_args' from command line to 'None'
[0.419s] Level 5:colcon.colcon_core.verb:set package 'safety_shield' build argument 'catkin_skip_building_tests' from command line to 'False'
[0.420s] DEBUG:colcon.colcon_core.verb:Building package 'safety_shield' with the following arguments: {'ament_cmake_args': None, 'build_base': '/home/fvc/ros2_ws/build/safety_shield', 'catkin_cmake_args': None, 'catkin_skip_building_tests': False, 'cmake_args': None, 'cmake_clean_cache': False, 'cmake_clean_first': False, 'cmake_force_configure': False, 'cmake_target': None, 'cmake_target_skip_unavailable': False, 'install_base': '/home/fvc/ros2_ws/install/safety_shield', 'merge_install': False, 'path': '/home/fvc/ros2_ws/src/safety_shield', 'symlink_install': True, 'test_result_base': None}
[0.420s] INFO:colcon.colcon_core.executor:Executing jobs using 'parallel' executor
[0.421s] DEBUG:colcon.colcon_parallel_executor.executor.parallel:run_until_complete
[0.421s] INFO:colcon.colcon_ros.task.ament_cmake.build:Building ROS package in '/home/fvc/ros2_ws/src/local_mapper/src/local_mapper' with build type 'ament_cmake'
[0.421s] INFO:colcon.colcon_cmake.task.cmake.build:Building CMake package in '/home/fvc/ros2_ws/src/local_mapper/src/local_mapper'
[0.426s] INFO:colcon.colcon_core.plugin_system:Skipping extension 'colcon_core.shell.bat': Not used on non-Windows systems
[0.426s] INFO:colcon.colcon_core.shell:Skip shell extension 'powershell' for command environment: Not usable outside of PowerShell
[0.426s] DEBUG:colcon.colcon_core.shell:Skip shell extension 'dsv' for command environment
[0.435s] INFO:colcon.colcon_ros.task.ament_cmake.build:Building ROS package in '/home/fvc/ros2_ws/src/safety_shield' with build type 'ament_cmake'
[0.436s] INFO:colcon.colcon_cmake.task.cmake.build:Building CMake package in '/home/fvc/ros2_ws/src/safety_shield'
[0.436s] INFO:colcon.colcon_core.shell:Skip shell extension 'powershell' for command environment: Not usable outside of PowerShell
[0.436s] DEBUG:colcon.colcon_core.shell:Skip shell extension 'dsv' for command environment
[0.455s] DEBUG:colcon.colcon_core.event_handler.log_command:Invoking command in '/home/fvc/ros2_ws/build/local_mapper': CMAKE_PREFIX_PATH=/opt/ros/humble /usr/bin/cmake /home/fvc/ros2_ws/src/local_mapper/src/local_mapper -DAMENT_CMAKE_SYMLINK_INSTALL=1 -DCMAKE_INSTALL_PREFIX=/home/fvc/ros2_ws/install/local_mapper
[0.478s] DEBUG:colcon.colcon_core.event_handler.log_command:Invoking command in '/home/fvc/ros2_ws/build/safety_shield': CMAKE_PREFIX_PATH=/opt/ros/humble /usr/bin/cmake /home/fvc/ros2_ws/src/safety_shield -DAMENT_CMAKE_SYMLINK_INSTALL=1 -DCMAKE_INSTALL_PREFIX=/home/fvc/ros2_ws/install/safety_shield
[1.511s] DEBUG:colcon.colcon_core.event_handler.log_command:Invoked command in '/home/fvc/ros2_ws/build/safety_shield' returned '0': CMAKE_PREFIX_PATH=/opt/ros/humble /usr/bin/cmake /home/fvc/ros2_ws/src/safety_shield -DAMENT_CMAKE_SYMLINK_INSTALL=1 -DCMAKE_INSTALL_PREFIX=/home/fvc/ros2_ws/install/safety_shield
[1.522s] DEBUG:colcon.colcon_core.event_handler.log_command:Invoking command in '/home/fvc/ros2_ws/build/safety_shield': CMAKE_PREFIX_PATH=/opt/ros/humble /usr/bin/cmake --build /home/fvc/ros2_ws/build/safety_shield -- -j2 -l2
[1.872s] DEBUG:colcon.colcon_core.event_handler.log_command:Invoked command in '/home/fvc/ros2_ws/build/local_mapper' returned '0': CMAKE_PREFIX_PATH=/opt/ros/humble /usr/bin/cmake /home/fvc/ros2_ws/src/local_mapper/src/local_mapper -DAMENT_CMAKE_SYMLINK_INSTALL=1 -DCMAKE_INSTALL_PREFIX=/home/fvc/ros2_ws/install/local_mapper
[1.875s] DEBUG:colcon.colcon_core.event_handler.log_command:Invoking command in '/home/fvc/ros2_ws/build/local_mapper': CMAKE_PREFIX_PATH=/opt/ros/humble /usr/bin/cmake --build /home/fvc/ros2_ws/build/local_mapper -- -j2 -l2
[2.376s] DEBUG:colcon.colcon_core.event_handler.log_command:Invoked command in '/home/fvc/ros2_ws/build/safety_shield' returned '0': CMAKE_PREFIX_PATH=/opt/ros/humble /usr/bin/cmake --build /home/fvc/ros2_ws/build/safety_shield -- -j2 -l2
[2.416s] DEBUG:colcon.colcon_core.event_handler.log_command:Invoking command in '/home/fvc/ros2_ws/build/safety_shield': CMAKE_PREFIX_PATH=/opt/ros/humble /usr/bin/cmake --install /home/fvc/ros2_ws/build/safety_shield
[2.806s] Level 1:colcon.colcon_core.environment:create_environment_scripts_only(safety_shield)
[2.809s] DEBUG:colcon.colcon_core.event_handler.log_command:Invoked command in '/home/fvc/ros2_ws/build/safety_shield' returned '0': CMAKE_PREFIX_PATH=/opt/ros/humble /usr/bin/cmake --install /home/fvc/ros2_ws/build/safety_shield
[2.810s] Level 1:colcon.colcon_core.environment:checking '/home/fvc/ros2_ws/install/safety_shield' for CMake module files
[2.811s] Level 1:colcon.colcon_core.environment:checking '/home/fvc/ros2_ws/install/safety_shield' for CMake config files
[2.812s] Level 1:colcon.colcon_core.shell:create_environment_hook('safety_shield', 'cmake_prefix_path')
[2.812s] INFO:colcon.colcon_core.shell:Creating environment hook '/home/fvc/ros2_ws/install/safety_shield/share/safety_shield/hook/cmake_prefix_path.ps1'
[2.813s] INFO:colcon.colcon_core.shell:Creating environment descriptor '/home/fvc/ros2_ws/install/safety_shield/share/safety_shield/hook/cmake_prefix_path.dsv'
[2.814s] INFO:colcon.colcon_core.shell:Creating environment hook '/home/fvc/ros2_ws/install/safety_shield/share/safety_shield/hook/cmake_prefix_path.sh'
[2.815s] Level 1:colcon.colcon_core.environment:checking '/home/fvc/ros2_ws/install/safety_shield/lib'
[2.816s] Level 1:colcon.colcon_core.environment:checking '/home/fvc/ros2_ws/install/safety_shield/bin'
[2.816s] Level 1:colcon.colcon_core.environment:checking '/home/fvc/ros2_ws/install/safety_shield/lib/pkgconfig/safety_shield.pc'
[2.816s] Level 1:colcon.colcon_core.environment:checking '/home/fvc/ros2_ws/install/safety_shield/lib/python3.10/site-packages'
[2.816s] Level 1:colcon.colcon_core.environment:checking '/home/fvc/ros2_ws/install/safety_shield/bin'
[2.817s] INFO:colcon.colcon_core.shell:Creating package script '/home/fvc/ros2_ws/install/safety_shield/share/safety_shield/package.ps1'
[2.819s] INFO:colcon.colcon_core.shell:Creating package descriptor '/home/fvc/ros2_ws/install/safety_shield/share/safety_shield/package.dsv'
[2.820s] INFO:colcon.colcon_core.shell:Creating package script '/home/fvc/ros2_ws/install/safety_shield/share/safety_shield/package.sh'
[2.822s] INFO:colcon.colcon_core.shell:Creating package script '/home/fvc/ros2_ws/install/safety_shield/share/safety_shield/package.bash'
[2.823s] INFO:colcon.colcon_core.shell:Creating package script '/home/fvc/ros2_ws/install/safety_shield/share/safety_shield/package.zsh'
[2.824s] Level 1:colcon.colcon_core.environment:create_file_with_runtime_dependencies(/home/fvc/ros2_ws/install/safety_shield/share/colcon-core/packages/safety_shield)
[2.825s] Level 1:colcon.colcon_core.environment:create_environment_scripts_only(safety_shield)
[2.825s] Level 1:colcon.colcon_core.environment:checking '/home/fvc/ros2_ws/install/safety_shield' for CMake module files
[2.826s] Level 1:colcon.colcon_core.environment:checking '/home/fvc/ros2_ws/install/safety_shield' for CMake config files
[2.826s] Level 1:colcon.colcon_core.shell:create_environment_hook('safety_shield', 'cmake_prefix_path')
[2.827s] INFO:colcon.colcon_core.shell:Creating environment hook '/home/fvc/ros2_ws/install/safety_shield/share/safety_shield/hook/cmake_prefix_path.ps1'
[2.828s] INFO:colcon.colcon_core.shell:Creating environment descriptor '/home/fvc/ros2_ws/install/safety_shield/share/safety_shield/hook/cmake_prefix_path.dsv'
[2.831s] INFO:colcon.colcon_core.shell:Creating environment hook '/home/fvc/ros2_ws/install/safety_shield/share/safety_shield/hook/cmake_prefix_path.sh'
[2.832s] Level 1:colcon.colcon_core.environment:checking '/home/fvc/ros2_ws/install/safety_shield/lib'
[2.832s] Level 1:colcon.colcon_core.environment:checking '/home/fvc/ros2_ws/install/safety_shield/bin'
[2.832s] Level 1:colcon.colcon_core.environment:checking '/home/fvc/ros2_ws/install/safety_shield/lib/pkgconfig/safety_shield.pc'
[2.833s] Level 1:colcon.colcon_core.environment:checking '/home/fvc/ros2_ws/install/safety_shield/lib/python3.10/site-packages'
[2.833s] Level 1:colcon.colcon_core.environment:checking '/home/fvc/ros2_ws/install/safety_shield/bin'
[2.834s] INFO:colcon.colcon_core.shell:Creating package script '/home/fvc/ros2_ws/install/safety_shield/share/safety_shield/package.ps1'
[2.835s] INFO:colcon.colcon_core.shell:Creating package descriptor '/home/fvc/ros2_ws/install/safety_shield/share/safety_shield/package.dsv'
[2.838s] INFO:colcon.colcon_core.shell:Creating package script '/home/fvc/ros2_ws/install/safety_shield/share/safety_shield/package.sh'
[2.840s] INFO:colcon.colcon_core.shell:Creating package script '/home/fvc/ros2_ws/install/safety_shield/share/safety_shield/package.bash'
[2.841s] INFO:colcon.colcon_core.shell:Creating package script '/home/fvc/ros2_ws/install/safety_shield/share/safety_shield/package.zsh'
[2.844s] Level 1:colcon.colcon_core.environment:create_file_with_runtime_dependencies(/home/fvc/ros2_ws/install/safety_shield/share/colcon-core/packages/safety_shield)
[3.048s] DEBUG:colcon.colcon_core.event_handler.log_command:Invoked command in '/home/fvc/ros2_ws/build/local_mapper' returned '0': CMAKE_PREFIX_PATH=/opt/ros/humble /usr/bin/cmake --build /home/fvc/ros2_ws/build/local_mapper -- -j2 -l2
[3.050s] DEBUG:colcon.colcon_core.event_handler.log_command:Invoking command in '/home/fvc/ros2_ws/build/local_mapper': CMAKE_PREFIX_PATH=/opt/ros/humble /usr/bin/cmake --install /home/fvc/ros2_ws/build/local_mapper
[3.414s] Level 1:colcon.colcon_core.environment:create_environment_scripts_only(local_mapper)
[3.415s] Level 1:colcon.colcon_core.environment:checking '/home/fvc/ros2_ws/install/local_mapper' for CMake module files
[3.416s] DEBUG:colcon.colcon_core.event_handler.log_command:Invoked command in '/home/fvc/ros2_ws/build/local_mapper' returned '0': CMAKE_PREFIX_PATH=/opt/ros/humble /usr/bin/cmake --install /home/fvc/ros2_ws/build/local_mapper
[3.417s] Level 1:colcon.colcon_core.environment:checking '/home/fvc/ros2_ws/install/local_mapper' for CMake config files
[3.418s] Level 1:colcon.colcon_core.shell:create_environment_hook('local_mapper', 'cmake_prefix_path')
[3.418s] INFO:colcon.colcon_core.shell:Creating environment hook '/home/fvc/ros2_ws/install/local_mapper/share/local_mapper/hook/cmake_prefix_path.ps1'
[3.420s] INFO:colcon.colcon_core.shell:Creating environment descriptor '/home/fvc/ros2_ws/install/local_mapper/share/local_mapper/hook/cmake_prefix_path.dsv'
[3.420s] INFO:colcon.colcon_core.shell:Creating environment hook '/home/fvc/ros2_ws/install/local_mapper/share/local_mapper/hook/cmake_prefix_path.sh'
[3.421s] Level 1:colcon.colcon_core.environment:checking '/home/fvc/ros2_ws/install/local_mapper/lib'
[3.422s] Level 1:colcon.colcon_core.environment:checking '/home/fvc/ros2_ws/install/local_mapper/bin'
[3.422s] Level 1:colcon.colcon_core.environment:checking '/home/fvc/ros2_ws/install/local_mapper/lib/pkgconfig/local_mapper.pc'
[3.422s] Level 1:colcon.colcon_core.environment:checking '/home/fvc/ros2_ws/install/local_mapper/lib/python3.10/site-packages'
[3.422s] Level 1:colcon.colcon_core.environment:checking '/home/fvc/ros2_ws/install/local_mapper/bin'
[3.422s] INFO:colcon.colcon_core.shell:Creating package script '/home/fvc/ros2_ws/install/local_mapper/share/local_mapper/package.ps1'
[3.423s] INFO:colcon.colcon_core.shell:Creating package descriptor '/home/fvc/ros2_ws/install/local_mapper/share/local_mapper/package.dsv'
[3.424s] INFO:colcon.colcon_core.shell:Creating package script '/home/fvc/ros2_ws/install/local_mapper/share/local_mapper/package.sh'
[3.424s] INFO:colcon.colcon_core.shell:Creating package script '/home/fvc/ros2_ws/install/local_mapper/share/local_mapper/package.bash'
[3.425s] INFO:colcon.colcon_core.shell:Creating package script '/home/fvc/ros2_ws/install/local_mapper/share/local_mapper/package.zsh'
[3.425s] Level 1:colcon.colcon_core.environment:create_file_with_runtime_dependencies(/home/fvc/ros2_ws/install/local_mapper/share/colcon-core/packages/local_mapper)
[3.427s] Level 1:colcon.colcon_core.environment:create_environment_scripts_only(local_mapper)
[3.427s] Level 1:colcon.colcon_core.environment:checking '/home/fvc/ros2_ws/install/local_mapper' for CMake module files
[3.428s] Level 1:colcon.colcon_core.environment:checking '/home/fvc/ros2_ws/install/local_mapper' for CMake config files
[3.428s] Level 1:colcon.colcon_core.shell:create_environment_hook('local_mapper', 'cmake_prefix_path')
[3.429s] INFO:colcon.colcon_core.shell:Creating environment hook '/home/fvc/ros2_ws/install/local_mapper/share/local_mapper/hook/cmake_prefix_path.ps1'
[3.430s] INFO:colcon.colcon_core.shell:Creating environment descriptor '/home/fvc/ros2_ws/install/local_mapper/share/local_mapper/hook/cmake_prefix_path.dsv'
[3.430s] INFO:colcon.colcon_core.shell:Creating environment hook '/home/fvc/ros2_ws/install/local_mapper/share/local_mapper/hook/cmake_prefix_path.sh'
[3.431s] Level 1:colcon.colcon_core.environment:checking '/home/fvc/ros2_ws/install/local_mapper/lib'
[3.431s] Level 1:colcon.colcon_core.environment:checking '/home/fvc/ros2_ws/install/local_mapper/bin'
[3.431s] Level 1:colcon.colcon_core.environment:checking '/home/fvc/ros2_ws/install/local_mapper/lib/pkgconfig/local_mapper.pc'
[3.431s] Level 1:colcon.colcon_core.environment:checking '/home/fvc/ros2_ws/install/local_mapper/lib/python3.10/site-packages'
[3.432s] Level 1:colcon.colcon_core.environment:checking '/home/fvc/ros2_ws/install/local_mapper/bin'
[3.432s] INFO:colcon.colcon_core.shell:Creating package script '/home/fvc/ros2_ws/install/local_mapper/share/local_mapper/package.ps1'
[3.433s] INFO:colcon.colcon_core.shell:Creating package descriptor '/home/fvc/ros2_ws/install/local_mapper/share/local_mapper/package.dsv'
[3.437s] INFO:colcon.colcon_core.shell:Creating package script '/home/fvc/ros2_ws/install/local_mapper/share/local_mapper/package.sh'
[3.439s] INFO:colcon.colcon_core.shell:Creating package script '/home/fvc/ros2_ws/install/local_mapper/share/local_mapper/package.bash'
[3.439s] INFO:colcon.colcon_core.shell:Creating package script '/home/fvc/ros2_ws/install/local_mapper/share/local_mapper/package.zsh'
[3.440s] Level 1:colcon.colcon_core.environment:create_file_with_runtime_dependencies(/home/fvc/ros2_ws/install/local_mapper/share/colcon-core/packages/local_mapper)
[3.441s] DEBUG:colcon.colcon_parallel_executor.executor.parallel:closing loop
[3.442s] DEBUG:colcon.colcon_parallel_executor.executor.parallel:loop closed
[3.442s] DEBUG:colcon.colcon_parallel_executor.executor.parallel:run_until_complete finished with '0'
[3.442s] DEBUG:colcon.colcon_core.event_reactor:joining thread
[3.455s] INFO:colcon.colcon_core.plugin_system:Skipping extension 'colcon_notification.desktop_notification.terminal_notifier': Not used on non-Darwin systems
[3.459s] INFO:colcon.colcon_core.plugin_system:Skipping extension 'colcon_notification.desktop_notification.win32': Not used on non-Windows systems
[3.459s] INFO:colcon.colcon_notification.desktop_notification:Sending desktop notification using 'notify2'
[3.482s] DEBUG:colcon.colcon_core.event_reactor:joined thread
[3.483s] INFO:colcon.colcon_core.shell:Creating prefix script '/home/fvc/ros2_ws/install/local_setup.ps1'
[3.486s] INFO:colcon.colcon_core.shell:Creating prefix util module '/home/fvc/ros2_ws/install/_local_setup_util_ps1.py'
[3.488s] INFO:colcon.colcon_core.shell:Creating prefix chain script '/home/fvc/ros2_ws/install/setup.ps1'
[3.491s] INFO:colcon.colcon_core.shell:Creating prefix script '/home/fvc/ros2_ws/install/local_setup.sh'
[3.493s] INFO:colcon.colcon_core.shell:Creating prefix util module '/home/fvc/ros2_ws/install/_local_setup_util_sh.py'
[3.498s] INFO:colcon.colcon_core.shell:Creating prefix chain script '/home/fvc/ros2_ws/install/setup.sh'
[3.499s] INFO:colcon.colcon_core.shell:Creating prefix script '/home/fvc/ros2_ws/install/local_setup.bash'
[3.500s] INFO:colcon.colcon_core.shell:Creating prefix chain script '/home/fvc/ros2_ws/install/setup.bash'
[3.504s] INFO:colcon.colcon_core.shell:Creating prefix script '/home/fvc/ros2_ws/install/local_setup.zsh'
[3.506s] INFO:colcon.colcon_core.shell:Creating prefix chain script '/home/fvc/ros2_ws/install/setup.zsh'
