[35m[1mConsolidate compiler generated dependencies of target safety_shield_node[0m
[100%] Built target safety_shield_node
-- Install configuration: ""
-- Up-to-date: /home/fvc/ros2_ws/install/safety_shield/lib/safety_shield/safety_shield_node
-- Installing: /home/fvc/ros2_ws/install/safety_shield/share/safety_shield/launch
-- Up-to-date: /home/fvc/ros2_ws/install/safety_shield/share/ament_index/resource_index/package_run_dependencies/safety_shield
-- Installing: /home/fvc/ros2_ws/install/safety_shield/share/ament_index/resource_index/parent_prefix_path/safety_shield
-- Up-to-date: /home/fvc/ros2_ws/install/safety_shield/share/safety_shield/environment/ament_prefix_path.sh
-- Installing: /home/fvc/ros2_ws/install/safety_shield/share/safety_shield/environment/ament_prefix_path.dsv
-- Up-to-date: /home/fvc/ros2_ws/install/safety_shield/share/safety_shield/environment/path.sh
-- Installing: /home/fvc/ros2_ws/install/safety_shield/share/safety_shield/environment/path.dsv
-- Up-to-date: /home/fvc/ros2_ws/install/safety_shield/share/safety_shield/local_setup.bash
-- Up-to-date: /home/fvc/ros2_ws/install/safety_shield/share/safety_shield/local_setup.sh
-- Up-to-date: /home/fvc/ros2_ws/install/safety_shield/share/safety_shield/local_setup.zsh
-- Installing: /home/fvc/ros2_ws/install/safety_shield/share/safety_shield/local_setup.dsv
-- Installing: /home/fvc/ros2_ws/install/safety_shield/share/safety_shield/package.dsv
-- Up-to-date: /home/fvc/ros2_ws/install/safety_shield/share/ament_index/resource_index/packages/safety_shield
-- Up-to-date: /home/fvc/ros2_ws/install/safety_shield/share/safety_shield/cmake/safety_shieldConfig.cmake
-- Up-to-date: /home/fvc/ros2_ws/install/safety_shield/share/safety_shield/cmake/safety_shieldConfig-version.cmake
-- Up-to-date: /home/fvc/ros2_ws/install/safety_shield/share/safety_shield/package.xml
