[0.042s] Invoking command in '/home/fvc/ros2_ws/build/safety_shield': CMAKE_PREFIX_PATH=${CMAKE_PREFIX_PATH}:/opt/ros/humble /usr/bin/cmake --build /home/fvc/ros2_ws/build/safety_shield -- -j2 -l2
[0.214s] [35m[1mConsolidate compiler generated dependencies of target safety_shield_node[0m
[0.289s] [100%] Built target safety_shield_node
[0.345s] Invoked command in '/home/fvc/ros2_ws/build/safety_shield' returned '0': CMAKE_PREFIX_PATH=${CMAKE_PREFIX_PATH}:/opt/ros/humble /usr/bin/cmake --build /home/fvc/ros2_ws/build/safety_shield -- -j2 -l2
[0.351s] Invoking command in '/home/fvc/ros2_ws/build/safety_shield': CMAKE_PREFIX_PATH=${CMAKE_PREFIX_PATH}:/opt/ros/humble /usr/bin/cmake --install /home/fvc/ros2_ws/build/safety_shield
[0.374s] -- Install configuration: ""
[0.374s] -- Up-to-date: /home/fvc/ros2_ws/install/safety_shield/lib/safety_shield/safety_shield_node
[0.381s] -- Installing: /home/fvc/ros2_ws/install/safety_shield/share/safety_shield/launch
[0.381s] -- Up-to-date: /home/fvc/ros2_ws/install/safety_shield/share/ament_index/resource_index/package_run_dependencies/safety_shield
[0.381s] -- Installing: /home/fvc/ros2_ws/install/safety_shield/share/ament_index/resource_index/parent_prefix_path/safety_shield
[0.383s] -- Up-to-date: /home/fvc/ros2_ws/install/safety_shield/share/safety_shield/environment/ament_prefix_path.sh
[0.384s] -- Installing: /home/fvc/ros2_ws/install/safety_shield/share/safety_shield/environment/ament_prefix_path.dsv
[0.384s] -- Up-to-date: /home/fvc/ros2_ws/install/safety_shield/share/safety_shield/environment/path.sh
[0.384s] -- Installing: /home/fvc/ros2_ws/install/safety_shield/share/safety_shield/environment/path.dsv
[0.384s] -- Up-to-date: /home/fvc/ros2_ws/install/safety_shield/share/safety_shield/local_setup.bash
[0.387s] -- Up-to-date: /home/fvc/ros2_ws/install/safety_shield/share/safety_shield/local_setup.sh
[0.387s] -- Up-to-date: /home/fvc/ros2_ws/install/safety_shield/share/safety_shield/local_setup.zsh
[0.388s] -- Installing: /home/fvc/ros2_ws/install/safety_shield/share/safety_shield/local_setup.dsv
[0.388s] -- Installing: /home/fvc/ros2_ws/install/safety_shield/share/safety_shield/package.dsv
[0.390s] -- Up-to-date: /home/fvc/ros2_ws/install/safety_shield/share/ament_index/resource_index/packages/safety_shield
[0.390s] -- Up-to-date: /home/fvc/ros2_ws/install/safety_shield/share/safety_shield/cmake/safety_shieldConfig.cmake
[0.390s] -- Up-to-date: /home/fvc/ros2_ws/install/safety_shield/share/safety_shield/cmake/safety_shieldConfig-version.cmake
[0.390s] -- Up-to-date: /home/fvc/ros2_ws/install/safety_shield/share/safety_shield/package.xml
[0.417s] Invoked command in '/home/fvc/ros2_ws/build/safety_shield' returned '0': CMAKE_PREFIX_PATH=${CMAKE_PREFIX_PATH}:/opt/ros/humble /usr/bin/cmake --install /home/fvc/ros2_ws/build/safety_shield
