[0.024s] Invoking command in '/home/fvc/ros2_ws/build/local_mapper': CMAKE_PREFIX_PATH=/opt/ros/humble /usr/bin/cmake /home/fvc/ros2_ws/src/local_mapper/src/local_mapper -DCMAKE_INSTALL_PREFIX=/home/fvc/ros2_ws/install/local_mapper
[0.043s] -- Found ament_cmake: 1.3.12 (/opt/ros/humble/share/ament_cmake/cmake)
[0.174s] -- Override CMake install command with custom implementation using symlinks instead of copying resources
[0.180s] -- Found rclcpp: 16.0.14 (/opt/ros/humble/share/rclcpp/cmake)
[0.206s] -- Found rosidl_generator_c: 3.1.7 (/opt/ros/humble/share/rosidl_generator_c/cmake)
[0.209s] -- Found rosidl_adapter: 3.1.7 (/opt/ros/humble/share/rosidl_adapter/cmake)
[0.222s] -- Found rosidl_generator_cpp: 3.1.7 (/opt/ros/humble/share/rosidl_generator_cpp/cmake)
[0.225s] -- Using all available rosidl_typesupport_c: rosidl_typesupport_fastrtps_c;rosidl_typesupport_introspection_c
[0.234s] -- Using all available rosidl_typesupport_cpp: rosidl_typesupport_fastrtps_cpp;rosidl_typesupport_introspection_cpp
[0.265s] -- Found rmw_implementation_cmake: 6.1.2 (/opt/ros/humble/share/rmw_implementation_cmake/cmake)
[0.266s] -- Found rmw_fastrtps_cpp: 6.2.8 (/opt/ros/humble/share/rmw_fastrtps_cpp/cmake)
[0.376s] -- Using RMW implementation 'rmw_fastrtps_cpp' as default
[0.421s] -- Found nav_msgs: 4.9.0 (/opt/ros/humble/share/nav_msgs/cmake)
[0.451s] -- Found sensor_msgs: 4.9.0 (/opt/ros/humble/share/sensor_msgs/cmake)
[0.467s] -- Found tf2: 0.25.16 (/opt/ros/humble/share/tf2/cmake)
[0.471s] -- Found tf2_ros: 0.25.16 (/opt/ros/humble/share/tf2_ros/cmake)
[0.547s] -- Found ament_lint_auto: 0.12.14 (/opt/ros/humble/share/ament_lint_auto/cmake)
[0.616s] -- Added test 'cppcheck' to perform static code analysis on C / C++ code
[0.616s] -- Configured cppcheck include dirs: /home/fvc/ros2_ws/src/local_mapper/src/local_mapper/include
[0.616s] -- Configured cppcheck exclude dirs and/or files: 
[0.618s] -- Added test 'flake8' to check Python code syntax and style conventions
[0.618s] -- Added test 'lint_cmake' to check CMake code style
[0.618s] -- Added test 'pep257' to check Python code against some of the docstring style conventions in PEP 257
[0.618s] -- Added test 'uncrustify' to check C / C++ code style
[0.618s] -- Configured uncrustify additional arguments: 
[0.618s] -- Added test 'xmllint' to check XML markup files
[0.619s] -- Configuring done
[0.635s] -- Generating done
[0.643s] -- Build files have been written to: /home/fvc/ros2_ws/build/local_mapper
[0.658s] Invoked command in '/home/fvc/ros2_ws/build/local_mapper' returned '0': CMAKE_PREFIX_PATH=/opt/ros/humble /usr/bin/cmake /home/fvc/ros2_ws/src/local_mapper/src/local_mapper -DCMAKE_INSTALL_PREFIX=/home/fvc/ros2_ws/install/local_mapper
[0.668s] Invoking command in '/home/fvc/ros2_ws/build/local_mapper': CMAKE_PREFIX_PATH=/opt/ros/humble /usr/bin/cmake --build /home/fvc/ros2_ws/build/local_mapper -- -j2 -l2
[0.718s] [35m[1mConsolidate compiler generated dependencies of target local_mapper_node[0m
[0.745s] [100%] Built target local_mapper_node
[0.765s] Invoked command in '/home/fvc/ros2_ws/build/local_mapper' returned '0': CMAKE_PREFIX_PATH=/opt/ros/humble /usr/bin/cmake --build /home/fvc/ros2_ws/build/local_mapper -- -j2 -l2
[0.779s] Invoking command in '/home/fvc/ros2_ws/build/local_mapper': CMAKE_PREFIX_PATH=/opt/ros/humble /usr/bin/cmake --install /home/fvc/ros2_ws/build/local_mapper
[0.788s] -- Install configuration: ""
[0.789s] -- Execute custom install script
[0.790s] -- Up-to-date symlink: /home/fvc/ros2_ws/install/local_mapper/lib/local_mapper/local_mapper_node
[0.791s] -- Up-to-date symlink: /home/fvc/ros2_ws/install/local_mapper/share/local_mapper//launch/demo.launch.py
[0.791s] -- Up-to-date symlink: /home/fvc/ros2_ws/install/local_mapper/share/ament_index/resource_index/package_run_dependencies/local_mapper
[0.792s] -- Up-to-date symlink: /home/fvc/ros2_ws/install/local_mapper/share/ament_index/resource_index/parent_prefix_path/local_mapper
[0.792s] -- Up-to-date symlink: /home/fvc/ros2_ws/install/local_mapper/share/local_mapper/environment/ament_prefix_path.sh
[0.793s] -- Up-to-date symlink: /home/fvc/ros2_ws/install/local_mapper/share/local_mapper/environment/ament_prefix_path.dsv
[0.793s] -- Up-to-date symlink: /home/fvc/ros2_ws/install/local_mapper/share/local_mapper/environment/path.sh
[0.794s] -- Up-to-date symlink: /home/fvc/ros2_ws/install/local_mapper/share/local_mapper/environment/path.dsv
[0.794s] -- Up-to-date symlink: /home/fvc/ros2_ws/install/local_mapper/share/local_mapper/local_setup.bash
[0.795s] -- Up-to-date symlink: /home/fvc/ros2_ws/install/local_mapper/share/local_mapper/local_setup.sh
[0.795s] -- Up-to-date symlink: /home/fvc/ros2_ws/install/local_mapper/share/local_mapper/local_setup.zsh
[0.796s] -- Up-to-date symlink: /home/fvc/ros2_ws/install/local_mapper/share/local_mapper/local_setup.dsv
[0.796s] -- Symlinking: /home/fvc/ros2_ws/install/local_mapper/share/local_mapper/package.dsv
[0.808s] -- Up-to-date symlink: /home/fvc/ros2_ws/install/local_mapper/share/ament_index/resource_index/packages/local_mapper
[0.808s] -- Up-to-date symlink: /home/fvc/ros2_ws/install/local_mapper/share/local_mapper/cmake/ament_cmake_export_include_directories-extras.cmake
[0.809s] -- Up-to-date symlink: /home/fvc/ros2_ws/install/local_mapper/share/local_mapper/cmake/local_mapperConfig.cmake
[0.809s] -- Up-to-date symlink: /home/fvc/ros2_ws/install/local_mapper/share/local_mapper/cmake/local_mapperConfig-version.cmake
[0.810s] -- Up-to-date symlink: /home/fvc/ros2_ws/install/local_mapper/share/local_mapper/package.xml
[0.813s] Invoked command in '/home/fvc/ros2_ws/build/local_mapper' returned '0': CMAKE_PREFIX_PATH=/opt/ros/humble /usr/bin/cmake --install /home/fvc/ros2_ws/build/local_mapper
