[0.014s] Invoking command in '/home/fvc/ros2_ws/build/local_mapper': CMAKE_PREFIX_PATH=/opt/ros/humble /usr/bin/cmake --build /home/fvc/ros2_ws/build/local_mapper -- -j2 -l2
[0.084s] [35m[1mConsolidate compiler generated dependencies of target local_mapper_node[0m
[0.110s] [ 50%] [32mBuilding CXX object CMakeFiles/local_mapper_node.dir/src/local_mapper.cpp.o[0m
[3.064s] [01m[K/home/fvc/ros2_ws/src/local_mapper/src/local_mapper/src/local_mapper.cpp:[m[K In member function ‘[01m[Kvoid LocalMapper::rasterizeScan_(const LaserScan&)[m[K’:
[3.064s] [01m[K/home/fvc/ros2_ws/src/local_mapper/src/local_mapper/src/local_mapper.cpp:54:58:[m[K [01;35m[Kwarning: [m[Kunused parameter ‘[01m[Kscan[m[K’ [[01;35m[K]8;;https://gcc.gnu.org/onlinedocs/gcc/Warning-Options.html#index-Wunused-parameter-Wunused-parameter]8;;[m[K]
[3.064s]    54 |   void rasterizeScan_([01;35m[Kconst sensor_msgs::msg::LaserScan& scan[m[K) {
[3.064s]       |                       [01;35m[K~~~~~~~~~~~~~~~~~~~~~~~~~~~~~~~~~~~^~~~[m[K
[9.708s] [100%] [32m[1mLinking CXX executable local_mapper_node[0m
[10.210s] [100%] Built target local_mapper_node
[10.229s] Invoked command in '/home/fvc/ros2_ws/build/local_mapper' returned '0': CMAKE_PREFIX_PATH=/opt/ros/humble /usr/bin/cmake --build /home/fvc/ros2_ws/build/local_mapper -- -j2 -l2
[10.249s] Invoking command in '/home/fvc/ros2_ws/build/local_mapper': CMAKE_PREFIX_PATH=/opt/ros/humble /usr/bin/cmake --install /home/fvc/ros2_ws/build/local_mapper
[10.260s] -- Install configuration: ""
[10.261s] -- Execute custom install script
[10.263s] -- Up-to-date symlink: /home/fvc/ros2_ws/install/local_mapper/lib/local_mapper/local_mapper_node
[10.263s] [31mCMake Error at ament_cmake_symlink_install/ament_cmake_symlink_install.cmake:100 (message):
[10.263s]   ament_cmake_symlink_install_directory() can't find
[10.264s]   '/home/fvc/ros2_ws/src/local_mapper/src/local_mapper/launch'
[10.264s] Call Stack (most recent call first):
[10.264s]   ament_cmake_symlink_install/ament_cmake_symlink_install.cmake:317 (ament_cmake_symlink_install_directory)
[10.264s]   cmake_install.cmake:46 (include)
[10.264s] 
[10.264s] [0m
[10.273s] Invoked command in '/home/fvc/ros2_ws/build/local_mapper' returned '1': CMAKE_PREFIX_PATH=/opt/ros/humble /usr/bin/cmake --install /home/fvc/ros2_ws/build/local_mapper
