[0.040s] Invoking command in '/home/fvc/ros2_ws/build/local_mapper': CMAKE_PREFIX_PATH=${CMAKE_PREFIX_PATH}:/opt/ros/humble /usr/bin/cmake --build /home/fvc/ros2_ws/build/local_mapper -- -j2 -l2
[0.190s] [100%] Built target local_mapper_node
[0.215s] Invoked command in '/home/fvc/ros2_ws/build/local_mapper' returned '0': CMAKE_PREFIX_PATH=${CMAKE_PREFIX_PATH}:/opt/ros/humble /usr/bin/cmake --build /home/fvc/ros2_ws/build/local_mapper -- -j2 -l2
[0.249s] Invoking command in '/home/fvc/ros2_ws/build/local_mapper': CMAKE_PREFIX_PATH=${CMAKE_PREFIX_PATH}:/opt/ros/humble /usr/bin/cmake --install /home/fvc/ros2_ws/build/local_mapper
[0.295s] -- Install configuration: ""
[0.295s] -- Execute custom install script
[0.296s] -- Up-to-date symlink: /home/fvc/ros2_ws/install/local_mapper/lib/local_mapper/local_mapper_node
[0.298s] -- Up-to-date symlink: /home/fvc/ros2_ws/install/local_mapper/share/local_mapper//launch/demo.launch.py
[0.298s] -- Up-to-date symlink: /home/fvc/ros2_ws/install/local_mapper/share/ament_index/resource_index/package_run_dependencies/local_mapper
[0.301s] -- Up-to-date symlink: /home/fvc/ros2_ws/install/local_mapper/share/ament_index/resource_index/parent_prefix_path/local_mapper
[0.302s] -- Up-to-date symlink: /home/fvc/ros2_ws/install/local_mapper/share/local_mapper/environment/ament_prefix_path.sh
[0.302s] -- Up-to-date symlink: /home/fvc/ros2_ws/install/local_mapper/share/local_mapper/environment/ament_prefix_path.dsv
[0.302s] -- Up-to-date symlink: /home/fvc/ros2_ws/install/local_mapper/share/local_mapper/environment/path.sh
[0.302s] -- Up-to-date symlink: /home/fvc/ros2_ws/install/local_mapper/share/local_mapper/environment/path.dsv
[0.302s] -- Up-to-date symlink: /home/fvc/ros2_ws/install/local_mapper/share/local_mapper/local_setup.bash
[0.302s] -- Up-to-date symlink: /home/fvc/ros2_ws/install/local_mapper/share/local_mapper/local_setup.sh
[0.303s] -- Up-to-date symlink: /home/fvc/ros2_ws/install/local_mapper/share/local_mapper/local_setup.zsh
[0.303s] -- Up-to-date symlink: /home/fvc/ros2_ws/install/local_mapper/share/local_mapper/local_setup.dsv
[0.303s] -- Symlinking: /home/fvc/ros2_ws/install/local_mapper/share/local_mapper/package.dsv
[0.346s] -- Up-to-date symlink: /home/fvc/ros2_ws/install/local_mapper/share/ament_index/resource_index/packages/local_mapper
[0.357s] -- Up-to-date symlink: /home/fvc/ros2_ws/install/local_mapper/share/local_mapper/cmake/local_mapperConfig.cmake
[0.357s] -- Up-to-date symlink: /home/fvc/ros2_ws/install/local_mapper/share/local_mapper/cmake/local_mapperConfig-version.cmake
[0.357s] -- Up-to-date symlink: /home/fvc/ros2_ws/install/local_mapper/share/local_mapper/package.xml
[0.360s] Invoked command in '/home/fvc/ros2_ws/build/local_mapper' returned '0': CMAKE_PREFIX_PATH=${CMAKE_PREFIX_PATH}:/opt/ros/humble /usr/bin/cmake --install /home/fvc/ros2_ws/build/local_mapper
