[0.029s] Invoking command in '/home/fvc/ros2_ws/build/local_mapper': CMAKE_PREFIX_PATH=${CMAKE_PREFIX_PATH}:/opt/ros/humble /usr/bin/cmake --build /home/fvc/ros2_ws/build/local_mapper -- -j2 -l2
[0.200s] [100%] Built target local_mapper_node
[0.265s] Invoked command in '/home/fvc/ros2_ws/build/local_mapper' returned '0': CMAKE_PREFIX_PATH=${CMAKE_PREFIX_PATH}:/opt/ros/humble /usr/bin/cmake --build /home/fvc/ros2_ws/build/local_mapper -- -j2 -l2
[0.299s] Invoking command in '/home/fvc/ros2_ws/build/local_mapper': CMAKE_PREFIX_PATH=${CMAKE_PREFIX_PATH}:/opt/ros/humble /usr/bin/cmake --install /home/fvc/ros2_ws/build/local_mapper
[0.347s] -- Install configuration: ""
[0.354s] -- Execute custom install script
[0.354s] -- Up-to-date symlink: /home/fvc/ros2_ws/install/local_mapper/lib/local_mapper/local_mapper_node
[0.354s] -- Up-to-date symlink: /home/fvc/ros2_ws/install/local_mapper/share/local_mapper//launch/demo.launch.py
[0.354s] -- Up-to-date symlink: /home/fvc/ros2_ws/install/local_mapper/share/ament_index/resource_index/package_run_dependencies/local_mapper
[0.354s] -- Up-to-date symlink: /home/fvc/ros2_ws/install/local_mapper/share/ament_index/resource_index/parent_prefix_path/local_mapper
[0.354s] -- Up-to-date symlink: /home/fvc/ros2_ws/install/local_mapper/share/local_mapper/environment/ament_prefix_path.sh
[0.354s] -- Up-to-date symlink: /home/fvc/ros2_ws/install/local_mapper/share/local_mapper/environment/ament_prefix_path.dsv
[0.355s] -- Up-to-date symlink: /home/fvc/ros2_ws/install/local_mapper/share/local_mapper/environment/path.sh
[0.355s] -- Up-to-date symlink: /home/fvc/ros2_ws/install/local_mapper/share/local_mapper/environment/path.dsv
[0.360s] -- Up-to-date symlink: /home/fvc/ros2_ws/install/local_mapper/share/local_mapper/local_setup.bash
[0.360s] -- Up-to-date symlink: /home/fvc/ros2_ws/install/local_mapper/share/local_mapper/local_setup.sh
[0.363s] -- Up-to-date symlink: /home/fvc/ros2_ws/install/local_mapper/share/local_mapper/local_setup.zsh
[0.363s] -- Up-to-date symlink: /home/fvc/ros2_ws/install/local_mapper/share/local_mapper/local_setup.dsv
[0.363s] -- Symlinking: /home/fvc/ros2_ws/install/local_mapper/share/local_mapper/package.dsv
[0.403s] -- Up-to-date symlink: /home/fvc/ros2_ws/install/local_mapper/share/ament_index/resource_index/packages/local_mapper
[0.405s] -- Up-to-date symlink: /home/fvc/ros2_ws/install/local_mapper/share/local_mapper/cmake/local_mapperConfig.cmake
[0.407s] -- Up-to-date symlink: /home/fvc/ros2_ws/install/local_mapper/share/local_mapper/cmake/local_mapperConfig-version.cmake
[0.407s] -- Up-to-date symlink: /home/fvc/ros2_ws/install/local_mapper/share/local_mapper/package.xml
[0.417s] Invoked command in '/home/fvc/ros2_ws/build/local_mapper' returned '0': CMAKE_PREFIX_PATH=${CMAKE_PREFIX_PATH}:/opt/ros/humble /usr/bin/cmake --install /home/fvc/ros2_ws/build/local_mapper
